300.0 75.0826316494 
300.303030303 74.7075568915 
300.606060606 74.3404553081 
300.909090909 73.9813018514 
301.212121212 73.6300715191 
301.515151515 73.2867393543 
301.818181818 72.9512804455 
302.121212121 72.6236699268 
302.424242424 72.3038829777 
302.727272727 71.9918948236 
303.03030303 71.6876807355 
303.333333333 71.3912160299 
303.636363636 71.1024760695 
303.939393939 70.8214362624 
304.242424242 70.5480720629 
304.545454545 70.2823589711 
304.848484848 70.0242725329 
305.151515152 69.7737883405 
305.454545455 69.5308820319 
305.757575758 69.2955292911 
306.060606061 69.0677058486 
306.363636364 68.8473874807 
306.666666667 68.6345500099 
306.96969697 68.4291693052 
307.272727273 68.2312212814 
307.575757576 68.0406818999 
307.878787879 67.8575271684 
308.181818182 67.6817331407 
308.484848485 67.5132759172 
308.787878788 67.3521316445 
309.090909091 67.1982765158 
309.393939394 67.0516867705 
309.696969697 66.9123386947 
310.0 66.7802086207 
310.303030303 66.6552729276 
310.606060606 66.5375080406 
310.909090909 66.4268904319 
311.212121212 66.3233966199 
311.515151515 66.2270031697 
311.818181818 66.1376866929 
312.121212121 66.0554238478 
312.424242424 65.9801913391 
312.727272727 65.9119659183 
313.03030303 65.8507243835 
313.333333333 65.7964435792 
313.636363636 65.7491003968 
313.939393939 65.7086717743 
314.242424242 65.6751346961 
314.545454545 65.6484661936 
314.848484848 65.6286433446 
315.151515152 65.6156432736 
315.454545455 65.6094431519 
315.757575758 65.6100201972 
316.060606061 65.6173516741 
316.363636364 65.6314148937 
316.666666667 65.6521872139 
316.96969697 65.6796460391 
317.272727273 65.7137688204 
317.575757576 65.7545330555 
317.878787879 65.8019162889 
318.181818182 65.8558961115 
318.484848485 65.9164501609 
318.787878788 65.9835561214 
319.090909091 66.0571917239 
319.393939394 66.1373347457 
319.696969697 66.2239630109 
320.0 66.3170543901 
320.303030303 66.4165868003 
320.606060606 66.5225382054 
320.909090909 66.6348866154 
321.212121212 66.7536100871 
321.515151515 66.8786867237 
321.818181818 67.010094675 
322.121212121 67.1478121371 
322.424242424 67.2918173526 
322.727272727 67.4420886105 
323.03030303 67.5986042463 
323.333333333 67.7613426418 
323.636363636 67.9302822253 
323.939393939 68.1054014712 
324.242424242 68.2866789004 
324.545454545 68.4740930801 
324.848484848 68.6676226237 
325.151515152 68.8672461909 
325.454545455 69.0729424876 
325.757575758 69.2846902659 
326.060606061 69.502468324 
326.363636364 69.7262555065 
326.666666667 69.9560307037 
326.96969697 70.1917728524 
327.272727273 70.4334609353 
327.575757576 70.6810739809 
327.878787879 70.9345910641 
328.181818182 71.1939913055 
328.484848485 71.4592538717 
328.787878788 71.7303579752 
329.090909091 72.0072828744 
329.393939394 72.2900078735 
329.696969697 72.5785123225 
330.0 72.8727756173 
