345.0 27.3129370716 
345.303030303 26.7330026638 
345.606060606 26.1625848383 
345.909090909 25.6017039401 
346.212121212 25.0503803092 
346.515151515 24.5086342801 
346.818181818 23.976486182 
347.121212121 23.4539563385 
347.424242424 22.9410650681 
347.727272727 22.4378326835 
348.03030303 21.9442794921 
348.333333333 21.4604257955 
348.636363636 20.9862918899 
348.939393939 20.5218980658 
349.242424242 20.067264608 
349.545454545 19.6224117954 
349.848484848 19.1873599014 
350.151515152 18.7621291933 
350.454545455 18.3467399329 
350.757575758 17.9412123757 
351.060606061 17.5455667714 
351.363636364 17.159823364 
351.666666667 16.7840023909 
351.96969697 16.4181240841 
352.272727273 16.0622086689 
352.575757576 15.7162763647 
352.878787879 15.3803473849 
353.181818182 15.0544419364 
353.484848485 14.7385802198 
353.787878788 14.4327824296 
354.090909091 14.1370687538 
354.393939394 13.8514593741 
354.696969697 13.5759744656 
355.0 13.3106341971 
355.303030303 13.0554587308 
355.606060606 12.8104682223 
355.909090909 12.5756828206 
356.212121212 12.3511226683 
356.515151515 12.1368079009 
356.818181818 11.9327586475 
357.121212121 11.7389950303 
357.424242424 11.5555371647 
357.727272727 11.3824051594 
358.03030303 11.219619116 
358.333333333 11.0671991292 
358.636363636 10.925165287 
358.939393939 10.79353767 
359.242424242 10.672336352 
359.545454545 10.5615813997 
359.848484848 10.4612928726 
360.151515152 10.371490823 
360.454545455 10.2921952962 
360.757575758 10.2234263299 
361.060606061 10.1652039548 
361.363636364 10.1175481943 
361.666666667 10.080479064 
361.96969697 10.0540165727 
362.272727273 10.0381807213 
362.575757576 10.0329915033 
362.878787879 10.0384689049 
363.181818182 10.0546329043 
363.484848485 10.0815034726 
363.787878788 10.1191005728 
364.090909091 10.1674441604 
364.393939394 10.2265541833 
364.696969697 10.2964505813 
365.0 10.3771532868 
365.303030303 10.4686822239 
365.606060606 10.5710573093 
365.909090909 10.6842984513 
366.212121212 10.8084255505 
366.515151515 10.9434584994 
366.818181818 11.0894171826 
367.121212121 11.2463214765 
367.424242424 11.4141912492 
367.727272727 11.5930463609 
368.03030303 11.7829066636 
368.333333333 11.9837920007 
368.636363636 12.1957222078 
368.939393939 12.4187171119 
369.242424242 12.6527965316 
369.545454545 12.8979802772 
369.848484848 13.1542881505 
370.151515152 13.4217399449 
370.454545455 13.7003554453 
370.757575758 13.9901544278 
371.060606061 14.2911566603 
371.363636364 14.6033819016 
371.666666667 14.9268499022 
371.96969697 15.2615804037 
372.272727273 15.607593139 
372.575757576 15.9649078322 
372.878787879 16.3335441985 
373.181818182 16.7135219445 
373.484848485 17.1048607674 
373.787878788 17.507580356 
374.090909091 17.9217003897 
374.393939394 18.3472405391 
374.696969697 18.7842204655 
375.0 19.2326598215 
