335.0 220.739884099 
335.151515152 217.732471015 
335.303030303 214.794259792 
335.454545455 211.925216011 
335.606060606 209.125305247 
335.757575758 206.394493066 
335.909090909 203.732745029 
336.060606061 201.14002669 
336.212121212 198.616303597 
336.363636364 196.161541291 
336.515151515 193.775705307 
336.666666667 191.458761171 
336.818181818 189.210674407 
336.96969697 187.03141053 
337.121212121 184.920935049 
337.272727273 182.879213467 
337.424242424 180.90621128 
337.575757576 179.00189398 
337.727272727 177.16622705 
337.878787879 175.39917597 
338.03030303 173.700706211 
338.181818182 172.07078324 
338.333333333 170.509372517 
338.484848485 169.016439496 
338.636363636 167.591949627 
338.787878788 166.235868353 
338.939393939 164.94816111 
339.090909091 163.728793329 
339.242424242 162.577730437 
339.393939394 161.494937852 
339.545454545 160.480380991 
339.696969697 159.534025261 
339.848484848 158.655836065 
340.0 157.845778802 
340.151515152 157.103818864 
340.303030303 156.429921637 
340.454545455 155.824052503 
340.606060606 155.286176839 
340.757575758 154.816260015 
340.909090909 154.414267398 
341.060606061 154.080164347 
341.212121212 153.813916218 
341.363636364 153.615488361 
341.515151515 153.484846121 
341.666666667 153.421954839 
341.818181818 153.42677985 
341.96969697 153.499286483 
342.121212121 153.639440064 
342.272727273 153.847205914 
342.424242424 154.122549348 
342.575757576 154.465435676 
342.727272727 154.875830205 
342.878787879 155.353698236 
343.03030303 155.899005065 
343.181818182 156.511715985 
343.333333333 157.191796283 
343.484848485 157.939211241 
343.636363636 158.753926139 
343.787878788 159.635906249 
343.939393939 160.585116842 
344.090909091 161.601523182 
344.242424242 162.68509053 
344.393939394 163.835784142 
344.545454545 165.053569271 
344.696969697 166.338411163 
344.848484848 167.690275064 
345.0 169.109126211 
345.151515152 170.594929841 
345.303030303 172.147651185 
345.454545455 173.76725547 
345.606060606 175.453707919 
345.757575758 177.206973752 
345.909090909 179.027018183 
346.060606061 180.913806425 
346.212121212 182.867303684 
346.363636364 184.887475165 
346.515151515 186.974286068 
346.666666667 189.127701589 
346.818181818 191.34768692 
346.96969697 193.634207251 
347.121212121 195.987227766 
347.272727273 198.406713649 
347.424242424 200.892630075 
347.575757576 203.444942221 
347.727272727 206.063615258 
347.878787879 208.748614354 
348.03030303 211.499904672 
348.181818182 214.317451374 
348.333333333 217.201219618 
348.484848485 220.151174558 
348.636363636 223.167281346 
348.787878788 226.249505129 
348.939393939 229.397811052 
349.090909091 232.612164258 
349.242424242 235.892529885 
349.393939394 239.238873068 
349.545454545 242.65115894 
349.696969697 246.129352631 
349.848484848 249.673419267 
350.0 253.283323973 
