325.0 93.777507922 
325.303030303 90.6896647362 
325.606060606 87.6615224611 
325.909090909 84.6931203985 
326.212121212 81.7844975406 
326.515151515 78.9356925703 
326.818181818 76.1467438613 
327.121212121 73.4176894786 
327.424242424 70.7485671787 
327.727272727 68.1394144098 
328.03030303 65.590268312 
328.333333333 63.101165718 
328.636363636 60.6721431526 
328.939393939 58.303236834 
329.242424242 55.9944826731 
329.545454545 53.7459162745 
329.848484848 51.5575729365 
330.151515152 49.4294876513 
330.454545455 47.3616951054 
330.757575758 45.3542296801 
331.060606061 43.4071254513 
331.363636364 41.5204161903 
331.666666667 39.6941353639 
331.96969697 37.9283161347 
332.272727273 36.2229913612 
332.575757576 34.5781935987 
332.878787879 32.9939550987 
333.181818182 31.4703078103 
333.484848485 30.0072833795 
333.787878788 28.6049131502 
334.090909091 27.2632281643 
334.393939394 25.9822591617 
334.696969697 24.7620365813 
335.0 23.6025905607 
335.303030303 22.5039509368 
335.606060606 21.4661472461 
335.909090909 20.4892087251 
336.212121212 19.5731643104 
336.515151515 18.7180426394 
336.818181818 17.9238720501 
337.121212121 17.190680582 
337.424242424 16.5184959761 
337.727272727 15.9073456753 
338.03030303 15.3572568248 
338.333333333 14.8682562724 
338.636363636 14.4403705688 
338.939393939 14.0736259682 
339.242424242 13.7680484281 
339.545454545 13.5236636103 
339.848484848 13.3404968809 
340.151515152 13.2185733105 
340.454545455 13.157917675 
340.757575758 13.1585544555 
341.060606061 13.2205078391 
341.363636364 13.3438017188 
341.666666667 13.5284596943 
341.96969697 13.774505072 
342.272727273 14.0819608656 
342.575757576 14.4508497963 
342.878787879 14.8811942935 
343.181818182 15.3730164946 
343.484848485 15.926338246 
343.787878788 16.5411811028 
344.090909091 17.2175663301 
344.393939394 17.9555149022 
344.696969697 18.7550475041 
345.0 19.6161845311 
345.303030303 20.5389460896 
345.606060606 21.5233519973 
345.909090909 22.5694217837 
346.212121212 23.6771746903 
346.515151515 24.8466296711 
346.818181818 26.0778053933 
347.121212121 27.3707202369 
347.424242424 28.725392296 
347.727272727 30.1418393785 
348.03030303 31.620079007 
348.333333333 33.1601284188 
348.636363636 34.7620045666 
348.939393939 36.4257241186 
349.242424242 38.1513034592 
349.545454545 39.9387586892 
349.848484848 41.7881056264 
350.151515152 43.6993598057 
350.454545455 45.6725364799 
350.757575758 47.7076506197 
351.060606061 49.8047169144 
351.363636364 51.9637497723 
351.666666667 54.1847633208 
351.96969697 56.4677714074 
352.272727273 58.8127875995 
352.575757576 61.2198251851 
352.878787879 63.6888971733 
353.181818182 66.2200162947 
353.484848485 68.8131950015 
353.787878788 71.4684454683 
354.090909091 74.1857795925 
354.393939394 76.9652089944 
354.696969697 79.806745018 
355.0 82.7103987313 
