32.4 0.589850915802 0.472058268816 0.104025388877 
32.9 0.589850915802 0.459623209867 0.104025388877 
34.2 0.793275989278 0.430996813388 0.104035352181 
35.4 0.894988526016 0.408505284173 0.104041012724 
37.3 1.09841359949 0.378653542474 0.104053691224 
39.5 1.20012613623 0.351194286321 0.104060709014 
41.5 1.40355120971 0.331446449491 0.10407610122 
44.0 1.60697628318 0.311757043866 0.104093301581 
46.6 1.9121138934 0.29592871433 0.104122490425 
48.6 2.01382643013 0.286206240467 0.104133123087 
52.1 2.42067657709 0.273389299467 0.104180165242 
60.0 4.25150223837 0.257460472698 0.104480913851 
62.4 4.8617774588 0.255119542994 0.104613401671 
67.6 6.28575297313 0.252683998442 0.104984734613 
71.4 7.30287834051 0.252611727882 0.105302872591 
75.6 8.42171624463 0.253815849758 0.105703209993 
79.1 9.13370400179 0.255592832018 0.105985191355 
57.5 3.64122701794 0.261005176978 0.104364510472 
85.3 11.5748048835 0.260274977396 0.107110091876 
88.1 12.4902177141 0.262824165662 0.107593940205 
90.8 13.4056305448 0.265663483382 0.108110926661 
94.2 14.6261809856 0.26920479941 0.108850969687 
99.6 16.4570066469 0.275827561327 0.110067326371 
109.0 19.5083827491 0.287686048116 0.112367538121 
115.0 21.5426334838 0.296127146264 0.114081877728 
119.0 22.8648964614 0.302722596386 0.115270219871 
126.0 25.4077098799 0.313708608165 0.117711992529 
132.0 27.4419606146 0.322513756136 0.119806621566 
136.0 29.0693612024 0.330203569546 0.121567982519 
146.0 32.0190247678 0.34557569724 0.124943336132 
153.0 34.663550723 0.35799624267 0.12815692041 
160.0 37.002939068 0.370267834881 0.131136579567 
169.0 40.2577402436 0.386728208858 0.13547934099 
