

*******************************************************************************
Tue Mar 11 14:48:26 2008


FIT:    data read from "est9" using 1:2
        #datapoints = 10
        residuals are weighted equally (unit weight)

function used for fitting: f(x)
fitted parameters initialized with current variable values



 Iteration 0
 WSSR        : 4747.21           delta(WSSR)/WSSR   : 0
 delta(WSSR) : 0                 limit for stopping : 1e-05
 lambda	  : 14.8233

initial set of free parameter values

a               = 1
b               = 1

After 6 iterations the fit converged.
final sum of squares of residuals : 3.33617e-09
rel. change during last iteration : -4.95887e-16

degrees of freedom    (FIT_NDF)                        : 8
rms of residuals      (FIT_STDFIT) = sqrt(WSSR/ndf)    : 2.04211e-05
variance of residuals (reduced chisquare) = WSSR/ndf   : 4.17021e-10

Final set of parameters            Asymptotic Standard Error
=======================            ==========================

a               = 4.20103e-05      +/- 5.732e-07    (1.364%)
b               = 1.55185e-05      +/- 1.2e-05      (77.34%)


correlation matrix of the fit parameters:

               a      b      
a               1.000 
b              -0.843  1.000 


*******************************************************************************
Tue Mar 11 14:48:51 2008


FIT:    data read from "est9" using 3:4
        #datapoints = 10
        residuals are weighted equally (unit weight)

function used for fitting: g(x)
fitted parameters initialized with current variable values



 Iteration 0
 WSSR        : 4747.21           delta(WSSR)/WSSR   : 0
 delta(WSSR) : 0                 limit for stopping : 1e-05
 lambda	  : 14.8233

initial set of free parameter values

c               = 1
d               = 1

After 6 iterations the fit converged.
final sum of squares of residuals : 4.76194e-10
rel. change during last iteration : 0

degrees of freedom    (FIT_NDF)                        : 8
rms of residuals      (FIT_STDFIT) = sqrt(WSSR/ndf)    : 7.71519e-06
variance of residuals (reduced chisquare) = WSSR/ndf   : 5.95242e-11

Final set of parameters            Asymptotic Standard Error
=======================            ==========================

c               = 4.23813e-05      +/- 2.165e-07    (0.5109%)
d               = 2.09709e-05      +/- 4.534e-06    (21.62%)


correlation matrix of the fit parameters:

               c      d      
c               1.000 
d              -0.843  1.000 


*******************************************************************************
Tue Mar 11 15:12:32 2008


FIT:    data read from "est8" using 1:2
        #datapoints = 10
        residuals are weighted equally (unit weight)

function used for fitting: f(x)
fitted parameters initialized with current variable values



 Iteration 0
 WSSR        : 7.9706e-06        delta(WSSR)/WSSR   : 0
 delta(WSSR) : 0                 limit for stopping : 1e-05
 lambda	  : 14.8233

initial set of free parameter values

a               = 4.20103e-05
b               = 1.55185e-05

After 6 iterations the fit converged.
final sum of squares of residuals : 1.2223e-20
rel. change during last iteration : -1.71107e-14

degrees of freedom    (FIT_NDF)                        : 8
rms of residuals      (FIT_STDFIT) = sqrt(WSSR/ndf)    : 3.9088e-11
variance of residuals (reduced chisquare) = WSSR/ndf   : 1.52787e-21

Final set of parameters            Asymptotic Standard Error
=======================            ==========================

a               = 4.47916e-10      +/- 1.097e-12    (0.2449%)
b               = 4.42878e-11      +/- 2.297e-11    (51.87%)


correlation matrix of the fit parameters:

               a      b      
a               1.000 
b              -0.843  1.000 


*******************************************************************************
Tue Mar 11 15:12:32 2008


FIT:    data read from "est8" using 3:4
        #datapoints = 10
        residuals are weighted equally (unit weight)

function used for fitting: g(x)
fitted parameters initialized with current variable values



 Iteration 0
 WSSR        : 8.19345e-06       delta(WSSR)/WSSR   : 0
 delta(WSSR) : 0                 limit for stopping : 1e-05
 lambda	  : 14.8233

initial set of free parameter values

c               = 4.23813e-05
d               = 2.09709e-05

After 6 iterations the fit converged.
final sum of squares of residuals : 5.36995e-20
rel. change during last iteration : -1.12078e-16

degrees of freedom    (FIT_NDF)                        : 8
rms of residuals      (FIT_STDFIT) = sqrt(WSSR/ndf)    : 8.19294e-11
variance of residuals (reduced chisquare) = WSSR/ndf   : 6.71243e-21

Final set of parameters            Asymptotic Standard Error
=======================            ==========================

c               = 4.47452e-10      +/- 2.3e-12      (0.5139%)
d               = 1.02464e-10      +/- 4.815e-11    (46.99%)


correlation matrix of the fit parameters:

               c      d      
c               1.000 
d              -0.843  1.000 


*******************************************************************************
Tue Mar 11 15:16:01 2008


FIT:    data read from "est8" using 1:2
        #datapoints = 10
        residuals are weighted equally (unit weight)

function used for fitting: f(x)
fitted parameters initialized with current variable values



 Iteration 0
 WSSR        : 8.86692e-06       delta(WSSR)/WSSR   : 0
 delta(WSSR) : 0                 limit for stopping : 1e-05
 lambda	  : 14.8233

initial set of free parameter values

a               = 4.47916e-10
b               = 4.42878e-11

After 4 iterations the fit converged.
final sum of squares of residuals : 1.2223e-10
rel. change during last iteration : -1.68206e-06

degrees of freedom    (FIT_NDF)                        : 8
rms of residuals      (FIT_STDFIT) = sqrt(WSSR/ndf)    : 3.9088e-06
variance of residuals (reduced chisquare) = WSSR/ndf   : 1.52787e-11

Final set of parameters            Asymptotic Standard Error
=======================            ==========================

a               = 4.47916e-05      +/- 1.097e-07    (0.2449%)
b               = 4.42878e-06      +/- 2.297e-06    (51.87%)


correlation matrix of the fit parameters:

               a      b      
a               1.000 
b              -0.843  1.000 


*******************************************************************************
Tue Mar 11 15:16:01 2008


FIT:    data read from "est8" using 3:4
        #datapoints = 10
        residuals are weighted equally (unit weight)

function used for fitting: g(x)
fitted parameters initialized with current variable values



 Iteration 0
 WSSR        : 8.94182e-06       delta(WSSR)/WSSR   : 0
 delta(WSSR) : 0                 limit for stopping : 1e-05
 lambda	  : 14.8233

initial set of free parameter values

c               = 4.47452e-10
d               = 1.02464e-10

After 4 iterations the fit converged.
final sum of squares of residuals : 5.36995e-10
rel. change during last iteration : -3.96316e-06

degrees of freedom    (FIT_NDF)                        : 8
rms of residuals      (FIT_STDFIT) = sqrt(WSSR/ndf)    : 8.19294e-06
variance of residuals (reduced chisquare) = WSSR/ndf   : 6.71243e-11

Final set of parameters            Asymptotic Standard Error
=======================            ==========================

c               = 4.47452e-05      +/- 2.3e-07      (0.5139%)
d               = 1.02464e-05      +/- 4.815e-06    (46.99%)


correlation matrix of the fit parameters:

               c      d      
c               1.000 
d              -0.843  1.000 


*******************************************************************************
Tue Mar 11 15:17:04 2008


FIT:    data read from "est7" using 1:2
        #datapoints = 10
        residuals are weighted equally (unit weight)

function used for fitting: f(x)
fitted parameters initialized with current variable values



 Iteration 0
 WSSR        : 5.09498e-07       delta(WSSR)/WSSR   : 0
 delta(WSSR) : 0                 limit for stopping : 1e-05
 lambda	  : 14.8233

initial set of free parameter values

a               = 4.47916e-05
b               = 4.42878e-06

After 4 iterations the fit converged.
final sum of squares of residuals : 2.76528e-09
rel. change during last iteration : -5.30314e-06

degrees of freedom    (FIT_NDF)                        : 8
rms of residuals      (FIT_STDFIT) = sqrt(WSSR/ndf)    : 1.85919e-05
variance of residuals (reduced chisquare) = WSSR/ndf   : 3.4566e-10

Final set of parameters            Asymptotic Standard Error
=======================            ==========================

a               = 5.46181e-05      +/- 5.218e-07    (0.9554%)
b               = 2.69898e-05      +/- 1.093e-05    (40.48%)


correlation matrix of the fit parameters:

               a      b      
a               1.000 
b              -0.843  1.000 


*******************************************************************************
Tue Mar 11 15:17:04 2008


FIT:    data read from "est7" using 3:4
        #datapoints = 10
        residuals are weighted equally (unit weight)

function used for fitting: g(x)
fitted parameters initialized with current variable values



 Iteration 0
 WSSR        : 5.0591e-07        delta(WSSR)/WSSR   : 0
 delta(WSSR) : 0                 limit for stopping : 1e-05
 lambda	  : 14.8233

initial set of free parameter values

c               = 4.47452e-05
d               = 1.02464e-05

After 4 iterations the fit converged.
final sum of squares of residuals : 3.09134e-09
rel. change during last iteration : -2.93375e-06

degrees of freedom    (FIT_NDF)                        : 8
rms of residuals      (FIT_STDFIT) = sqrt(WSSR/ndf)    : 1.96575e-05
variance of residuals (reduced chisquare) = WSSR/ndf   : 3.86418e-10

Final set of parameters            Asymptotic Standard Error
=======================            ==========================

c               = 5.47264e-05      +/- 5.517e-07    (1.008%)
d               = 2.80794e-05      +/- 1.155e-05    (41.14%)


correlation matrix of the fit parameters:

               c      d      
c               1.000 
d              -0.843  1.000 


*******************************************************************************
Tue Mar 11 15:17:49 2008


FIT:    data read from "est6" using 1:2
        #datapoints = 10
        residuals are weighted equally (unit weight)

function used for fitting: f(x)
fitted parameters initialized with current variable values



 Iteration 0
 WSSR        : 2.96089e-07       delta(WSSR)/WSSR   : 0
 delta(WSSR) : 0                 limit for stopping : 1e-05
 lambda	  : 14.8233

initial set of free parameter values

a               = 5.46181e-05
b               = 2.69898e-05

After 5 iterations the fit converged.
final sum of squares of residuals : 3.94025e-10
rel. change during last iteration : -3.10435e-13

degrees of freedom    (FIT_NDF)                        : 8
rms of residuals      (FIT_STDFIT) = sqrt(WSSR/ndf)    : 7.01806e-06
variance of residuals (reduced chisquare) = WSSR/ndf   : 4.92532e-11

Final set of parameters            Asymptotic Standard Error
=======================            ==========================

a               = 6.38423e-05      +/- 1.97e-07     (0.3085%)
b               = 1.18368e-06      +/- 4.125e-06    (348.5%)


correlation matrix of the fit parameters:

               a      b      
a               1.000 
b              -0.843  1.000 


*******************************************************************************
Tue Mar 11 15:17:49 2008


FIT:    data read from "est6" using 3:4
        #datapoints = 10
        residuals are weighted equally (unit weight)

function used for fitting: g(x)
fitted parameters initialized with current variable values



 Iteration 0
 WSSR        : 2.87753e-07       delta(WSSR)/WSSR   : 0
 delta(WSSR) : 0                 limit for stopping : 1e-05
 lambda	  : 14.8233

initial set of free parameter values

c               = 5.47264e-05
d               = 2.80794e-05

After 5 iterations the fit converged.
final sum of squares of residuals : 8.55412e-10
rel. change during last iteration : -1.01293e-13

degrees of freedom    (FIT_NDF)                        : 8
rms of residuals      (FIT_STDFIT) = sqrt(WSSR/ndf)    : 1.03405e-05
variance of residuals (reduced chisquare) = WSSR/ndf   : 1.06927e-10

Final set of parameters            Asymptotic Standard Error
=======================            ==========================

c               = 6.36877e-05      +/- 2.902e-07    (0.4557%)
d               = 5.91174e-06      +/- 6.077e-06    (102.8%)


correlation matrix of the fit parameters:

               c      d      
c               1.000 
d              -0.843  1.000 


*******************************************************************************
Tue Mar 11 15:18:58 2008


FIT:    data read from "est14" using 1:2
        #datapoints = 10
        residuals are weighted equally (unit weight)

function used for fitting: f(x)
fitted parameters initialized with current variable values



 Iteration 0
 WSSR        : 4.58134e-10       delta(WSSR)/WSSR   : 0
 delta(WSSR) : 0                 limit for stopping : 1e-05
 lambda	  : 14.8233

initial set of free parameter values

a               = 6.38423e-05
b               = 1.18368e-06

After 4 iterations the fit converged.
final sum of squares of residuals : 1.51454e-10
rel. change during last iteration : -7.98987e-07

degrees of freedom    (FIT_NDF)                        : 8
rms of residuals      (FIT_STDFIT) = sqrt(WSSR/ndf)    : 4.35106e-06
variance of residuals (reduced chisquare) = WSSR/ndf   : 1.89317e-11

Final set of parameters            Asymptotic Standard Error
=======================            ==========================

a               = 6.41822e-05      +/- 1.221e-07    (0.1903%)
b               = -8.16106e-07     +/- 2.557e-06    (313.3%)


correlation matrix of the fit parameters:

               a      b      
a               1.000 
b              -0.843  1.000 


*******************************************************************************
Tue Mar 11 15:18:58 2008


FIT:    data read from "est6" using 3:4
        #datapoints = 10
        residuals are weighted equally (unit weight)

function used for fitting: g(x)
fitted parameters initialized with current variable values



 Iteration 0
 WSSR        : 8.55412e-10       delta(WSSR)/WSSR   : 0
 delta(WSSR) : 0                 limit for stopping : 1e-05
 lambda	  : 14.8233

initial set of free parameter values

c               = 6.36877e-05
d               = 5.91174e-06

After 1 iterations the fit converged.
final sum of squares of residuals : 8.55412e-10
rel. change during last iteration : -6.04373e-16

degrees of freedom    (FIT_NDF)                        : 8
rms of residuals      (FIT_STDFIT) = sqrt(WSSR/ndf)    : 1.03405e-05
variance of residuals (reduced chisquare) = WSSR/ndf   : 1.06927e-10

Final set of parameters            Asymptotic Standard Error
=======================            ==========================

c               = 6.36877e-05      +/- 2.902e-07    (0.4557%)
d               = 5.91174e-06      +/- 6.077e-06    (102.8%)


correlation matrix of the fit parameters:

               c      d      
c               1.000 
d              -0.843  1.000 


*******************************************************************************
Tue Mar 11 15:20:10 2008


FIT:    data read from "est14" using 1:2
        #datapoints = 10
        residuals are weighted equally (unit weight)

function used for fitting: f(x)
fitted parameters initialized with current variable values



 Iteration 0
 WSSR        : 1.51454e-10       delta(WSSR)/WSSR   : 0
 delta(WSSR) : 0                 limit for stopping : 1e-05
 lambda	  : 14.8233

initial set of free parameter values

a               = 6.41822e-05
b               = -8.16106e-07

After 1 iterations the fit converged.
final sum of squares of residuals : 1.51454e-10
rel. change during last iteration : -1.41661e-14

degrees of freedom    (FIT_NDF)                        : 8
rms of residuals      (FIT_STDFIT) = sqrt(WSSR/ndf)    : 4.35106e-06
variance of residuals (reduced chisquare) = WSSR/ndf   : 1.89317e-11

Final set of parameters            Asymptotic Standard Error
=======================            ==========================

a               = 6.41822e-05      +/- 1.221e-07    (0.1903%)
b               = -8.16106e-07     +/- 2.557e-06    (313.3%)


correlation matrix of the fit parameters:

               a      b      
a               1.000 
b              -0.843  1.000 


*******************************************************************************
Tue Mar 11 15:20:10 2008


FIT:    data read from "est14" using 3:4
        #datapoints = 10
        residuals are weighted equally (unit weight)

function used for fitting: g(x)
fitted parameters initialized with current variable values



 Iteration 0
 WSSR        : 2.6091e-10        delta(WSSR)/WSSR   : 0
 delta(WSSR) : 0                 limit for stopping : 1e-05
 lambda	  : 14.8233

initial set of free parameter values

c               = 6.36877e-05
d               = 5.91174e-06

After 4 iterations the fit converged.
final sum of squares of residuals : 2.2634e-10
rel. change during last iteration : -1.5798e-06

degrees of freedom    (FIT_NDF)                        : 8
rms of residuals      (FIT_STDFIT) = sqrt(WSSR/ndf)    : 5.31907e-06
variance of residuals (reduced chisquare) = WSSR/ndf   : 2.82925e-11

Final set of parameters            Asymptotic Standard Error
=======================            ==========================

c               = 6.38268e-05      +/- 1.493e-07    (0.2339%)
d               = 2.45621e-06      +/- 3.126e-06    (127.3%)


correlation matrix of the fit parameters:

               c      d      
c               1.000 
d              -0.843  1.000 


*******************************************************************************
Tue Mar 11 15:20:44 2008


FIT:    data read from "est17" using 1:2
        #datapoints = 10
        residuals are weighted equally (unit weight)

function used for fitting: f(x)
fitted parameters initialized with current variable values



 Iteration 0
 WSSR        : 2.53781e-06       delta(WSSR)/WSSR   : 0
 delta(WSSR) : 0                 limit for stopping : 1e-05
 lambda	  : 14.8233

initial set of free parameter values

a               = 6.41822e-05
b               = -8.16106e-07

After 4 iterations the fit converged.
final sum of squares of residuals : 4.84876e-10
rel. change during last iteration : -5.98258e-06

degrees of freedom    (FIT_NDF)                        : 8
rms of residuals      (FIT_STDFIT) = sqrt(WSSR/ndf)    : 7.78521e-06
variance of residuals (reduced chisquare) = WSSR/ndf   : 6.06095e-11

Final set of parameters            Asymptotic Standard Error
=======================            ==========================

a               = 3.977e-05        +/- 2.185e-07    (0.5494%)
b               = 8.05872e-06      +/- 4.576e-06    (56.78%)


correlation matrix of the fit parameters:

               a      b      
a               1.000 
b              -0.843  1.000 


*******************************************************************************
Tue Mar 11 15:20:44 2008


FIT:    data read from "est17" using 3:4
        #datapoints = 10
        residuals are weighted equally (unit weight)

function used for fitting: g(x)
fitted parameters initialized with current variable values



 Iteration 0
 WSSR        : 2.47757e-06       delta(WSSR)/WSSR   : 0
 delta(WSSR) : 0                 limit for stopping : 1e-05
 lambda	  : 14.8233

initial set of free parameter values

c               = 6.38268e-05
d               = 2.45621e-06

After 5 iterations the fit converged.
final sum of squares of residuals : 2.75977e-10
rel. change during last iteration : -5.45131e-14

degrees of freedom    (FIT_NDF)                        : 8
rms of residuals      (FIT_STDFIT) = sqrt(WSSR/ndf)    : 5.87342e-06
variance of residuals (reduced chisquare) = WSSR/ndf   : 3.44971e-11

Final set of parameters            Asymptotic Standard Error
=======================            ==========================

c               = 3.97083e-05      +/- 1.649e-07    (0.4152%)
d               = 1.11488e-05      +/- 3.452e-06    (30.96%)


correlation matrix of the fit parameters:

               c      d      
c               1.000 
d              -0.843  1.000 


*******************************************************************************
Tue Mar 11 15:21:26 2008


FIT:    data read from "est16" using 1:2
        #datapoints = 10
        residuals are weighted equally (unit weight)

function used for fitting: f(x)
fitted parameters initialized with current variable values



 Iteration 0
 WSSR        : 2.50981e-07       delta(WSSR)/WSSR   : 0
 delta(WSSR) : 0                 limit for stopping : 1e-05
 lambda	  : 14.8233

initial set of free parameter values

a               = 3.977e-05
b               = 8.05872e-06

After 4 iterations the fit converged.
final sum of squares of residuals : 3.59447e-10
rel. change during last iteration : -2.2186e-06

degrees of freedom    (FIT_NDF)                        : 8
rms of residuals      (FIT_STDFIT) = sqrt(WSSR/ndf)    : 6.70305e-06
variance of residuals (reduced chisquare) = WSSR/ndf   : 4.49309e-11

Final set of parameters            Asymptotic Standard Error
=======================            ==========================

a               = 4.71092e-05      +/- 1.881e-07    (0.3994%)
b               = 1.35232e-05      +/- 3.94e-06     (29.13%)


correlation matrix of the fit parameters:

               a      b      
a               1.000 
b              -0.843  1.000 


*******************************************************************************
Tue Mar 11 15:21:26 2008


FIT:    data read from "est16" using 3:4
        #datapoints = 10
        residuals are weighted equally (unit weight)

function used for fitting: g(x)
fitted parameters initialized with current variable values



 Iteration 0
 WSSR        : 2.40291e-07       delta(WSSR)/WSSR   : 0
 delta(WSSR) : 0                 limit for stopping : 1e-05
 lambda	  : 14.8233

initial set of free parameter values

c               = 3.97083e-05
d               = 1.11488e-05

After 4 iterations the fit converged.
final sum of squares of residuals : 3.10732e-10
rel. change during last iteration : -1.31549e-07

degrees of freedom    (FIT_NDF)                        : 8
rms of residuals      (FIT_STDFIT) = sqrt(WSSR/ndf)    : 6.23229e-06
variance of residuals (reduced chisquare) = WSSR/ndf   : 3.88415e-11

Final set of parameters            Asymptotic Standard Error
=======================            ==========================

c               = 4.70473e-05      +/- 1.749e-07    (0.3718%)
d               = 1.26147e-05      +/- 3.663e-06    (29.04%)


correlation matrix of the fit parameters:

               c      d      
c               1.000 
d              -0.843  1.000 


*******************************************************************************
Tue Mar 11 15:22:06 2008


FIT:    data read from "est18" using 1:2
        #datapoints = 10
        residuals are weighted equally (unit weight)

function used for fitting: f(x)
fitted parameters initialized with current variable values



 Iteration 0
 WSSR        : 8.16339e-07       delta(WSSR)/WSSR   : 0
 delta(WSSR) : 0                 limit for stopping : 1e-05
 lambda	  : 14.8233

initial set of free parameter values

a               = 4.71092e-05
b               = 1.35232e-05

After 4 iterations the fit converged.
final sum of squares of residuals : 3.29283e-10
rel. change during last iteration : -3.588e-09

degrees of freedom    (FIT_NDF)                        : 8
rms of residuals      (FIT_STDFIT) = sqrt(WSSR/ndf)    : 6.41564e-06
variance of residuals (reduced chisquare) = WSSR/ndf   : 4.11604e-11

Final set of parameters            Asymptotic Standard Error
=======================            ==========================

a               = 3.34971e-05      +/- 1.801e-07    (0.5376%)
b               = 1.27759e-05      +/- 3.771e-06    (29.51%)


correlation matrix of the fit parameters:

               a      b      
a               1.000 
b              -0.843  1.000 


*******************************************************************************
Tue Mar 11 15:22:06 2008


FIT:    data read from "est18" using 3:4
        #datapoints = 10
        residuals are weighted equally (unit weight)

function used for fitting: g(x)
fitted parameters initialized with current variable values



 Iteration 0
 WSSR        : 8.43535e-07       delta(WSSR)/WSSR   : 0
 delta(WSSR) : 0                 limit for stopping : 1e-05
 lambda	  : 14.8233

initial set of free parameter values

c               = 4.70473e-05
d               = 1.26147e-05

After 4 iterations the fit converged.
final sum of squares of residuals : 4.99223e-10
rel. change during last iteration : -8.78528e-07

degrees of freedom    (FIT_NDF)                        : 8
rms of residuals      (FIT_STDFIT) = sqrt(WSSR/ndf)    : 7.89955e-06
variance of residuals (reduced chisquare) = WSSR/ndf   : 6.24029e-11

Final set of parameters            Asymptotic Standard Error
=======================            ==========================

c               = 3.33581e-05      +/- 2.217e-07    (0.6647%)
d               = 8.23007e-06      +/- 4.643e-06    (56.41%)


correlation matrix of the fit parameters:

               c      d      
c               1.000 
d              -0.843  1.000 


*******************************************************************************
Tue Mar 11 15:22:47 2008


FIT:    data read from "est1tung" using 1:2
        #datapoints = 10
        residuals are weighted equally (unit weight)

function used for fitting: f(x)
fitted parameters initialized with current variable values



 Iteration 0
 WSSR        : 1.74738e-06       delta(WSSR)/WSSR   : 0
 delta(WSSR) : 0                 limit for stopping : 1e-05
 lambda	  : 14.8233

initial set of free parameter values

a               = 3.34971e-05
b               = 1.27759e-05

After 4 iterations the fit converged.
final sum of squares of residuals : 1.91839e-09
rel. change during last iteration : -3.49078e-06

degrees of freedom    (FIT_NDF)                        : 8
rms of residuals      (FIT_STDFIT) = sqrt(WSSR/ndf)    : 1.54854e-05
variance of residuals (reduced chisquare) = WSSR/ndf   : 2.39799e-10

Final set of parameters            Asymptotic Standard Error
=======================            ==========================

a               = 5.40156e-05      +/- 4.346e-07    (0.8047%)
b               = -1.376e-06       +/- 9.101e-06    (661.4%)


correlation matrix of the fit parameters:

               a      b      
a               1.000 
b              -0.843  1.000 


*******************************************************************************
Tue Mar 11 15:22:47 2008


FIT:    data read from "est1tung" using 3:4
        #datapoints = 10
        residuals are weighted equally (unit weight)

function used for fitting: g(x)
fitted parameters initialized with current variable values



 Iteration 0
 WSSR        : 1.92535e-06       delta(WSSR)/WSSR   : 0
 delta(WSSR) : 0                 limit for stopping : 1e-05
 lambda	  : 14.8233

initial set of free parameter values

c               = 3.33581e-05
d               = 8.23007e-06

After 4 iterations the fit converged.
final sum of squares of residuals : 7.48889e-10
rel. change during last iteration : -4.54062e-07

degrees of freedom    (FIT_NDF)                        : 8
rms of residuals      (FIT_STDFIT) = sqrt(WSSR/ndf)    : 9.67528e-06
variance of residuals (reduced chisquare) = WSSR/ndf   : 9.36111e-11

Final set of parameters            Asymptotic Standard Error
=======================            ==========================

c               = 5.41392e-05      +/- 2.716e-07    (0.5016%)
d               = 1.24424e-05      +/- 5.686e-06    (45.7%)


correlation matrix of the fit parameters:

               c      d      
c               1.000 
d              -0.843  1.000 


*******************************************************************************
Tue Mar 11 15:23:36 2008


FIT:    data read from "est3ott" using 1:2
        #datapoints = 10
        residuals are weighted equally (unit weight)

function used for fitting: f(x)
fitted parameters initialized with current variable values



 Iteration 0
 WSSR        : 2.65855e-08       delta(WSSR)/WSSR   : 0
 delta(WSSR) : 0                 limit for stopping : 1e-05
 lambda	  : 14.8233

initial set of free parameter values

a               = 5.40156e-05
b               = -1.376e-06

After 4 iterations the fit converged.
final sum of squares of residuals : 1.88223e-10
rel. change during last iteration : -3.16113e-06

degrees of freedom    (FIT_NDF)                        : 8
rms of residuals      (FIT_STDFIT) = sqrt(WSSR/ndf)    : 4.85056e-06
variance of residuals (reduced chisquare) = WSSR/ndf   : 2.35279e-11

Final set of parameters            Asymptotic Standard Error
=======================            ==========================

a               = 5.13891e-05      +/- 1.361e-07    (0.2649%)
b               = 2.98292e-06      +/- 2.851e-06    (95.57%)


correlation matrix of the fit parameters:

               a      b      
a               1.000 
b              -0.843  1.000 


*******************************************************************************
Tue Mar 11 15:23:36 2008


FIT:    data read from "est3ott" using 3:4
        #datapoints = 10
        residuals are weighted equally (unit weight)

function used for fitting: g(x)
fitted parameters initialized with current variable values



 Iteration 0
 WSSR        : 3.92444e-08       delta(WSSR)/WSSR   : 0
 delta(WSSR) : 0                 limit for stopping : 1e-05
 lambda	  : 14.8233

initial set of free parameter values

c               = 5.41392e-05
d               = 1.24424e-05

After 4 iterations the fit converged.
final sum of squares of residuals : 2.66187e-10
rel. change during last iteration : -2.58464e-06

degrees of freedom    (FIT_NDF)                        : 8
rms of residuals      (FIT_STDFIT) = sqrt(WSSR/ndf)    : 5.76831e-06
variance of residuals (reduced chisquare) = WSSR/ndf   : 3.32734e-11

Final set of parameters            Asymptotic Standard Error
=======================            ==========================

c               = 5.13581e-05      +/- 1.619e-07    (0.3152%)
d               = 7.52937e-06      +/- 3.39e-06     (45.03%)


correlation matrix of the fit parameters:

               c      d      
c               1.000 
d              -0.843  1.000 


*******************************************************************************
Tue Mar 11 15:24:21 2008


FIT:    data read from "est1tung" using 1:2
        #datapoints = 10
        residuals are weighted equally (unit weight)

function used for fitting: f(x)
fitted parameters initialized with current variable values



 Iteration 0
 WSSR        : 2.83156e-08       delta(WSSR)/WSSR   : 0
 delta(WSSR) : 0                 limit for stopping : 1e-05
 lambda	  : 14.8233

initial set of free parameter values

a               = 5.13891e-05
b               = 2.98292e-06

After 4 iterations the fit converged.
final sum of squares of residuals : 1.91839e-09
rel. change during last iteration : -3.10156e-07

degrees of freedom    (FIT_NDF)                        : 8
rms of residuals      (FIT_STDFIT) = sqrt(WSSR/ndf)    : 1.54854e-05
variance of residuals (reduced chisquare) = WSSR/ndf   : 2.39799e-10

Final set of parameters            Asymptotic Standard Error
=======================            ==========================

a               = 5.40156e-05      +/- 4.346e-07    (0.8047%)
b               = -1.376e-06       +/- 9.101e-06    (661.4%)


correlation matrix of the fit parameters:

               a      b      
a               1.000 
b              -0.843  1.000 


*******************************************************************************
Tue Mar 11 15:24:21 2008


FIT:    data read from "est1tung" using 3:4
        #datapoints = 10
        residuals are weighted equally (unit weight)

function used for fitting: g(x)
fitted parameters initialized with current variable values



 Iteration 0
 WSSR        : 3.97271e-08       delta(WSSR)/WSSR   : 0
 delta(WSSR) : 0                 limit for stopping : 1e-05
 lambda	  : 14.8233

initial set of free parameter values

c               = 5.13581e-05
d               = 7.52937e-06

After 4 iterations the fit converged.
final sum of squares of residuals : 7.48889e-10
rel. change during last iteration : -9.18691e-07

degrees of freedom    (FIT_NDF)                        : 8
rms of residuals      (FIT_STDFIT) = sqrt(WSSR/ndf)    : 9.67528e-06
variance of residuals (reduced chisquare) = WSSR/ndf   : 9.36111e-11

Final set of parameters            Asymptotic Standard Error
=======================            ==========================

c               = 5.41392e-05      +/- 2.716e-07    (0.5016%)
d               = 1.24424e-05      +/- 5.686e-06    (45.7%)


correlation matrix of the fit parameters:

               c      d      
c               1.000 
d              -0.843  1.000 


*******************************************************************************
Tue Mar 11 16:14:04 2008


FIT:    data read from "lunghezza"
        #datapoints = 4
        residuals are weighted equally (unit weight)

function used for fitting: f(x)
fitted parameters initialized with current variable values



 Iteration 0
 WSSR        : 1.46438e+06       delta(WSSR)/WSSR   : 0
 delta(WSSR) : 0                 limit for stopping : 1e-05
 lambda	  : 7.92069e+06

initial set of free parameter values

a               = 5.40156e-05
b               = -1.376e-06

After 5 iterations the fit converged.
final sum of squares of residuals : 6.52681e-12
rel. change during last iteration : -2.59991e-08

degrees of freedom    (FIT_NDF)                        : 2
rms of residuals      (FIT_STDFIT) = sqrt(WSSR/ndf)    : 1.80649e-06
variance of residuals (reduced chisquare) = WSSR/ndf   : 3.2634e-12

Final set of parameters            Asymptotic Standard Error
=======================            ==========================

a               = 4.77127e-12      +/- 4.905e-13    (10.28%)
b               = -1.37601e-06     +/- 5.494e-06    (399.3%)


correlation matrix of the fit parameters:

               a      b      
a               1.000 
b              -0.986  1.000 


*******************************************************************************
Tue Mar 11 16:16:31 2008


FIT:    data read from "lunghezza"
        #datapoints = 4
        residuals are weighted equally (unit weight)

function used for fitting: f(x)
fitted parameters initialized with current variable values



 Iteration 0
 WSSR        : 108.589           delta(WSSR)/WSSR   : 0
 delta(WSSR) : 0                 limit for stopping : 1e-05
 lambda	  : 7.95289

initial set of free parameter values

a               = 4.77127e-12
b               = -1.37601e-06

After 4 iterations the fit converged.
final sum of squares of residuals : 0.061138
rel. change during last iteration : -5.64201e-06

degrees of freedom    (FIT_NDF)                        : 2
rms of residuals      (FIT_STDFIT) = sqrt(WSSR/ndf)    : 0.17484
variance of residuals (reduced chisquare) = WSSR/ndf   : 0.030569

Final set of parameters            Asymptotic Standard Error
=======================            ==========================

a               = 0.458078         +/- 0.04745      (10.36%)
b               = 0.0782369        +/- 0.5316       (679.4%)


correlation matrix of the fit parameters:

               a      b      
a               1.000 
b              -0.986  1.000 


*******************************************************************************
Tue Mar 11 16:21:37 2008


FIT:    data read from "spessore"
        #datapoints = 4
        residuals are weighted equally (unit weight)

function used for fitting: f(x)
fitted parameters initialized with current variable values



 Iteration 0
 WSSR        : 77.4604           delta(WSSR)/WSSR   : 0
 delta(WSSR) : 0                 limit for stopping : 1e-05
 lambda	  : 0.822344

initial set of free parameter values

a               = 0.458078
b               = 0.0782369

After 4 iterations the fit converged.
final sum of squares of residuals : 0.0228171
rel. change during last iteration : -8.69726e-07

degrees of freedom    (FIT_NDF)                        : 2
rms of residuals      (FIT_STDFIT) = sqrt(WSSR/ndf)    : 0.106811
variance of residuals (reduced chisquare) = WSSR/ndf   : 0.0114086

Final set of parameters            Asymptotic Standard Error
=======================            ==========================

a               = 7.74571          +/- 0.3611       (4.662%)
b               = 0.153714         +/- 0.2144       (139.5%)


correlation matrix of the fit parameters:

               a      b      
a               1.000 
b              -0.968  1.000 


*******************************************************************************
Tue Mar 11 16:33:44 2008


FIT:    data read from "P"
	x range restricted to [0.300000 : 0.900000]
BREAK:          No data to fit 



*******************************************************************************
Tue Mar 11 16:33:55 2008


FIT:    data read from "P"
	x range restricted to [0.300000 : 0.900000]
BREAK:          No data to fit 



*******************************************************************************
Tue Mar 11 16:34:17 2008


FIT:    data read from "P"
	x range restricted to [0.300000 : 0.900000]
BREAK:          No data to fit 



*******************************************************************************
Tue Mar 11 16:39:17 2008


FIT:    data read from "P"
        #datapoints = 4
        residuals are weighted equally (unit weight)

function used for fitting: f(x)
fitted parameters initialized with current variable values



 Iteration 0
 WSSR        : 8640.8            delta(WSSR)/WSSR   : 0
 delta(WSSR) : 0                 limit for stopping : 1e-05
 lambda	  : 8.51793

initial set of free parameter values

a               = 1
b               = 1

After 5 iterations the fit converged.
final sum of squares of residuals : 10.3948
rel. change during last iteration : -4.73339e-08

degrees of freedom    (FIT_NDF)                        : 2
rms of residuals      (FIT_STDFIT) = sqrt(WSSR/ndf)    : 2.27978
variance of residuals (reduced chisquare) = WSSR/ndf   : 5.1974

Final set of parameters            Asymptotic Standard Error
=======================            ==========================

a               = 0.218997         +/- 0.5843       (266.8%)
b               = 56.676           +/- 7.014        (12.38%)


correlation matrix of the fit parameters:

               a      b      
a               1.000 
b              -0.987  1.000 


*******************************************************************************
Tue Mar 11 16:39:43 2008


FIT:    data read from "R"
        #datapoints = 4
        residuals are weighted equally (unit weight)

function used for fitting: f(x)
fitted parameters initialized with current variable values



 Iteration 0
 WSSR        : 9510.09           delta(WSSR)/WSSR   : 0
 delta(WSSR) : 0                 limit for stopping : 1e-05
 lambda	  : 0.822344

initial set of free parameter values

a               = 0.218997
b               = 56.676

After 4 iterations the fit converged.
final sum of squares of residuals : 0.105297
rel. change during last iteration : -2.67371e-06

degrees of freedom    (FIT_NDF)                        : 2
rms of residuals      (FIT_STDFIT) = sqrt(WSSR/ndf)    : 0.229453
variance of residuals (reduced chisquare) = WSSR/ndf   : 0.0526486

Final set of parameters            Asymptotic Standard Error
=======================            ==========================

a               = -0.694286        +/- 0.7757       (111.7%)
b               = 8.44171          +/- 0.4605       (5.456%)


correlation matrix of the fit parameters:

               a      b      
a               1.000 
b              -0.968  1.000 


*******************************************************************************
Sun Mar 16 23:35:25 2008


FIT:    data read from "kes"
        #datapoints = 4
        residuals are weighted equally (unit weight)

function used for fitting: f(x)
fitted parameters initialized with current variable values



 Iteration 0
 WSSR        : 6374.23           delta(WSSR)/WSSR   : 0
 delta(WSSR) : 0                 limit for stopping : 1e-05
 lambda	  : 7.95212

initial set of free parameter values

a               = 1
b               = 1

After 5 iterations the fit converged.
final sum of squares of residuals : 6.02964
rel. change during last iteration : -4.25084e-12

degrees of freedom    (FIT_NDF)                        : 2
rms of residuals      (FIT_STDFIT) = sqrt(WSSR/ndf)    : 1.73632
variance of residuals (reduced chisquare) = WSSR/ndf   : 3.01482

Final set of parameters            Asymptotic Standard Error
=======================            ==========================

a               = 4.58311          +/- 0.4714       (10.29%)
b               = 0.761182         +/- 5.28         (693.7%)


correlation matrix of the fit parameters:

               a      b      
a               1.000 
b              -0.986  1.000 


*******************************************************************************
Sun Mar 16 23:39:21 2008


FIT:    data read from "kel"
        #datapoints = 4
        residuals are weighted equally (unit weight)

function used for fitting: f(x)
fitted parameters initialized with current variable values



 Iteration 0
 WSSR        : 7752.79           delta(WSSR)/WSSR   : 0
 delta(WSSR) : 0                 limit for stopping : 1e-05
 lambda	  : 0.822344

initial set of free parameter values

a               = 4.58311
b               = 0.761182

After 4 iterations the fit converged.
final sum of squares of residuals : 2.28171
rel. change during last iteration : -8.69373e-07

degrees of freedom    (FIT_NDF)                        : 2
rms of residuals      (FIT_STDFIT) = sqrt(WSSR/ndf)    : 1.06811
variance of residuals (reduced chisquare) = WSSR/ndf   : 1.14086

Final set of parameters            Asymptotic Standard Error
=======================            ==========================

a               = 77.4571          +/- 3.611        (4.662%)
b               = 1.53714          +/- 2.144        (139.5%)


correlation matrix of the fit parameters:

               a      b      
a               1.000 
b              -0.968  1.000 


*******************************************************************************
Sun Mar 16 23:54:41 2008


FIT:    data read from "R"
        #datapoints = 4
        residuals are weighted equally (unit weight)

function used for fitting: f(x)
fitted parameters initialized with current variable values



 Iteration 0
 WSSR        : 5353.51           delta(WSSR)/WSSR   : 0
 delta(WSSR) : 0                 limit for stopping : 1e-05
 lambda	  : 0.822344

initial set of free parameter values

a               = 77.4571
b               = 1.53714

After 4 iterations the fit converged.
final sum of squares of residuals : 10.5297
rel. change during last iteration : -6.33938e-07

degrees of freedom    (FIT_NDF)                        : 2
rms of residuals      (FIT_STDFIT) = sqrt(WSSR/ndf)    : 2.29453
variance of residuals (reduced chisquare) = WSSR/ndf   : 5.26486

Final set of parameters            Asymptotic Standard Error
=======================            ==========================

a               = -6.94286         +/- 7.757        (111.7%)
b               = 84.4171          +/- 4.605        (5.456%)


correlation matrix of the fit parameters:

               a      b      
a               1.000 
b              -0.968  1.000 


*******************************************************************************
Sun Mar 16 23:54:49 2008


FIT:    data read from "P"
        #datapoints = 4
        residuals are weighted equally (unit weight)

function used for fitting: g(x)
fitted parameters initialized with current variable values



 Iteration 0
 WSSR        : 92.6117           delta(WSSR)/WSSR   : 0
 delta(WSSR) : 0                 limit for stopping : 1e-05
 lambda	  : 0.712187

initial set of free parameter values

c               = 1
d               = 1

After 4 iterations the fit converged.
final sum of squares of residuals : 0.10312
rel. change during last iteration : -5.39788e-06

degrees of freedom    (FIT_NDF)                        : 2
rms of residuals      (FIT_STDFIT) = sqrt(WSSR/ndf)    : 0.227068
variance of residuals (reduced chisquare) = WSSR/ndf   : 0.0515599

Final set of parameters            Asymptotic Standard Error
=======================            ==========================

c               = 2.32013          +/- 5.834        (251.4%)
d               = 5.65257          +/- 0.7006       (12.39%)


correlation matrix of the fit parameters:

               c      d      
c               1.000 
d              -0.987  1.000 


*******************************************************************************
Mon Mar 17 15:43:15 2008


FIT:    data read from "kes"
        #datapoints = 4
        residuals are weighted equally (unit weight)

function used for fitting: f(x)


*******************************************************************************
Mon Mar 17 15:43:19 2008


FIT:    data read from "kes"
        #datapoints = 4
        residuals are weighted equally (unit weight)

function used for fitting: f(x)
fitted parameters initialized with current variable values



*******************************************************************************
Mon Mar 17 15:43:27 2008


FIT:    data read from "kes"
        #datapoints = 4
        residuals are weighted equally (unit weight)

function used for fitting: f(x)
fitted parameters initialized with current variable values



 Iteration 0
 WSSR        : 6374.23           delta(WSSR)/WSSR   : 0
 delta(WSSR) : 0                 limit for stopping : 1e-05
 lambda	  : 7.95212

initial set of free parameter values

a               = 1
b               = 1

After 5 iterations the fit converged.
final sum of squares of residuals : 6.02964
rel. change during last iteration : -4.25084e-12

degrees of freedom    (FIT_NDF)                        : 2
rms of residuals      (FIT_STDFIT) = sqrt(WSSR/ndf)    : 1.73632
variance of residuals (reduced chisquare) = WSSR/ndf   : 3.01482

Final set of parameters            Asymptotic Standard Error
=======================            ==========================

a               = 4.58311          +/- 0.4714       (10.29%)
b               = 0.761182         +/- 5.28         (693.7%)


correlation matrix of the fit parameters:

               a      b      
a               1.000 
b              -0.986  1.000 


*******************************************************************************
Mon Mar 17 15:59:01 2008


FIT:    data read from "kel"
        #datapoints = 4
        residuals are weighted equally (unit weight)

function used for fitting: g(x)
fitted parameters initialized with current variable values



 Iteration 0
 WSSR        : 8434.78           delta(WSSR)/WSSR   : 0
 delta(WSSR) : 0                 limit for stopping : 1e-05
 lambda	  : 0.822344

initial set of free parameter values

c               = 1
d               = 1

After 4 iterations the fit converged.
final sum of squares of residuals : 2.28171
rel. change during last iteration : -9.61049e-07

degrees of freedom    (FIT_NDF)                        : 2
rms of residuals      (FIT_STDFIT) = sqrt(WSSR/ndf)    : 1.06811
variance of residuals (reduced chisquare) = WSSR/ndf   : 1.14086

Final set of parameters            Asymptotic Standard Error
=======================            ==========================

c               = 77.4571          +/- 3.611        (4.662%)
d               = 1.53714          +/- 2.144        (139.5%)


correlation matrix of the fit parameters:

               c      d      
c               1.000 
d              -0.968  1.000 
