

*******************************************************************************
Thu Feb  7 18:04:25 2008


FIT:    data read from "15" using 1:3
        #datapoints = 9
        residuals are weighted equally (unit weight)

function used for fitting: f(x)
fitted parameters initialized with current variable values



 Iteration 0
 WSSR        : 0.000500541       delta(WSSR)/WSSR   : 0
 delta(WSSR) : 0                 limit for stopping : 1e-05
 lambda	  : 1.95096

initial set of free parameter values

a               = 0.0398681
b               = 0.135112

After 4 iterations the fit converged.
final sum of squares of residuals : 0.000437659
rel. change during last iteration : -2.06245e-12

degrees of freedom    (FIT_NDF)                        : 7
rms of residuals      (FIT_STDFIT) = sqrt(WSSR/ndf)    : 0.00790714
variance of residuals (reduced chisquare) = WSSR/ndf   : 6.25228e-05

Final set of parameters            Asymptotic Standard Error
=======================            ==========================

a               = 0.037951         +/- 0.002287     (6.026%)
b               = 0.14097          +/- 0.005881     (4.172%)


correlation matrix of the fit parameters:

               a      b      
a               1.000 
b              -0.894  1.000 


*******************************************************************************
Thu Feb  7 18:06:05 2008


FIT:    data read from "30" using 1:3
        #datapoints = 9
        residuals are weighted equally (unit weight)

function used for fitting: f(x)
fitted parameters initialized with current variable values



 Iteration 0
 WSSR        : 0.159962          delta(WSSR)/WSSR   : 0
 delta(WSSR) : 0                 limit for stopping : 1e-05
 lambda	  : 1.45058

initial set of free parameter values

a               = 0.037951
b               = 0.14097

After 4 iterations the fit converged.
final sum of squares of residuals : 0.00014088
rel. change during last iteration : -1.35852e-11

degrees of freedom    (FIT_NDF)                        : 7
rms of residuals      (FIT_STDFIT) = sqrt(WSSR/ndf)    : 0.00448617
variance of residuals (reduced chisquare) = WSSR/ndf   : 2.01257e-05

Final set of parameters            Asymptotic Standard Error
=======================            ==========================

a               = 0.0830409        +/- 0.001867     (2.248%)
b               = 0.197002         +/- 0.003344     (1.698%)


correlation matrix of the fit parameters:

               a      b      
a               1.000 
b              -0.894  1.000 


*******************************************************************************
Thu Feb  7 18:13:04 2008


FIT:    data read from "15"
        #datapoints = 9
        residuals are weighted equally (unit weight)

function used for fitting: f(x)
fitted parameters initialized with current variable values



 Iteration 0
 WSSR        : 1.41087           delta(WSSR)/WSSR   : 0
 delta(WSSR) : 0                 limit for stopping : 1e-05
 lambda	  : 1.95096

initial set of free parameter values

a               = 0.0830409
b               = 0.197002

After 4 iterations the fit converged.
final sum of squares of residuals : 1.44827e-05
rel. change during last iteration : -4.00238e-08

degrees of freedom    (FIT_NDF)                        : 7
rms of residuals      (FIT_STDFIT) = sqrt(WSSR/ndf)    : 0.00143839
variance of residuals (reduced chisquare) = WSSR/ndf   : 2.06896e-06

Final set of parameters            Asymptotic Standard Error
=======================            ==========================

a               = 0.000709522      +/- 0.000416     (58.64%)
b               = 0.00186897       +/- 0.00107      (57.24%)


correlation matrix of the fit parameters:

               a      b      
a               1.000 
b              -0.894  1.000 


*******************************************************************************
Thu Feb  7 18:13:36 2008


FIT:    data read from "15" using 1:3
        #datapoints = 9
        residuals are weighted equally (unit weight)

function used for fitting: f(x)
fitted parameters initialized with current variable values



 Iteration 0
 WSSR        : 0.471471          delta(WSSR)/WSSR   : 0
 delta(WSSR) : 0                 limit for stopping : 1e-05
 lambda	  : 1.95096

initial set of free parameter values

a               = 0.000709522
b               = 0.00186897

After 4 iterations the fit converged.
final sum of squares of residuals : 0.000437659
rel. change during last iteration : -7.6318e-10

degrees of freedom    (FIT_NDF)                        : 7
rms of residuals      (FIT_STDFIT) = sqrt(WSSR/ndf)    : 0.00790714
variance of residuals (reduced chisquare) = WSSR/ndf   : 6.25228e-05

Final set of parameters            Asymptotic Standard Error
=======================            ==========================

a               = 0.037951         +/- 0.002287     (6.026%)
b               = 0.14097          +/- 0.005881     (4.172%)


correlation matrix of the fit parameters:

               a      b      
a               1.000 
b              -0.894  1.000 


*******************************************************************************
Thu Feb  7 18:14:44 2008


FIT:    data read from "45" using 1:3
        #datapoints = 9
        residuals are weighted equally (unit weight)

function used for fitting: f(x)
fitted parameters initialized with current variable values



 Iteration 0
 WSSR        : 0.449916          delta(WSSR)/WSSR   : 0
 delta(WSSR) : 0                 limit for stopping : 1e-05
 lambda	  : 1.24809

initial set of free parameter values

a               = 0.037951
b               = 0.14097

After 4 iterations the fit converged.
final sum of squares of residuals : 7.01376e-05
rel. change during last iteration : -1.5596e-11

degrees of freedom    (FIT_NDF)                        : 7
rms of residuals      (FIT_STDFIT) = sqrt(WSSR/ndf)    : 0.00316538
variance of residuals (reduced chisquare) = WSSR/ndf   : 1.00197e-05

Final set of parameters            Asymptotic Standard Error
=======================            ==========================

a               = 0.125972         +/- 0.001623     (1.288%)
b               = 0.24257          +/- 0.00236      (0.9731%)


correlation matrix of the fit parameters:

               a      b      
a               1.000 
b              -0.895  1.000 


*******************************************************************************
Fri Feb  8 22:37:01 2008


FIT:    data read from "15bis"
        #datapoints = 6
        residuals are weighted equally (unit weight)

function used for fitting: f(x)
fitted parameters initialized with current variable values



 Iteration 0
 WSSR        : 48.4556           delta(WSSR)/WSSR   : 0
 delta(WSSR) : 0                 limit for stopping : 1e-05
 lambda	  : 1.68034

initial set of free parameter values

a               = 1
b               = 1

After 4 iterations the fit converged.
final sum of squares of residuals : 5.74321e-05
rel. change during last iteration : -3.7369e-08

degrees of freedom    (FIT_NDF)                        : 4
rms of residuals      (FIT_STDFIT) = sqrt(WSSR/ndf)    : 0.0037892
variance of residuals (reduced chisquare) = WSSR/ndf   : 1.4358e-05

Final set of parameters            Asymptotic Standard Error
=======================            ==========================

a               = 0.0424281        +/- 0.001408     (3.318%)
b               = 0.136125         +/- 0.003035     (2.23%)


correlation matrix of the fit parameters:

               a      b      
a               1.000 
b              -0.860  1.000 
