

*******************************************************************************
Thu Feb  7 18:04:25 2008


FIT:    data read from "15" using 1:3
        #datapoints = 9
        residuals are weighted equally (unit weight)

function used for fitting: f(x)
fitted parameters initialized with current variable values



 Iteration 0
 WSSR        : 0.000500541       delta(WSSR)/WSSR   : 0
 delta(WSSR) : 0                 limit for stopping : 1e-05
 lambda	  : 1.95096

initial set of free parameter values

a               = 0.0398681
b               = 0.135112

After 4 iterations the fit converged.
final sum of squares of residuals : 0.000437659
rel. change during last iteration : -2.06245e-12

degrees of freedom    (FIT_NDF)                        : 7
rms of residuals      (FIT_STDFIT) = sqrt(WSSR/ndf)    : 0.00790714
variance of residuals (reduced chisquare) = WSSR/ndf   : 6.25228e-05

Final set of parameters            Asymptotic Standard Error
=======================            ==========================

a               = 0.037951         +/- 0.002287     (6.026%)
b               = 0.14097          +/- 0.005881     (4.172%)


correlation matrix of the fit parameters:

               a      b      
a               1.000 
b              -0.894  1.000 
