

*******************************************************************************
Thu Feb  7 17:45:12 2008


FIT:    data read from "30" using 1:3
        #datapoints = 9
        residuals are weighted equally (unit weight)

function used for fitting: f(x)
fitted parameters initialized with current variable values



 Iteration 0
 WSSR        : 0.16425           delta(WSSR)/WSSR   : 0
 delta(WSSR) : 0                 limit for stopping : 1e-05
 lambda	  : 1.45365

initial set of free parameter values

a               = 0.0398681
b               = 0.135112

After 4 iterations the fit converged.
final sum of squares of residuals : 0.000377221
rel. change during last iteration : -5.84379e-12

degrees of freedom    (FIT_NDF)                        : 7
rms of residuals      (FIT_STDFIT) = sqrt(WSSR/ndf)    : 0.00734089
variance of residuals (reduced chisquare) = WSSR/ndf   : 5.38887e-05

Final set of parameters            Asymptotic Standard Error
=======================            ==========================

a               = 0.0873518        +/- 0.003223     (3.69%)
b               = 0.187849         +/- 0.00579      (3.082%)


correlation matrix of the fit parameters:

               a      b      
a               1.000 
b              -0.906  1.000 

