
*******************************************************************************
Thu Feb  7 17:48:08 2008


FIT:    data read from "30-1" using 1:3
        #datapoints = 8
        residuals are weighted equally (unit weight)

function used for fitting: f(x)
fitted parameters initialized with current variable values



 Iteration 0
 WSSR        : 0.000350774       delta(WSSR)/WSSR   : 0
 delta(WSSR) : 0                 limit for stopping : 1e-05
 lambda	  : 1.35884

initial set of free parameter values

a               = 0.0873518
b               = 0.187849

After 3 iterations the fit converged.
final sum of squares of residuals : 0.000336632
rel. change during last iteration : -2.23657e-06

degrees of freedom    (FIT_NDF)                        : 6
rms of residuals      (FIT_STDFIT) = sqrt(WSSR/ndf)    : 0.00749035
variance of residuals (reduced chisquare) = WSSR/ndf   : 5.61053e-05

Final set of parameters            Asymptotic Standard Error
=======================            ==========================

a               = 0.0856636        +/- 0.003841     (4.484%)
b               = 0.189721         +/- 0.006304     (3.323%)


correlation matrix of the fit parameters:

               a      b      
a               1.000 
b              -0.907  1.000 
