

*******************************************************************************
Thu Feb  7 17:57:42 2008


FIT:    data read from "45" using 1:3
        #datapoints = 9
        residuals are weighted equally (unit weight)

function used for fitting: f(x)
fitted parameters initialized with current variable values



 Iteration 0
 WSSR        : 0.000411336       delta(WSSR)/WSSR   : 0
 delta(WSSR) : 0                 limit for stopping : 1e-05
 lambda	  : 1.25044

initial set of free parameter values

a               = 0.132531
b               = 0.231273

After 1 iterations the fit converged.
final sum of squares of residuals : 0.000411336
rel. change during last iteration : -2.10864e-15

degrees of freedom    (FIT_NDF)                        : 7
rms of residuals      (FIT_STDFIT) = sqrt(WSSR/ndf)    : 0.00766566
variance of residuals (reduced chisquare) = WSSR/ndf   : 5.87623e-05

Final set of parameters            Asymptotic Standard Error
=======================            ==========================

a               = 0.132531         +/- 0.004147     (3.129%)
b               = 0.231273         +/- 0.006048     (2.615%)


correlation matrix of the fit parameters:

               a      b      
a               1.000 
b              -0.906  1.000 
