mktextfm ptmr7t
mktextfm ptmr8c
mktextfm ptmr7t
mktextfm ptmr8c
mktextfm ptmr7t
mktextfm ptmr8c
mktextfm cmr17
mktextfm cmr12
mktextfm cmr8
mktextfm cmr6
mktextfm cmmi12
mktextfm cmmi8
mktextfm cmmi6
mktextfm cmsy10
mktextfm cmsy8
mktextfm cmsy6
mktextfm cmex10
mktextfm cmex8
mktextfm cmex7
mktextfm msam10
mktextfm msam8
mktextfm msam6
mktextfm msbm10
mktextfm msbm8
mktextfm msbm6
mktextfm cmtt10
mktextfm cmex7
mktextfm cmex7
mktextfm msam10
mktextfm msam7
mktextfm msam5
mktextfm msbm10
mktextfm msbm7
mktextfm msbm5
mktextfm cmr12
