0 0
0.085505 0.234433
0.17101 0.467886
0.256515 0.700359
0.34202 0.931853
0.427525 1.16237
0.51303 1.3919
0.598535 1.62045
0.68404 1.84803
0.769545 2.07462
0.85505 2.30023
0.940555 2.52486
1.02606 2.74852
1.11157 2.97119
1.19707 3.19288
1.28258 3.4136
1.36808 3.63333
1.45359 3.85208
1.53909 4.06986
1.6246 4.28665
1.7101 4.50246
1.79561 4.7173
1.88111 4.93115
1.96662 5.14402
2.05212 5.35592
2.13763 5.56683
2.22313 5.77676
2.30864 5.98572
2.39414 6.19369
2.47965 6.40068
2.56515 6.60669
2.65066 6.81173
2.73616 7.01578
2.82167 7.21885
2.90717 7.42095
2.99268 7.62206
3.07818 7.82219
3.16369 8.02135
3.24919 8.21952
3.3347 8.41671
3.4202 8.61293
3.50571 8.80816
3.59121 9.00241
3.67672 9.19569
3.76222 9.38798
3.84773 9.57929
3.93323 9.76963
4.01874 9.95898
4.10424 10.1474
4.18975 10.3347
4.27525 10.5212
4.36076 10.7066
4.44626 10.891
4.53177 11.0745
4.61727 11.257
4.70278 11.4385
4.78828 11.6191
4.87379 11.7986
4.95929 11.9772
5.0448 12.1548
5.1303 12.3314
5.21581 12.507
5.30131 12.6817
5.38682 12.8553
5.47232 13.028
5.55783 13.1998
5.64333 13.3705
5.72884 13.5402
5.81434 13.709
5.89985 13.8768
5.98535 14.0436
6.07086 14.2095
6.15636 14.3743
6.24187 14.5382
6.32737 14.7011
6.41288 14.863
6.49838 15.0239
6.58389 15.1839
6.66939 15.3428
6.7549 15.5008
6.8404 15.6579
6.92591 15.8139
7.01141 15.9689
7.09692 16.123
7.18242 16.2761
7.26793 16.4282
7.35343 16.5794
7.43894 16.7295
7.52444 16.8787
7.60995 17.0269
7.69545 17.1741
7.78096 17.3203
7.86646 17.4656
7.95197 17.6098
8.03747 17.7531
8.12298 17.8954
8.20848 18.0368
8.29399 18.1771
8.37949 18.3165
8.465 18.4549
8.5505 18.5923
8.63601 18.7287
8.72151 18.8642
8.80702 18.9987
8.89252 19.1322
8.97803 19.2647
9.06353 19.3962
9.14904 19.5268
9.23454 19.6563
9.32005 19.7849
9.40555 19.9125
9.49106 20.0392
9.57656 20.1648
9.66207 20.2895
9.74757 20.4132
9.83308 20.5359
9.91858 20.6576
10.0041 20.7784
10.0896 20.8982
10.1751 21.017
10.2606 21.1348
10.3461 21.2516
10.4316 21.3675
10.5171 21.4823
10.6026 21.5962
10.6881 21.7091
10.7736 21.8211
10.8591 21.932
10.9446 22.042
11.0301 22.151
11.1157 22.259
11.2012 22.366
11.2867 22.4721
11.3722 22.5772
11.4577 22.6813
11.5432 22.7844
11.6287 22.8865
11.7142 22.9877
11.7997 23.0878
11.8852 23.187
11.9707 23.2852
12.0562 23.3825
12.1417 23.4787
12.2272 23.574
12.3127 23.6683
12.3982 23.7616
12.4837 23.8539
12.5692 23.9453
12.6547 24.0357
12.7403 24.1251
12.8258 24.2135
12.9113 24.3009
12.9968 24.3874
13.0823 24.4728
13.1678 24.5573
13.2533 24.6408
13.3388 24.7234
13.4243 24.8049
13.5098 24.8855
13.5953 24.9651
13.6808 25.0437
13.7663 25.1213
13.8518 25.198
13.9373 25.2737
14.0228 25.3484
14.1083 25.4221
14.1938 25.4948
14.2793 25.5666
14.3648 25.6373
14.4504 25.7071
14.5359 25.7759
14.6214 25.8438
14.7069 25.9106
14.7924 25.9765
14.8779 26.0414
14.9634 26.1053
15.0489 26.1682
15.1344 26.2302
15.2199 26.2912
15.3054 26.3512
15.3909 26.4102
15.4764 26.4682
15.5619 26.5253
15.6474 26.5813
15.7329 26.6364
15.8184 26.6905
15.9039 26.7437
15.9894 26.7958
16.0749 26.847
16.1605 26.8972
16.246 26.9464
16.3315 26.9946
16.417 27.0419
16.5025 27.0882
16.588 27.1335
16.6735 27.1778
16.759 27.2211
16.8445 27.2635
16.93 27.3048
17.0155 27.3452
17.101 27.3846
17.1865 27.4231
17.272 27.4605
17.3575 27.497
17.443 27.5325
17.5285 27.567
17.614 27.6005
17.6995 27.6331
17.785 27.6647
17.8706 27.6952
17.9561 27.7249
18.0416 27.7535
18.1271 27.7811
18.2126 27.8078
18.2981 27.8335
18.3836 27.8582
18.4691 27.882
18.5546 27.9047
18.6401 27.9265
18.7256 27.9473
18.8111 27.9671
18.8966 27.9859
18.9821 28.0038
19.0676 28.0207
19.1531 28.0365
19.2386 28.0515
19.3241 28.0654
19.4096 28.0783
19.4951 28.0903
19.5807 28.1013
19.6662 28.1113
19.7517 28.1204
19.8372 28.1284
19.9227 28.1355
20.0082 28.1416
20.0937 28.1467
20.1792 28.1508
20.2647 28.154
20.3502 28.1562
20.4357 28.1573
20.5212 28.1576
20.6067 28.1568
20.6922 28.155
20.7777 28.1523
20.8632 28.1486
20.9487 28.1439
21.0342 28.1383
21.1197 28.1316
21.2052 28.124
21.2908 28.1154
21.3763 28.1058
21.4618 28.0952
21.5473 28.0837
21.6328 28.0711
21.7183 28.0576
21.8038 28.0432
21.8893 28.0277
21.9748 28.0112
22.0603 27.9938
22.1458 27.9754
22.2313 27.956
22.3168 27.9357
22.4023 27.9143
22.4878 27.892
22.5733 27.8687
22.6588 27.8444
22.7443 27.8191
22.8298 27.7929
22.9153 27.7656
23.0009 27.7374
23.0864 27.7083
23.1719 27.6781
23.2574 27.6469
23.3429 27.6148
23.4284 27.5817
23.5139 27.5476
23.5994 27.5126
23.6849 27.4765
23.7704 27.4395
23.8559 27.4015
23.9414 27.3625
24.0269 27.3225
24.1124 27.2816
24.1979 27.2396
24.2834 27.1967
24.3689 27.1528
24.4544 27.108
24.5399 27.0621
24.6255 27.0153
24.711 26.9675
24.7965 26.9187
24.882 26.8689
24.9675 26.8182
25.053 26.7665
25.1385 26.7138
25.224 26.6601
25.3095 26.6054
25.395 26.5498
25.4805 26.4931
25.566 26.4355
25.6515 26.3769
25.737 26.3174
25.8225 26.2568
25.908 26.1953
25.9935 26.1328
26.079 26.0693
26.1645 26.0048
26.25 25.9394
26.3356 25.873
26.4211 25.8056
26.5066 25.7372
26.5921 25.6678
26.6776 25.5975
26.7631 25.5261
26.8486 25.4538
26.9341 25.3805
27.0196 25.3063
27.1051 25.231
27.1906 25.1548
27.2761 25.0776
27.3616 24.9994
27.4471 24.9202
27.5326 24.8401
27.6181 24.759
27.7036 24.6769
27.7891 24.5938
27.8746 24.5097
27.9601 24.4247
28.0457 24.3386
28.1312 24.2516
28.2167 24.1636
28.3022 24.0747
28.3877 23.9847
28.4732 23.8938
28.5587 23.8019
28.6442 23.709
28.7297 23.6151
28.8152 23.5203
28.9007 23.4245
28.9862 23.3277
29.0717 23.2299
29.1572 23.1311
29.2427 23.0314
29.3282 22.9306
29.4137 22.8289
29.4992 22.7262
29.5847 22.6226
29.6702 22.5179
29.7558 22.4123
29.8413 22.3057
29.9268 22.1981
30.0123 22.0895
30.0978 21.98
30.1833 21.8695
30.2688 21.758
30.3543 21.6455
30.4398 21.532
30.5253 21.4176
30.6108 21.3021
30.6963 21.1857
30.7818 21.0683
30.8673 20.95
30.9528 20.8306
31.0383 20.7103
31.1238 20.589
31.2093 20.4667
31.2948 20.3434
31.3803 20.2192
31.4659 20.094
31.5514 19.9678
31.6369 19.8406
31.7224 19.7124
31.8079 19.5833
31.8934 19.4531
31.9789 19.322
32.0644 19.1899
32.1499 19.0569
32.2354 18.9228
32.3209 18.7878
32.4064 18.6518
32.4919 18.5148
32.5774 18.3768
32.6629 18.2379
32.7484 18.098
32.8339 17.9571
32.9194 17.8152
33.0049 17.6723
33.0904 17.5285
33.176 17.3836
33.2615 17.2378
33.347 17.091
33.4325 16.9433
33.518 16.7945
33.6035 16.6448
33.689 16.4941
33.7745 16.3424
33.86 16.1897
33.9455 16.0361
34.031 15.8815
34.1165 15.7258
34.202 15.5693
34.2875 15.4117
34.373 15.2531
34.4585 15.0936
34.544 14.9331
34.6295 14.7716
34.715 14.6092
34.8005 14.4457
34.8861 14.2813
34.9716 14.1159
35.0571 13.9495
35.1426 13.7821
35.2281 13.6138
35.3136 13.4445
35.3991 13.2741
35.4846 13.1029
35.5701 12.9306
35.6556 12.7573
35.7411 12.5831
35.8266 12.4079
35.9121 12.2317
35.9976 12.0546
36.0831 11.8764
36.1686 11.6973
36.2541 11.5172
36.3396 11.3361
36.4251 11.154
36.5107 10.971
36.5962 10.787
36.6817 10.6019
36.7672 10.416
36.8527 10.229
36.9382 10.041
37.0237 9.85212
37.1092 9.66221
37.1947 9.47132
37.2802 9.27946
37.3657 9.08661
37.4512 8.89278
37.5367 8.69798
37.6222 8.50219
37.7077 8.30542
37.7932 8.10767
37.8787 7.90895
37.9642 7.70924
38.0497 7.50855
38.1352 7.30689
38.2208 7.10424
38.3063 6.90061
38.3918 6.69601
38.4773 6.49042
38.5628 6.28385
38.6483 6.07631
38.7338 5.86778
38.8193 5.65827
38.9048 5.44779
38.9903 5.23632
39.0758 5.02387
39.1613 4.81045
39.2468 4.59604
39.3323 4.38065
39.4178 4.16428
39.5033 3.94694
39.5888 3.72861
39.6743 3.5093
39.7598 3.28902
39.8453 3.06775
39.9309 2.8455
40.0164 2.62228
40.1019 2.39807
40.1874 2.17288
40.2729 1.94672
40.3584 1.71957
40.4439 1.49144
40.5294 1.26234
40.6149 1.03225
40.7004 0.801182
40.7859 0.569135
40.8714 0.336108
40.9569 0.102101
