0 0 0 0
1 2.22573 2.21259 2.1867
2 4.44875 4.39649 4.29512
3 6.66636 6.54951 6.32628
4 8.87584 8.66953 8.28121
5 11.0745 10.7545 10.161
6 13.2597 12.8025 11.9666
7 15.4287 14.8116 13.6993
8 17.5789 16.7799 15.3599
9 19.7077 18.7058 16.9498
10 21.8125 20.5876 18.4698
11 23.8907 22.4237 19.9211
12 25.9398 24.2126 21.3049
13 27.9573 25.9529 22.6221
14 29.9408 27.6431 23.8739
15 31.8878 29.2821 25.0614
16 33.7959 30.8685 26.1856
17 35.6628 32.4013 27.2475
18 37.4863 33.8795 28.2484
19 39.2641 35.3019 29.1892
20 40.9941 36.6678 30.071
21 42.6741 37.9762 30.8948
22 44.3022 39.2264 31.6617
23 45.8763 40.4177 32.3727
24 47.3944 41.5495 33.0288
25 48.8549 42.6212 33.631
26 50.2558 43.6322 34.1804
27 51.5955 44.5822 34.678
28 52.8723 45.4708 35.1247
29 54.0847 46.2978 35.5216
30 55.2312 47.0627 35.8695
31 56.3104 47.7656 36.1695
32 57.321 48.4063 36.4225
33 58.2618 48.9847 36.6295
34 59.1316 49.5008 36.7914
35 59.9294 49.9547 36.9091
36 60.6541 50.3465 36.9837
37 61.305 50.6765 37.0159
38 61.8811 50.9447 37.0066
39 62.3819 51.1516 36.9569
40 62.8066 51.2974 36.8676
41 63.1549 51.3826 36.7395
42 63.4261 51.4075 36.5736
43 63.6202 51.3727 36.3707
44 63.7367 51.2787 36.1317
45 63.7755 51.1261 35.8575
46 63.7367 50.9156 35.5488
47 63.6202 50.6477 35.2066
48 63.4261 50.3232 34.8317
49 63.1549 49.9428 34.4249
50 62.8066 49.5074 33.987
51 62.3819 49.0178 33.5189
52 61.8811 48.4749 33.0214
53 61.305 47.8796 32.4953
54 60.6541 47.2328 31.9414
55 59.9294 46.5355 31.3605
56 59.1316 45.7888 30.7534
57 58.2618 44.9936 30.1209
58 57.321 44.1511 29.4638
59 56.3104 43.2625 28.7829
60 55.2312 42.3287 28.0789
61 54.0847 41.3511 27.3527
62 52.8723 40.3308 26.605
63 51.5955 39.2691 25.8365
64 50.2558 38.1671 25.0481
65 48.8549 37.0263 24.2405
66 47.3944 35.8478 23.4145
67 45.8763 34.6331 22.5708
68 44.3022 33.3834 21.7102
69 42.6741 32.1002 20.8334
70 40.9941 30.7848 19.9412
71 39.2641 29.4386 19.0343
72 37.4863 28.0631 18.1135
73 35.6628 26.6598 17.1796
74 33.7959 25.23 16.2332
75 31.8878 23.7752 15.2751
76 29.9408 22.297 14.3061
77 27.9573 20.7969 13.3268
78 25.9398 19.2763 12.3381
79 23.8907 17.7368 11.3406
80 21.8125 16.1799 10.3351
81 19.7077 14.6072 9.32231
82 17.5789 13.0202 8.30298
83 15.4287 11.4206 7.27783
84 13.2597 9.80976 6.24759
85 11.0745 8.18941 5.21299
86 8.87584 6.5611 4.17475
87 6.66636 4.92641 3.13361
88 4.44875 3.28694 2.09028
89 2.22573 1.64427 1.0455
