0 0
0.0853769 0.234082
0.170498 0.466484
0.255364 0.697211
0.339976 0.926268
0.424335 1.15366
0.508441 1.37939
0.592294 1.60347
0.675897 1.8259
0.759249 2.04669
0.842352 2.26583
0.925206 2.48334
1.00781 2.69922
1.09017 2.91347
1.17228 3.1261
1.25415 3.33712
1.33577 3.54653
1.41714 3.75433
1.49827 3.96053
1.57916 4.16514
1.65981 4.36815
1.74021 4.56957
1.82038 4.76942
1.9003 4.96769
1.97999 5.16438
2.05943 5.35951
2.13864 5.55307
2.21761 5.74508
2.29634 5.93553
2.37484 6.12443
2.45311 6.31179
2.53113 6.49761
2.60893 6.68189
2.68649 6.86465
2.76382 7.04587
2.84092 7.22558
2.91779 7.40377
2.99442 7.58044
3.07083 7.75561
3.14701 7.92928
3.22296 8.10144
3.29868 8.27212
3.37418 8.4413
3.44945 8.609
3.52449 8.77521
3.59931 8.93995
3.6739 9.10322
3.74828 9.26502
3.82242 9.42536
3.89635 9.58424
3.97006 9.74166
4.04354 9.89763
4.11681 10.0522
4.18985 10.2052
4.26268 10.3569
4.33528 10.5071
4.40768 10.6559
4.47985 10.8033
4.55181 10.9492
4.62355 11.0937
4.69508 11.2369
4.76639 11.3786
4.83749 11.5189
4.90837 11.6578
4.97905 11.7953
5.04951 11.9314
5.11976 12.0662
5.1898 12.1995
5.25963 12.3315
5.32925 12.4621
5.39867 12.5913
5.46787 12.7192
5.53687 12.8457
5.60566 12.9708
5.67425 13.0946
5.74263 13.2171
5.8108 13.3382
5.87877 13.4579
5.94654 13.5764
6.0141 13.6934
6.08146 13.8092
6.14862 13.9236
6.21558 14.0368
6.28234 14.1485
6.3489 14.259
6.41526 14.3682
6.48142 14.4761
6.54738 14.5826
6.61314 14.6879
6.67871 14.7919
6.74408 14.8946
6.80926 14.996
6.87424 15.0961
6.93902 15.1949
7.00361 15.2925
7.06801 15.3888
7.13221 15.4838
7.19623 15.5775
7.26005 15.67
7.32368 15.7613
7.38712 15.8513
7.45036 15.94
7.51342 16.0275
7.57629 16.1138
7.63898 16.1988
7.70147 16.2826
7.76378 16.3652
7.8259 16.4465
7.88783 16.5266
7.94958 16.6055
8.01115 16.6832
8.07252 16.7597
8.13372 16.8349
8.19473 16.909
8.25556 16.9818
8.31621 17.0535
8.37668 17.124
8.43696 17.1932
8.49706 17.2613
8.55699 17.3282
8.61673 17.394
8.6763 17.4585
8.73568 17.5219
8.79489 17.5841
8.85393 17.6452
8.91278 17.7051
8.97146 17.7638
9.02996 17.8214
9.08829 17.8778
9.14644 17.9331
9.20442 17.9872
9.26223 18.0402
9.31986 18.092
9.37732 18.1428
9.4346 18.1923
9.49172 18.2408
9.54866 18.2882
9.60544 18.3344
9.66204 18.3795
9.71848 18.4235
9.77474 18.4663
9.83084 18.5081
9.88677 18.5488
9.94253 18.5883
9.99812 18.6268
10.0535 18.6642
10.1088 18.7005
10.1639 18.7357
10.2188 18.7698
10.2736 18.8028
10.3282 18.8348
10.3826 18.8657
10.4369 18.8955
10.491 18.9242
10.545 18.9519
10.5988 18.9785
10.6524 19.0041
10.7059 19.0286
10.7592 19.052
10.8123 19.0744
10.8653 19.0958
10.9181 19.1161
10.9708 19.1354
11.0233 19.1536
11.0757 19.1708
11.1279 19.187
11.1799 19.2022
11.2318 19.2163
11.2835 19.2294
11.3351 19.2415
11.3865 19.2525
11.4378 19.2626
11.4889 19.2717
11.5399 19.2797
11.5907 19.2867
11.6414 19.2928
11.6919 19.2978
11.7422 19.3019
11.7924 19.3049
11.8425 19.307
11.8924 19.3081
11.9421 19.3082
11.9917 19.3073
12.0412 19.3055
12.0905 19.3027
12.1397 19.2989
12.1887 19.2941
12.2375 19.2884
12.2863 19.2817
12.3348 19.2741
12.3833 19.2655
12.4315 19.2559
12.4797 19.2454
12.5277 19.234
12.5755 19.2216
12.6232 19.2083
12.6708 19.194
12.7182 19.1788
12.7655 19.1627
12.8126 19.1456
12.8596 19.1276
12.9065 19.1087
12.9532 19.0888
12.9998 19.0681
13.0462 19.0464
13.0925 19.0238
13.1387 19.0003
13.1847 18.9759
13.2306 18.9506
13.2763 18.9243
13.3219 18.8972
13.3674 18.8692
13.4127 18.8403
13.4579 18.8105
13.503 18.7798
13.5479 18.7482
13.5927 18.7158
13.6374 18.6824
13.6819 18.6482
13.7263 18.6131
13.7705 18.5771
13.8147 18.5403
13.8587 18.5026
13.9025 18.464
13.9463 18.4246
13.9899 18.3843
14.0333 18.3431
14.0767 18.3011
14.1199 18.2582
14.163 18.2145
14.2059 18.1699
14.2487 18.1245
14.2914 18.0783
14.334 18.0312
14.3764 17.9833
14.4188 17.9345
14.4609 17.8849
14.503 17.8345
14.5449 17.7832
14.5867 17.7311
14.6284 17.6782
14.67 17.6245
14.7114 17.57
14.7527 17.5146
14.7939 17.4585
14.835 17.4015
14.8759 17.3437
14.9167 17.2851
14.9574 17.2257
14.998 17.1655
15.0384 17.1045
15.0788 17.0427
15.119 16.9802
15.1591 16.9168
15.199 16.8526
15.2389 16.7877
15.2786 16.7219
15.3182 16.6554
15.3577 16.5881
15.3971 16.5201
15.4363 16.4512
15.4755 16.3816
15.5145 16.3112
15.5534 16.2401
15.5922 16.1681
15.6309 16.0955
15.6694 16.022
15.7078 15.9478
15.7462 15.8729
15.7844 15.7972
15.8225 15.7207
15.8605 15.6435
15.8983 15.5655
15.9361 15.4868
15.9737 15.4074
16.0112 15.3272
16.0487 15.2462
16.086 15.1646
16.1232 15.0822
16.1602 14.9991
16.1972 14.9152
16.2341 14.8306
16.2708 14.7453
16.3074 14.6593
16.344 14.5725
16.3804 14.485
16.4167 14.3968
16.4529 14.3079
16.489 14.2183
16.525 14.128
16.5609 14.037
16.5966 13.9452
16.6323 13.8528
16.6678 13.7596
16.7033 13.6658
16.7386 13.5712
16.7739 13.476
16.809 13.3801
16.844 13.2835
16.8789 13.1861
16.9138 13.0881
16.9485 12.9895
16.9831 12.8901
17.0176 12.79
17.052 12.6893
17.0863 12.5879
17.1205 12.4858
17.1546 12.3831
17.1886 12.2797
17.2224 12.1756
17.2562 12.0708
17.2899 11.9654
17.3235 11.8593
17.357 11.7526
17.3904 11.6452
17.4237 11.5371
17.4568 11.4284
17.4899 11.319
17.5229 11.209
17.5558 11.0983
17.5886 10.987
17.6213 10.8751
17.6539 10.7625
17.6864 10.6492
17.7188 10.5353
17.7511 10.4208
17.7833 10.3057
17.8154 10.1899
17.8474 10.0734
17.8793 9.95639
17.9111 9.83871
17.9428 9.72041
17.9745 9.60148
18.006 9.48192
18.0374 9.36175
18.0688 9.24096
18.1 9.11955
18.1312 8.99753
18.1623 8.87489
18.1932 8.75165
18.2241 8.62779
18.2549 8.50333
18.2856 8.37826
18.3162 8.25258
18.3467 8.12631
18.3771 7.99943
18.4075 7.87196
18.4377 7.74389
18.4678 7.61522
18.4979 7.48596
18.5279 7.35611
18.5577 7.22567
18.5875 7.09465
18.6172 6.96303
18.6468 6.83084
18.6764 6.69806
18.7058 6.56469
18.7351 6.43075
18.7644 6.29624
18.7936 6.16114
18.8226 6.02548
18.8516 5.88924
18.8805 5.75243
18.9094 5.61505
18.9381 5.47711
18.9667 5.33859
18.9953 5.19952
19.0238 5.05988
19.0522 4.91969
19.0805 4.77893
19.1087 4.63762
19.1368 4.49575
19.1649 4.35333
19.1929 4.21036
19.2207 4.06684
19.2485 3.92277
19.2763 3.77815
19.3039 3.63298
19.3314 3.48728
19.3589 3.34103
19.3863 3.19424
19.4136 3.04691
19.4408 2.89904
19.468 2.75064
19.495 2.60171
19.522 2.45224
19.5489 2.30224
19.5757 2.15171
19.6025 2.00066
19.6291 1.84907
19.6557 1.69697
19.6822 1.54434
19.7086 1.39119
19.735 1.23752
19.7612 1.08333
19.7874 0.928626
19.8135 0.773406
19.8395 0.617673
19.8655 0.461427
19.8913 0.304671
19.9171 0.147406
19.9429 -0.0103665
19.9685 -0.168645
19.9941 -0.327428
20.0195 -0.486714
20.0449 -0.646501
20.0703 -0.806788
20.0955 -0.967573
20.1207 -1.12886
20.1458 -1.29063
20.1708 -1.4529
20.1958 -1.61567
20.2207 -1.77892
20.2455 -1.94267
20.2702 -2.1069
20.2949 -2.27162
20.3195 -2.43682
20.344 -2.60251
20.3684 -2.76868
20.3928 -2.93533
20.4171 -3.10246
20.4413 -3.27007
20.4654 -3.43816
20.4895 -3.60672
20.5135 -3.77575
20.5374 -3.94526
20.5613 -4.11523
20.5851 -4.28568
20.6088 -4.45659
20.6324 -4.62797
20.656 -4.79982
20.6795 -4.97213
20.7029 -5.1449
20.7263 -5.31813
20.7496 -5.49182
20.7728 -5.66597
20.796 -5.84058
20.819 -6.01564
20.8421 -6.19116
20.865 -6.36713
20.8879 -6.54355
20.9107 -6.72042
20.9334 -6.89774
20.9561 -7.07551
20.9787 -7.25372
21.0012 -7.43238
21.0237 -7.61148
21.0461 -7.79102
21.0684 -7.97101
21.0907 -8.15143
21.1129 -8.33229
21.135 -8.51359
21.1571 -8.69532
21.1791 -8.87749
21.201 -9.06009
21.2229 -9.24312
21.2447 -9.42658
21.2664 -9.61048
21.2881 -9.79479
21.3097 -9.97954
21.3313 -10.1647
21.3527 -10.3503
21.3742 -10.5363
21.3955 -10.7228
21.4168 -10.9096
21.438 -11.0969
21.4592 -11.2846
21.4803 -11.4727
21.5013 -11.6612
21.5223 -11.8502
21.5432 -12.0395
21.564 -12.2293
21.5848 -12.4195
21.6055 -12.61
21.6262 -12.801
21.6468 -12.9924
21.6673 -13.1842
21.6878 -13.3764
21.7082 -13.569
21.7286 -13.7621
