

*******************************************************************************
Tue Apr 15 16:17:10 2008


FIT:    data read from "inter5" using 1:2
        #datapoints = 3
        residuals are weighted equally (unit weight)

function used for fitting: f(x)
fitted parameters initialized with current variable values



 Iteration 0
 WSSR        : 118599            delta(WSSR)/WSSR   : 0
 delta(WSSR) : 0                 limit for stopping : 1e-05
 lambda	  : 0.763763

initial set of free parameter values

a               = 1
b               = 1

After 4 iterations the fit converged.
final sum of squares of residuals : 0.0010935
rel. change during last iteration : -5.09e-09

degrees of freedom    (FIT_NDF)                        : 1
rms of residuals      (FIT_STDFIT) = sqrt(WSSR/ndf)    : 0.0330681
variance of residuals (reduced chisquare) = WSSR/ndf   : 0.0010935

Final set of parameters            Asymptotic Standard Error
=======================            ==========================

a               = -1.039           +/- 0.04677      (4.501%)
b               = 199.827          +/- 0.01909      (0.009554%)


correlation matrix of the fit parameters:

               a      b      
a               1.000 
b               0.000  1.000 


*******************************************************************************
Tue Apr 15 16:20:17 2008


FIT:    data read from "inter5" using 1:3
        #datapoints = 3
        residuals are weighted equally (unit weight)

function used for fitting: g(x)
fitted parameters initialized with current variable values



 Iteration 0
 WSSR        : 118768            delta(WSSR)/WSSR   : 0
 delta(WSSR) : 0                 limit for stopping : 1e-05
 lambda	  : 0.763763

initial set of free parameter values

c               = 1
d               = 1

After 4 iterations the fit converged.
final sum of squares of residuals : 0.00375
rel. change during last iteration : -1.33419e-09

degrees of freedom    (FIT_NDF)                        : 1
rms of residuals      (FIT_STDFIT) = sqrt(WSSR/ndf)    : 0.0612372
variance of residuals (reduced chisquare) = WSSR/ndf   : 0.00375

Final set of parameters            Asymptotic Standard Error
=======================            ==========================

c               = -0.41            +/- 0.0866       (21.12%)
d               = 199.97           +/- 0.03536      (0.01768%)


correlation matrix of the fit parameters:

               c      d      
c               1.000 
d               0.000  1.000 


*******************************************************************************
Mon Apr 21 16:33:32 2008


FIT:    data read from "fine" using 1:2
	x range restricted to [-1.00000 : 1.00000]
        #datapoints = 3
        residuals are weighted equally (unit weight)

function used for fitting: f(x)


*******************************************************************************
Mon Apr 21 16:33:36 2008


FIT:    data read from "fine" using 1:2
	x range restricted to [-1.00000 : 1.00000]
        #datapoints = 3
        residuals are weighted equally (unit weight)

function used for fitting: f(x)
fitted parameters initialized with current variable values



 Iteration 0
 WSSR        : 118600            delta(WSSR)/WSSR   : 0
 delta(WSSR) : 0                 limit for stopping : 1e-05
 lambda	  : 0.763763

initial set of free parameter values

a               = 1
b               = 1

After 4 iterations the fit converged.
final sum of squares of residuals : 0.00120417
rel. change during last iteration : -4.62582e-09

degrees of freedom    (FIT_NDF)                        : 1
rms of residuals      (FIT_STDFIT) = sqrt(WSSR/ndf)    : 0.0347011
variance of residuals (reduced chisquare) = WSSR/ndf   : 0.00120417

Final set of parameters            Asymptotic Standard Error
=======================            ==========================

a               = -1.043           +/- 0.04907      (4.705%)
b               = 199.828          +/- 0.02003      (0.01003%)


correlation matrix of the fit parameters:

               a      b      
a               1.000 
b               0.000  1.000 


*******************************************************************************
Mon Apr 21 16:33:46 2008


FIT:    data read from "fine" using 1:3
	x range restricted to [-1.00000 : 1.00000]
        #datapoints = 3
        residuals are weighted equally (unit weight)

function used for fitting: g(x)
fitted parameters initialized with current variable values



 Iteration 0
 WSSR        : 118776            delta(WSSR)/WSSR   : 0
 delta(WSSR) : 0                 limit for stopping : 1e-05
 lambda	  : 0.763763

initial set of free parameter values

c               = 1
d               = 1

After 4 iterations the fit converged.
final sum of squares of residuals : 0.00416067
rel. change during last iteration : -1.20221e-09

degrees of freedom    (FIT_NDF)                        : 1
rms of residuals      (FIT_STDFIT) = sqrt(WSSR/ndf)    : 0.0645032
variance of residuals (reduced chisquare) = WSSR/ndf   : 0.00416067

Final set of parameters            Asymptotic Standard Error
=======================            ==========================

c               = -0.408           +/- 0.09122      (22.36%)
d               = 199.977          +/- 0.03724      (0.01862%)


correlation matrix of the fit parameters:

               c      d      
c               1.000 
d               0.000  1.000 
