1 0.0046488
2 0.00473488
3 0.00488414
4 0.00510621
5 0.00541653
6 0.00583894
7 0.0064105
8 0.00718985
9 0.00827352
10 0.00982888
11 0.0121679
12 0.0159307
13 0.0226188
14 0.036534
15 0.0748736
16 0.278261
17 181.622
18 0.189656
19 0.042878
20 0.0166021
21 0.00793228
22 0.00418638
23 0.0023017
24 0.00125919
25 0.000648694
26 0.000284652
27 7.98619e-05
28 9.68738e-07
29 6.10528e-05
30 0.000353278
31 0.00121598
32 0.00418512
33 0.0236495
34 4.86199
35 0.0246082
36 0.00723716
37 0.00350541
38 0.00206793
39 0.00134807
40 0.000928498
41 0.000658072
42 0.00047057
43 0.000332836
44 0.000226704
45 0.000141722
46 7.24705e-05
47 1.9644e-05
48 1.73739e-06
49 0.000135934
50 0.00180897
51 0.235809
52 0.00334542
53 0.00125366
54 0.000727035
55 0.000498091
56 0.000370713
57 0.000289017
58 0.000231466
59 0.000188051
60 0.000153438
61 0.000124421
62 9.88289e-05
63 7.49491e-05
64 5.11746e-05
65 2.60671e-05
66 2.32766e-06
67 8.39845e-05
68 0.0152377
69 0.000536562
70 0.000260467
71 0.000178556
72 0.00013855
73 0.000114056
74 9.7006e-05
75 8.41038e-05
76 7.37401e-05
77 6.5015e-05
78 5.73366e-05
79 5.02726e-05
80 4.34047e-05
81 3.62012e-05
82 2.77547e-05
83 1.60759e-05
84 1.18702e-07
85 0.00127298
86 0.000113249
87 7.08952e-05
88 5.6028e-05
89 4.78752e-05
90 4.23997e-05
91 3.82888e-05
92 3.49727e-05
93 3.21686e-05
94 2.97043e-05
95 2.74639e-05
96 2.53552e-05
97 2.32811e-05
98 2.10972e-05
99 1.85287e-05
100 1.47998e-05
101 6.49807e-06
102 0.000151943
103 3.37734e-05
104 2.59244e-05
105 2.2666e-05
106 2.06533e-05
107 1.91747e-05
108 1.79809e-05
109 1.69626e-05
110 1.60602e-05
111 1.52388e-05
112 1.4476e-05
113 1.3748e-05
114 1.30325e-05
115 1.2292e-05
116 1.14508e-05
117 1.02834e-05
118 7.51465e-06
119 3.02044e-05
120 1.4003e-05
121 1.22252e-05
122 1.13448e-05
123 1.0731e-05
124 1.02377e-05
125 9.81104e-06
126 9.42923e-06
127 9.0799e-06
128 8.75195e-06
129 8.44258e-06
130 8.14411e-06
131 7.85358e-06
132 7.55771e-06
133 7.23963e-06
134 6.83477e-06
135 5.95244e-06
136 1.03513e-05
137 7.43076e-06
138 6.93397e-06
139 6.63611e-06
140 6.40219e-06
141 6.19836e-06
142 6.01277e-06
143 5.84147e-06
144 5.67822e-06
145 5.52405e-06
146 5.37549e-06
147 5.23327e-06
148 5.09313e-06
149 4.95474e-06
150 4.81114e-06
151 4.64509e-06
152 4.34248e-06
153 5.27952e-06
154 4.62265e-06
155 4.4481e-06
156 4.32189e-06
157 4.21147e-06
158 4.11013e-06
159 4.01466e-06
160 3.92446e-06
161 3.83776e-06
162 3.75424e-06
163 3.67329e-06
164 3.59492e-06
165 3.51874e-06
166 3.44286e-06
167 3.36738e-06
168 3.28605e-06
169 3.16667e-06
170 3.3567e-06
171 3.17384e-06
172 3.09518e-06
173 3.02979e-06
174 2.96915e-06
175 2.91213e-06
176 2.85645e-06
177 2.80284e-06
178 2.75118e-06
179 2.70087e-06
180 2.65227e-06
181 2.60464e-06
182 2.55838e-06
183 2.51288e-06
184 2.46688e-06
185 2.42168e-06
186 2.36459e-06
187 2.38891e-06
188 2.32186e-06
189 2.27863e-06
190 2.23962e-06
191 2.20225e-06
192 2.16599e-06
193 2.13031e-06
194 2.09653e-06
195 2.06326e-06
196 2.03028e-06
197 1.99864e-06
198 1.9677e-06
199 1.93737e-06
200 1.90796e-06
201 1.87831e-06
202 1.8495e-06
203 1.81719e-06
204 1.80714e-06
205 1.77385e-06
206 1.74716e-06
207 1.72148e-06
208 1.69649e-06
209 1.67235e-06
210 1.64859e-06
211 1.62536e-06
212 1.60285e-06
213 1.58021e-06
214 1.55841e-06
215 1.53717e-06
216 1.51659e-06
217 1.49572e-06
218 1.47564e-06
219 1.45596e-06
220 1.43513e-06
221 1.42071e-06
222 1.4008e-06
223 1.38206e-06
224 1.36426e-06
225 1.34689e-06
226 1.32951e-06
227 1.31314e-06
228 1.29607e-06
229 1.28003e-06
230 1.26439e-06
231 1.24854e-06
232 1.23346e-06
233 1.21842e-06
234 1.20372e-06
235 1.18897e-06
236 1.17475e-06
237 1.1603e-06
238 1.14799e-06
239 1.13413e-06
240 1.12074e-06
241 1.10785e-06
242 1.09502e-06
243 1.08253e-06
244 1.07028e-06
245 1.05807e-06
246 1.04632e-06
247 1.03444e-06
248 1.0231e-06
249 1.01156e-06
250 1.00065e-06
251 9.89642e-07
252 9.78397e-07
253 9.68292e-07
254 9.57578e-07
255 9.47697e-07
256 9.37898e-07
257 9.2756e-07
258 9.17674e-07
259 9.08228e-07
260 8.98704e-07
261 8.89336e-07
262 8.80608e-07
263 8.71369e-07
264 8.62287e-07
265 8.53721e-07
266 8.45029e-07
267 8.36715e-07
268 8.2823e-07
269 8.19827e-07
270 8.11878e-07
271 8.03763e-07
272 7.962e-07
273 7.88358e-07
274 7.80986e-07
275 7.73228e-07
276 7.65577e-07
277 7.58752e-07
278 7.5156e-07
279 7.44001e-07
280 7.3709e-07
281 7.30609e-07
282 7.23794e-07
283 7.16559e-07
284 7.10168e-07
285 7.03719e-07
286 6.97343e-07
287 6.90908e-07
288 6.84708e-07
289 6.78393e-07
290 6.72655e-07
291 6.66397e-07
292 6.60652e-07
293 6.54907e-07
294 6.48978e-07
295 6.43368e-07
296 6.37788e-07
297 6.3222e-07
298 6.26698e-07
299 6.213e-07
300 6.16114e-07
301 6.10625e-07
302 6.05835e-07
303 6.00563e-07
304 5.95417e-07
305 5.90545e-07
306 5.85513e-07
307 5.80886e-07
308 5.75836e-07
309 5.71299e-07
310 5.66619e-07
311 5.61771e-07
312 5.57459e-07
313 5.52997e-07
314 5.48426e-07
315 5.44122e-07
316 5.39947e-07
317 5.35278e-07
318 5.31118e-07
319 5.27226e-07
320 5.22729e-07
321 5.19036e-07
322 5.14882e-07
323 5.10723e-07
324 5.06913e-07
325 5.02999e-07
326 4.99263e-07
327 4.95285e-07
328 4.91444e-07
329 4.88009e-07
330 4.84167e-07
331 4.80586e-07
332 4.76792e-07
333 4.7359e-07
334 4.70112e-07
335 4.66518e-07
336 4.63078e-07
337 4.59785e-07
338 4.5625e-07
339 4.52995e-07
340 4.49674e-07
341 4.46587e-07
342 4.43214e-07
343 4.40176e-07
344 4.37188e-07
345 4.33803e-07
346 4.30848e-07
347 4.27711e-07
348 4.24777e-07
349 4.21725e-07
350 4.18852e-07
351 4.15965e-07
352 4.12935e-07
353 4.10248e-07
354 4.07376e-07
355 4.04592e-07
356 4.01755e-07
357 3.99101e-07
358 3.96337e-07
359 3.93862e-07
360 3.91118e-07
361 3.88487e-07
362 3.85898e-07
363 3.83345e-07
364 3.80933e-07
365 3.78361e-07
366 3.75929e-07
367 3.73512e-07
368 3.71031e-07
369 3.68398e-07
370 3.66227e-07
371 3.63923e-07
372 3.61481e-07
373 3.59252e-07
374 3.5663e-07
375 3.54517e-07
376 3.52383e-07
377 3.50169e-07
378 3.47997e-07
379 3.45521e-07
380 3.43483e-07
381 3.41507e-07
382 3.39291e-07
383 3.37191e-07
384 3.35175e-07
385 3.32888e-07
386 3.31121e-07
387 3.28943e-07
388 3.27143e-07
389 3.25058e-07
390 3.23073e-07
391 3.21182e-07
392 3.19188e-07
393 3.172e-07
394 3.15338e-07
395 3.1339e-07
396 3.11454e-07
397 3.09804e-07
398 3.07909e-07
399 3.06233e-07
400 3.04444e-07
401 3.0251e-07
402 3.00909e-07
403 2.98963e-07
404 2.97364e-07
405 2.95666e-07
406 2.93917e-07
407 2.92221e-07
408 2.90585e-07
409 2.88917e-07
410 2.8726e-07
411 2.85699e-07
412 2.84059e-07
413 2.82414e-07
414 2.80884e-07
415 2.79339e-07
416 2.77787e-07
417 2.76229e-07
418 2.74565e-07
419 2.73136e-07
420 2.71518e-07
421 2.70092e-07
422 2.6877e-07
423 2.67161e-07
424 2.65666e-07
425 2.64179e-07
426 2.62858e-07
427 2.61443e-07
428 2.59934e-07
429 2.58595e-07
430 2.57258e-07
431 2.55749e-07
432 2.54526e-07
433 2.53173e-07
434 2.5179e-07
435 2.5046e-07
436 2.48993e-07
437 2.47731e-07
438 2.46635e-07
439 2.4529e-07
440 2.43887e-07
441 2.42617e-07
442 2.41497e-07
443 2.40367e-07
444 2.3905e-07
445 2.37818e-07
446 2.36597e-07
447 2.35451e-07
448 2.34189e-07
449 2.33002e-07
450 2.31719e-07
451 2.30695e-07
452 2.29657e-07
453 2.28301e-07
454 2.27207e-07
455 2.26062e-07
456 2.24955e-07
457 2.23886e-07
458 2.22778e-07
459 2.21697e-07
460 2.20555e-07
461 2.19541e-07
462 2.18335e-07
463 2.17252e-07
464 2.16274e-07
465 2.15028e-07
466 2.14254e-07
467 2.13133e-07
468 2.12166e-07
469 2.11046e-07
470 2.10267e-07
471 2.0904e-07
472 2.08027e-07
473 2.07137e-07
474 2.0618e-07
475 2.05022e-07
476 2.04186e-07
477 2.03295e-07
478 2.0222e-07
479 2.01333e-07
480 2.00439e-07
481 1.99422e-07
482 1.98505e-07
483 1.97562e-07
484 1.96719e-07
485 1.95845e-07
486 1.94932e-07
487 1.93921e-07
488 1.93083e-07
489 1.92195e-07
490 1.91366e-07
491 1.90503e-07
492 1.89449e-07
493 1.88652e-07
494 1.87919e-07
495 1.87089e-07
496 1.86101e-07
497 1.85427e-07
498 1.84477e-07
499 1.83742e-07
500 1.82867e-07
501 1.82144e-07
502 1.81211e-07
503 1.80443e-07
504 1.79734e-07
505 1.78905e-07
506 1.78099e-07
507 1.77277e-07
508 1.7654e-07
509 1.75777e-07
510 1.74961e-07
511 1.74256e-07
512 1.73385e-07
513 1.72723e-07
514 1.72033e-07
515 1.71358e-07
516 1.70542e-07
517 1.6988e-07
518 1.69098e-07
519 1.68354e-07
520 1.67665e-07
521 1.67046e-07
522 1.66259e-07
523 1.65525e-07
524 1.64884e-07
525 1.64175e-07
526 1.63433e-07
527 1.62869e-07
528 1.62013e-07
529 1.61516e-07
530 1.6072e-07
531 1.60073e-07
532 1.59374e-07
533 1.58757e-07
534 1.58104e-07
535 1.57434e-07
536 1.56851e-07
537 1.56288e-07
538 1.55595e-07
539 1.551e-07
540 1.54279e-07
541 1.53789e-07
542 1.53012e-07
543 1.52362e-07
544 1.51901e-07
545 1.51183e-07
546 1.50496e-07
547 1.50117e-07
548 1.49473e-07
549 1.48792e-07
550 1.48245e-07
551 1.47612e-07
552 1.47183e-07
553 1.46407e-07
554 1.45847e-07
555 1.4538e-07
556 1.44779e-07
557 1.44232e-07
558 1.43753e-07
559 1.43155e-07
560 1.42612e-07
561 1.42002e-07
562 1.41386e-07
563 1.40829e-07
564 1.40317e-07
565 1.39822e-07
566 1.39286e-07
567 1.38793e-07
568 1.38245e-07
569 1.37653e-07
570 1.37199e-07
571 1.3674e-07
572 1.36036e-07
573 1.35613e-07
574 1.35114e-07
575 1.34698e-07
576 1.34027e-07
577 1.33572e-07
578 1.33011e-07
579 1.32577e-07
580 1.32136e-07
581 1.31698e-07
582 1.31016e-07
583 1.30584e-07
584 1.30226e-07
585 1.29626e-07
586 1.29163e-07
587 1.28816e-07
588 1.28279e-07
589 1.27811e-07
590 1.27243e-07
591 1.26843e-07
592 1.26441e-07
593 1.25902e-07
594 1.25454e-07
595 1.24892e-07
596 1.24553e-07
597 1.24137e-07
598 1.23684e-07
599 1.23132e-07
600 1.22748e-07
601 1.22345e-07
602 1.21921e-07
603 1.21482e-07
604 1.2098e-07
605 1.20684e-07
606 1.20228e-07
607 1.19842e-07
608 1.19431e-07
609 1.1881e-07
610 1.18557e-07
611 1.18039e-07
612 1.17809e-07
613 1.17284e-07
614 1.16842e-07
615 1.16473e-07
616 1.16032e-07
617 1.15684e-07
618 1.15201e-07
619 1.14901e-07
620 1.14446e-07
621 1.1404e-07
622 1.13694e-07
623 1.13173e-07
624 1.12846e-07
625 1.12564e-07
626 1.12156e-07
627 1.11774e-07
628 1.11422e-07
629 1.1086e-07
630 1.10544e-07
631 1.10271e-07
632 1.09898e-07
633 1.09498e-07
634 1.09199e-07
635 1.0876e-07
636 1.08428e-07
637 1.08111e-07
638 1.07757e-07
639 1.07371e-07
640 1.0706e-07
641 1.0666e-07
642 1.06269e-07
643 1.0593e-07
644 1.05523e-07
645 1.05196e-07
646 1.04807e-07
647 1.04474e-07
648 1.04252e-07
649 1.03885e-07
650 1.0352e-07
651 1.03179e-07
652 1.02859e-07
653 1.02454e-07
654 1.02164e-07
655 1.01805e-07
656 1.01511e-07
657 1.01159e-07
658 1.0098e-07
659 1.00653e-07
660 1.00181e-07
661 9.99355e-08
662 9.9467e-08
663 9.93428e-08
664 9.88629e-08
665 9.86456e-08
666 9.83095e-08
667 9.79574e-08
668 9.7725e-08
669 9.7483e-08
670 9.70874e-08
671 9.669e-08
672 9.64606e-08
673 9.61798e-08
674 9.58842e-08
675 9.55285e-08
676 9.53337e-08
677 9.49017e-08
678 9.46552e-08
679 9.43856e-08
680 9.40339e-08
681 9.37393e-08
682 9.36221e-08
683 9.32454e-08
684 9.29343e-08
685 9.26909e-08
686 9.23443e-08
687 9.20949e-08
688 9.18126e-08
689 9.16149e-08
690 9.12473e-08
691 9.09151e-08
692 9.06977e-08
693 9.04756e-08
694 9.0192e-08
695 8.99118e-08
696 8.95476e-08
697 8.92701e-08
698 8.90501e-08
699 8.88611e-08
700 8.8552e-08
701 8.83076e-08
702 8.79516e-08
703 8.77405e-08
704 8.75435e-08
705 8.72097e-08
706 8.69476e-08
707 8.67077e-08
708 8.63662e-08
709 8.62655e-08
710 8.59553e-08
711 8.56725e-08
712 8.5394e-08
713 8.51267e-08
714 8.50421e-08
715 8.46484e-08
716 8.43634e-08
717 8.41939e-08
718 8.40514e-08
719 8.36937e-08
720 8.35224e-08
721 8.31955e-08
722 8.29877e-08
723 8.27459e-08
724 8.2478e-08
725 8.22984e-08
726 8.20734e-08
727 8.1801e-08
728 8.1603e-08
729 8.12528e-08
730 8.10664e-08
731 8.09149e-08
732 8.05839e-08
733 8.04938e-08
734 8.0269e-08
735 7.99308e-08
736 7.96342e-08
737 7.94671e-08
738 7.92793e-08
739 7.90999e-08
740 7.88173e-08
741 7.86303e-08
742 7.83165e-08
743 7.81609e-08
744 7.79714e-08
745 7.78091e-08
746 7.75593e-08
747 7.72834e-08
748 7.70284e-08
749 7.69117e-08
750 7.66709e-08
751 7.64539e-08
752 7.62545e-08
753 7.59846e-08
754 7.57952e-08
755 7.56167e-08
756 7.53405e-08
757 7.52422e-08
758 7.50068e-08
759 7.47631e-08
760 7.46083e-08
761 7.44026e-08
762 7.42046e-08
763 7.40277e-08
764 7.37295e-08
765 7.34958e-08
766 7.34885e-08
767 7.33075e-08
768 7.30417e-08
769 7.27742e-08
770 7.26027e-08
771 7.23702e-08
772 7.2201e-08
773 7.2022e-08
774 7.18092e-08
775 7.16551e-08
776 7.14805e-08
777 7.12958e-08
778 7.1101e-08
779 7.08543e-08
780 7.06885e-08
781 7.04637e-08
782 7.03303e-08
783 7.0208e-08
784 6.99815e-08
785 6.97925e-08
786 6.95644e-08
787 6.93812e-08
788 6.92041e-08
789 6.9059e-08
790 6.88582e-08
791 6.86815e-08
792 6.84544e-08
793 6.835e-08
794 6.82122e-08
795 6.79932e-08
796 6.77672e-08
797 6.75543e-08
798 6.74877e-08
799 6.72933e-08
800 6.70727e-08
801 6.69405e-08
802 6.67052e-08
803 6.65721e-08
804 6.64815e-08
805 6.61764e-08
806 6.60978e-08
807 6.59409e-08
808 6.57218e-08
809 6.56587e-08
810 6.54384e-08
811 6.52934e-08
812 6.5084e-08
813 6.48964e-08
814 6.47145e-08
815 6.4588e-08
816 6.44325e-08
817 6.43121e-08
818 6.41118e-08
819 6.39821e-08
820 6.3756e-08
821 6.36127e-08
822 6.34527e-08
823 6.32864e-08
824 6.31386e-08
825 6.3038e-08
826 6.27792e-08
827 6.26685e-08
828 6.25804e-08
829 6.23161e-08
830 6.22405e-08
831 6.20345e-08
832 6.19439e-08
833 6.17336e-08
834 6.15974e-08
835 6.14999e-08
836 6.13314e-08
837 6.1127e-08
838 6.10275e-08
839 6.08316e-08
840 6.06869e-08
841 6.0565e-08
842 6.03891e-08
843 6.02695e-08
844 6.00786e-08
845 5.99933e-08
846 5.98451e-08
847 5.9663e-08
848 5.96013e-08
849 5.94451e-08
850 5.92399e-08
851 5.9174e-08
852 5.89477e-08
853 5.88913e-08
854 5.86462e-08
855 5.85932e-08
856 5.84296e-08
857 5.82888e-08
858 5.81845e-08
859 5.80975e-08
860 5.78015e-08
861 5.77605e-08
862 5.75972e-08
863 5.74023e-08
864 5.73061e-08
865 5.71589e-08
866 5.70619e-08
867 5.69069e-08
868 5.67449e-08
869 5.66046e-08
870 5.64925e-08
871 5.63751e-08
872 5.63044e-08
873 5.61592e-08
874 5.59843e-08
875 5.58336e-08
876 5.5697e-08
877 5.56005e-08
878 5.54569e-08
879 5.53975e-08
880 5.52926e-08
881 5.51363e-08
882 5.49703e-08
883 5.49125e-08
884 5.47822e-08
885 5.46086e-08
886 5.44336e-08
887 5.43085e-08
888 5.42272e-08
889 5.4097e-08
890 5.39147e-08
891 5.38471e-08
892 5.37479e-08
893 5.36147e-08
894 5.3471e-08
895 5.33823e-08
896 5.32422e-08
897 5.30687e-08
898 5.30413e-08
899 5.27777e-08
900 5.27362e-08
901 5.26462e-08
902 5.25357e-08
903 5.23269e-08
904 5.22753e-08
905 5.21484e-08
906 5.20305e-08
907 5.18903e-08
908 5.18942e-08
909 5.16801e-08
910 5.1603e-08
911 5.14842e-08
912 5.13538e-08
913 5.12606e-08
914 5.11089e-08
915 5.10051e-08
916 5.09427e-08
917 5.07952e-08
918 5.07611e-08
919 5.05892e-08
920 5.04087e-08
921 5.032e-08
922 5.02055e-08
923 5.01092e-08
924 5.01008e-08
925 4.99419e-08
926 4.98005e-08
927 4.96851e-08
928 4.95858e-08
929 4.95581e-08
930 4.93661e-08
931 4.92482e-08
932 4.91925e-08
933 4.90665e-08
934 4.89234e-08
935 4.88388e-08
936 4.87831e-08
937 4.86514e-08
938 4.85308e-08
939 4.84163e-08
940 4.83304e-08
941 4.81414e-08
942 4.81293e-08
943 4.8007e-08
944 4.79337e-08
945 4.77997e-08
946 4.77049e-08
947 4.76116e-08
948 4.75686e-08
949 4.73926e-08
950 4.73381e-08
951 4.71723e-08
952 4.70777e-08
953 4.69429e-08
954 4.6936e-08
955 4.67573e-08
956 4.67182e-08
957 4.66607e-08
958 4.64508e-08
959 4.64838e-08
960 4.63525e-08
961 4.61665e-08
962 4.61387e-08
963 4.59837e-08
964 4.59764e-08
965 4.58364e-08
966 4.56987e-08
967 4.55882e-08
968 4.54602e-08
969 4.55062e-08
970 4.53565e-08
971 4.52946e-08
972 4.51739e-08
973 4.5118e-08
974 4.5001e-08
975 4.48221e-08
976 4.48084e-08
977 4.47246e-08
978 4.45942e-08
979 4.45033e-08
980 4.4434e-08
981 4.44085e-08
982 4.42422e-08
983 4.41442e-08
984 4.40618e-08
985 4.40199e-08
986 4.38951e-08
987 4.38489e-08
988 4.36189e-08
989 4.36295e-08
990 4.35425e-08
991 4.35033e-08
992 4.33667e-08
993 4.32645e-08
994 4.31739e-08
995 4.31304e-08
996 4.30862e-08
997 4.29143e-08
998 4.27853e-08
999 4.28146e-08
1000 4.26765e-08
1001 4.25565e-08
1002 4.25055e-08
1003 4.23499e-08
1004 4.23265e-08
1005 4.22712e-08
1006 4.21904e-08
1007 4.2041e-08
1008 4.20071e-08
1009 4.18864e-08
1010 4.18279e-08
1011 4.17059e-08
1012 4.16909e-08
1013 4.15701e-08
1014 4.14654e-08
1015 4.14448e-08
1016 4.13905e-08
1017 4.11865e-08
1018 4.11986e-08
1019 4.10684e-08
1020 4.10132e-08
1021 4.09523e-08
1022 4.08878e-08
1023 4.07882e-08
1024 4.07415e-08
1025 4.06342e-08
1026 4.05478e-08
1027 4.04731e-08
1028 4.04714e-08
1029 4.03428e-08
1030 4.0288e-08
1031 4.00807e-08
1032 4.00825e-08
1033 4.0037e-08
1034 3.98754e-08
1035 3.9843e-08
1036 3.97735e-08
1037 3.96633e-08
1038 3.96695e-08
1039 3.95191e-08
1040 3.94205e-08
1041 3.93686e-08
1042 3.93388e-08
1043 3.92421e-08
1044 3.91223e-08
1045 3.90678e-08
1046 3.89948e-08
1047 3.88883e-08
1048 3.88512e-08
1049 3.87677e-08
1050 3.87423e-08
1051 3.86796e-08
1052 3.85228e-08
1053 3.8569e-08
1054 3.839e-08
1055 3.83707e-08
1056 3.82936e-08
1057 3.82249e-08
1058 3.81498e-08
1059 3.80722e-08
1060 3.80059e-08
1061 3.79383e-08
1062 3.78448e-08
1063 3.78263e-08
1064 3.77699e-08
1065 3.76309e-08
1066 3.75809e-08
1067 3.75051e-08
1068 3.74267e-08
1069 3.74324e-08
1070 3.73078e-08
1071 3.72377e-08
1072 3.71997e-08
1073 3.71274e-08
1074 3.70521e-08
1075 3.69259e-08
1076 3.68761e-08
1077 3.68207e-08
1078 3.6748e-08
1079 3.66834e-08
1080 3.6581e-08
1081 3.65532e-08
1082 3.65517e-08
1083 3.64545e-08
1084 3.63435e-08
1085 3.62518e-08
1086 3.6239e-08
1087 3.61759e-08
1088 3.60644e-08
1089 3.60496e-08
1090 3.59693e-08
1091 3.58496e-08
1092 3.58457e-08
1093 3.57872e-08
1094 3.56647e-08
1095 3.56409e-08
1096 3.55719e-08
1097 3.54767e-08
1098 3.53799e-08
1099 3.53992e-08
1100 3.52921e-08
1101 3.52214e-08
1102 3.51793e-08
1103 3.51267e-08
1104 3.50381e-08
1105 3.49518e-08
1106 3.49463e-08
1107 3.49031e-08
1108 3.47923e-08
1109 3.47793e-08
1110 3.46575e-08
1111 3.46568e-08
1112 3.45598e-08
1113 3.44919e-08
1114 3.44532e-08
1115 3.43778e-08
1116 3.43012e-08
1117 3.42559e-08
1118 3.42369e-08
1119 3.4107e-08
1120 3.4137e-08
1121 3.40086e-08
1122 3.39594e-08
1123 3.3851e-08
1124 3.38606e-08
1125 3.38215e-08
1126 3.37298e-08
1127 3.37068e-08
1128 3.3652e-08
1129 3.3566e-08
1130 3.3468e-08
1131 3.34416e-08
1132 3.33723e-08
1133 3.33435e-08
1134 3.33051e-08
1135 3.31465e-08
1136 3.31169e-08
1137 3.30743e-08
1138 3.30199e-08
1139 3.29758e-08
1140 3.28932e-08
1141 3.28654e-08
1142 3.27769e-08
1143 3.27689e-08
1144 3.27172e-08
1145 3.25878e-08
1146 3.26084e-08
1147 3.25527e-08
1148 3.25295e-08
1149 3.24217e-08
1150 3.23407e-08
1151 3.2358e-08
1152 3.22832e-08
1153 3.22055e-08
1154 3.21391e-08
1155 3.21252e-08
1156 3.20802e-08
1157 3.19978e-08
1158 3.18777e-08
1159 3.18738e-08
1160 3.1855e-08
1161 3.17665e-08
1162 3.16849e-08
1163 3.16757e-08
1164 3.15935e-08
1165 3.15158e-08
1166 3.14666e-08
1167 3.14511e-08
1168 3.14261e-08
1169 3.1308e-08
1170 3.13126e-08
1171 3.11738e-08
1172 3.11748e-08
1173 3.10945e-08
1174 3.10198e-08
1175 3.1045e-08
1176 3.09685e-08
1177 3.09523e-08
1178 3.09323e-08
1179 3.083e-08
1180 3.07293e-08
1181 3.06796e-08
1182 3.06772e-08
1183 3.06068e-08
1184 3.05184e-08
1185 3.05228e-08
1186 3.04987e-08
1187 3.03949e-08
1188 3.03727e-08
1189 3.03297e-08
1190 3.0294e-08
1191 3.02035e-08
1192 3.01391e-08
1193 3.01286e-08
1194 3.00754e-08
1195 2.99997e-08
1196 2.99598e-08
1197 2.99335e-08
1198 2.98922e-08
1199 2.9826e-08
1200 2.98077e-08
1201 2.9744e-08
1202 2.97258e-08
1203 2.96463e-08
1204 2.96013e-08
1205 2.95238e-08
1206 2.9471e-08
1207 2.94425e-08
1208 2.93984e-08
1209 2.9342e-08
1210 2.92579e-08
1211 2.92229e-08
1212 2.92077e-08
1213 2.9118e-08
1214 2.90794e-08
1215 2.90421e-08
1216 2.90268e-08
1217 2.89488e-08
1218 2.89076e-08
1219 2.88711e-08
1220 2.87925e-08
1221 2.87849e-08
1222 2.87401e-08
1223 2.87191e-08
1224 2.86512e-08
1225 2.86079e-08
1226 2.85324e-08
1227 2.85323e-08
1228 2.84826e-08
1229 2.84186e-08
1230 2.83802e-08
1231 2.83567e-08
1232 2.8264e-08
1233 2.82065e-08
1234 2.81696e-08
1235 2.8114e-08
1236 2.81254e-08
1237 2.80656e-08
1238 2.80388e-08
1239 2.79729e-08
1240 2.79164e-08
1241 2.79058e-08
1242 2.78321e-08
1243 2.77952e-08
1244 2.77319e-08
1245 2.77094e-08
1246 2.76449e-08
1247 2.75352e-08
1248 2.75652e-08
1249 2.75208e-08
1250 2.74617e-08
1251 2.74352e-08
1252 2.74153e-08
1253 2.73407e-08
1254 2.72899e-08
1255 2.72925e-08
1256 2.72507e-08
1257 2.71583e-08
1258 2.71814e-08
1259 2.71349e-08
1260 2.71264e-08
1261 2.70239e-08
1262 2.69756e-08
1263 2.69289e-08
1264 2.69412e-08
1265 2.69084e-08
1266 2.68358e-08
1267 2.68126e-08
1268 2.67119e-08
1269 2.66685e-08
1270 2.66615e-08
1271 2.66467e-08
1272 2.66058e-08
1273 2.65669e-08
1274 2.64984e-08
1275 2.6402e-08
1276 2.64503e-08
1277 2.64008e-08
1278 2.63954e-08
1279 2.62645e-08
1280 2.62381e-08
1281 2.62171e-08
1282 2.61897e-08
1283 2.61546e-08
1284 2.61178e-08
1285 2.60289e-08
1286 2.6009e-08
1287 2.59699e-08
1288 2.59767e-08
1289 2.59256e-08
1290 2.58942e-08
1291 2.58253e-08
1292 2.58116e-08
1293 2.5786e-08
1294 2.57298e-08
1295 2.56802e-08
1296 2.56085e-08
1297 2.56024e-08
1298 2.55481e-08
1299 2.55309e-08
1300 2.54735e-08
1301 2.53882e-08
1302 2.54019e-08
1303 2.53572e-08
1304 2.53574e-08
1305 2.52682e-08
1306 2.5281e-08
1307 2.5228e-08
1308 2.51876e-08
1309 2.51673e-08
1310 2.51017e-08
1311 2.51108e-08
1312 2.50349e-08
1313 2.50063e-08
1314 2.49421e-08
1315 2.49118e-08
1316 2.49052e-08
1317 2.48528e-08
1318 2.48364e-08
1319 2.47904e-08
1320 2.47407e-08
1321 2.47219e-08
1322 2.46794e-08
1323 2.46586e-08
1324 2.46557e-08
1325 2.45039e-08
1326 2.45116e-08
1327 2.453e-08
1328 2.4485e-08
1329 2.44631e-08
1330 2.43777e-08
1331 2.43524e-08
1332 2.43741e-08
1333 2.42744e-08
1334 2.42791e-08
1335 2.42361e-08
1336 2.41778e-08
1337 2.41664e-08
1338 2.4094e-08
1339 2.40809e-08
1340 2.40789e-08
1341 2.4022e-08
1342 2.39663e-08
1343 2.39242e-08
1344 2.39422e-08
1345 2.38911e-08
1346 2.38746e-08
1347 2.38263e-08
1348 2.38062e-08
1349 2.37473e-08
1350 2.37043e-08
1351 2.36801e-08
1352 2.36336e-08
1353 2.36682e-08
1354 2.35811e-08
1355 2.35393e-08
1356 2.35159e-08
1357 2.34636e-08
1358 2.34394e-08
1359 2.34512e-08
1360 2.33861e-08
1361 2.34063e-08
1362 2.33406e-08
1363 2.32911e-08
1364 2.32761e-08
1365 2.32135e-08
1366 2.31792e-08
1367 2.31545e-08
1368 2.31364e-08
1369 2.3126e-08
1370 2.30551e-08
1371 2.30266e-08
1372 2.29758e-08
1373 2.29229e-08
1374 2.29205e-08
1375 2.29181e-08
1376 2.28786e-08
1377 2.28229e-08
1378 2.27752e-08
1379 2.277e-08
1380 2.27914e-08
1381 2.26733e-08
1382 2.27137e-08
1383 2.26312e-08
1384 2.26317e-08
1385 2.25665e-08
1386 2.25425e-08
1387 2.2578e-08
1388 2.25286e-08
1389 2.25075e-08
1390 2.24323e-08
1391 2.23765e-08
1392 2.24073e-08
1393 2.23778e-08
1394 2.23219e-08
1395 2.23171e-08
1396 2.226e-08
1397 2.22382e-08
1398 2.22173e-08
1399 2.21199e-08
1400 2.21269e-08
1401 2.20968e-08
1402 2.20189e-08
1403 2.20375e-08
1404 2.1997e-08
1405 2.19519e-08
1406 2.19708e-08
1407 2.18918e-08
1408 2.18795e-08
1409 2.18258e-08
1410 2.18305e-08
1411 2.17356e-08
1412 2.17453e-08
1413 2.17233e-08
1414 2.17313e-08
1415 2.16934e-08
1416 2.16731e-08
1417 2.16179e-08
1418 2.16019e-08
1419 2.15749e-08
1420 2.15339e-08
1421 2.15449e-08
1422 2.14566e-08
1423 2.14554e-08
1424 2.14169e-08
1425 2.1388e-08
1426 2.13642e-08
1427 2.13305e-08
1428 2.13132e-08
1429 2.12949e-08
1430 2.12528e-08
1431 2.12502e-08
1432 2.11785e-08
1433 2.1114e-08
1434 2.11171e-08
1435 2.11245e-08
1436 2.10663e-08
1437 2.1028e-08
1438 2.10141e-08
1439 2.10121e-08
1440 2.09657e-08
1441 2.09573e-08
1442 2.09118e-08
1443 2.09128e-08
1444 2.08754e-08
1445 2.08463e-08
1446 2.08059e-08
1447 2.07663e-08
1448 2.0782e-08
1449 2.07183e-08
1450 2.07441e-08
1451 2.06554e-08
1452 2.06649e-08
1453 2.06616e-08
1454 2.05995e-08
1455 2.05625e-08
1456 2.04963e-08
1457 2.05353e-08
1458 2.04724e-08
1459 2.04936e-08
1460 2.04554e-08
1461 2.04064e-08
1462 2.03647e-08
1463 2.03657e-08
1464 2.03079e-08
1465 2.03044e-08
1466 2.02387e-08
1467 2.02358e-08
1468 2.02335e-08
1469 2.01928e-08
1470 2.01944e-08
1471 2.01461e-08
1472 2.01441e-08
1473 2.00907e-08
1474 2.00404e-08
1475 2.00203e-08
1476 2.00198e-08
1477 1.99698e-08
1478 1.99403e-08
1479 1.99519e-08
1480 1.99209e-08
1481 1.98913e-08
1482 1.99139e-08
1483 1.9821e-08
1484 1.9847e-08
1485 1.98185e-08
1486 1.97595e-08
1487 1.97242e-08
1488 1.97095e-08
1489 1.96758e-08
1490 1.9648e-08
1491 1.96601e-08
1492 1.9663e-08
1493 1.95712e-08
1494 1.95791e-08
1495 1.95404e-08
1496 1.95253e-08
1497 1.94636e-08
1498 1.94647e-08
1499 1.94275e-08
1500 1.93758e-08
1501 1.93822e-08
1502 1.93792e-08
1503 1.93768e-08
1504 1.92721e-08
1505 1.92902e-08
1506 1.92539e-08
1507 1.92569e-08
1508 1.9192e-08
1509 1.9239e-08
1510 1.91589e-08
1511 1.91585e-08
1512 1.9121e-08
1513 1.9148e-08
1514 1.91188e-08
1515 1.90536e-08
1516 1.90547e-08
1517 1.89958e-08
1518 1.89529e-08
1519 1.89611e-08
1520 1.89343e-08
1521 1.89468e-08
1522 1.88896e-08
1523 1.886e-08
1524 1.88163e-08
1525 1.88197e-08
1526 1.88014e-08
1527 1.87665e-08
1528 1.87398e-08
1529 1.87316e-08
1530 1.86935e-08
1531 1.87284e-08
1532 1.86896e-08
1533 1.86232e-08
1534 1.86272e-08
1535 1.86013e-08
1536 1.85408e-08
1537 1.85236e-08
1538 1.85289e-08
1539 1.85386e-08
1540 1.84967e-08
1541 1.84973e-08
1542 1.8446e-08
1543 1.84223e-08
1544 1.8374e-08
1545 1.84229e-08
1546 1.83551e-08
1547 1.83429e-08
1548 1.83482e-08
1549 1.82755e-08
1550 1.82623e-08
1551 1.82265e-08
1552 1.82234e-08
1553 1.82103e-08
1554 1.81891e-08
1555 1.81298e-08
1556 1.81472e-08
1557 1.80951e-08
1558 1.80679e-08
1559 1.8059e-08
1560 1.8053e-08
1561 1.80505e-08
1562 1.79708e-08
1563 1.79773e-08
1564 1.79706e-08
1565 1.79476e-08
1566 1.79093e-08
1567 1.79197e-08
1568 1.78706e-08
1569 1.78437e-08
1570 1.78104e-08
1571 1.78511e-08
1572 1.77592e-08
1573 1.77782e-08
1574 1.7729e-08
1575 1.77269e-08
1576 1.77134e-08
1577 1.77163e-08
1578 1.76235e-08
1579 1.76589e-08
1580 1.76367e-08
1581 1.7607e-08
1582 1.7622e-08
1583 1.75791e-08
1584 1.75156e-08
1585 1.75277e-08
1586 1.75303e-08
1587 1.74858e-08
1588 1.74315e-08
1589 1.74485e-08
1590 1.74138e-08
1591 1.73982e-08
1592 1.73702e-08
1593 1.73644e-08
1594 1.73141e-08
1595 1.73026e-08
1596 1.72743e-08
1597 1.72631e-08
1598 1.72786e-08
1599 1.72496e-08
1600 1.72026e-08
1601 1.7171e-08
1602 1.72113e-08
1603 1.71587e-08
1604 1.71051e-08
1605 1.71045e-08
1606 1.71299e-08
1607 1.70697e-08
1608 1.70718e-08
1609 1.70312e-08
1610 1.70344e-08
1611 1.69861e-08
1612 1.69902e-08
1613 1.69619e-08
1614 1.69474e-08
1615 1.69151e-08
1616 1.6881e-08
1617 1.68688e-08
1618 1.68535e-08
1619 1.68647e-08
1620 1.68211e-08
1621 1.67818e-08
1622 1.68165e-08
1623 1.67438e-08
1624 1.67708e-08
1625 1.67271e-08
1626 1.67007e-08
1627 1.6657e-08
1628 1.66471e-08
1629 1.66371e-08
1630 1.6646e-08
1631 1.66249e-08
1632 1.65959e-08
1633 1.66042e-08
1634 1.65579e-08
1635 1.65352e-08
1636 1.65103e-08
1637 1.64954e-08
1638 1.65323e-08
1639 1.64615e-08
1640 1.6465e-08
1641 1.64411e-08
1642 1.64128e-08
1643 1.64208e-08
1644 1.63327e-08
1645 1.63205e-08
1646 1.63021e-08
1647 1.63134e-08
1648 1.62844e-08
1649 1.62761e-08
1650 1.6256e-08
1651 1.62536e-08
1652 1.62231e-08
1653 1.61941e-08
1654 1.62092e-08
1655 1.61583e-08
1656 1.61605e-08
1657 1.61365e-08
1658 1.6108e-08
1659 1.61133e-08
1660 1.61229e-08
1661 1.60524e-08
1662 1.60458e-08
1663 1.60387e-08
1664 1.60151e-08
1665 1.59969e-08
1666 1.59896e-08
1667 1.59409e-08
1668 1.59421e-08
1669 1.5931e-08
1670 1.59345e-08
1671 1.58706e-08
1672 1.5873e-08
1673 1.58504e-08
1674 1.58155e-08
1675 1.58303e-08
1676 1.58455e-08
1677 1.57866e-08
1678 1.57605e-08
1679 1.57955e-08
1680 1.56769e-08
1681 1.5737e-08
1682 1.57038e-08
1683 1.56674e-08
1684 1.56674e-08
1685 1.56408e-08
1686 1.56214e-08
1687 1.56161e-08
1688 1.5584e-08
1689 1.55793e-08
1690 1.5545e-08
1691 1.55577e-08
1692 1.55599e-08
1693 1.55047e-08
1694 1.55366e-08
1695 1.54619e-08
1696 1.54771e-08
1697 1.5448e-08
1698 1.54327e-08
1699 1.54209e-08
1700 1.53523e-08
1701 1.5387e-08
1702 1.53483e-08
1703 1.53614e-08
1704 1.53222e-08
1705 1.5322e-08
1706 1.5297e-08
1707 1.52788e-08
1708 1.52676e-08
1709 1.52597e-08
1710 1.51965e-08
1711 1.52215e-08
1712 1.51834e-08
1713 1.52055e-08
1714 1.51561e-08
1715 1.51697e-08
1716 1.51595e-08
1717 1.51122e-08
1718 1.51014e-08
1719 1.509e-08
1720 1.5073e-08
1721 1.50465e-08
1722 1.49988e-08
1723 1.50476e-08
1724 1.49897e-08
1725 1.49396e-08
1726 1.49693e-08
1727 1.49696e-08
1728 1.49464e-08
1729 1.49591e-08
1730 1.49203e-08
1731 1.48944e-08
1732 1.48961e-08
1733 1.48418e-08
1734 1.48389e-08
1735 1.48551e-08
1736 1.48321e-08
1737 1.4805e-08
1738 1.48083e-08
1739 1.48048e-08
1740 1.47463e-08
1741 1.47139e-08
1742 1.47207e-08
1743 1.47061e-08
1744 1.4691e-08
1745 1.46854e-08
1746 1.4651e-08
1747 1.46641e-08
1748 1.46407e-08
1749 1.46108e-08
1750 1.46032e-08
1751 1.45724e-08
1752 1.46047e-08
1753 1.45083e-08
1754 1.45442e-08
1755 1.4517e-08
1756 1.449e-08
1757 1.45279e-08
1758 1.45113e-08
1759 1.44987e-08
1760 1.44294e-08
1761 1.44286e-08
1762 1.44507e-08
1763 1.4412e-08
1764 1.44045e-08
1765 1.43989e-08
1766 1.4368e-08
1767 1.43499e-08
1768 1.4325e-08
1769 1.4331e-08
1770 1.43021e-08
1771 1.42752e-08
1772 1.43049e-08
1773 1.42787e-08
1774 1.42388e-08
1775 1.42173e-08
1776 1.41881e-08
1777 1.41558e-08
1778 1.42026e-08
1779 1.41682e-08
1780 1.4181e-08
1781 1.4168e-08
1782 1.41434e-08
1783 1.40954e-08
1784 1.41024e-08
1785 1.40996e-08
1786 1.40723e-08
1787 1.40575e-08
1788 1.40407e-08
1789 1.40231e-08
1790 1.40006e-08
1791 1.40176e-08
1792 1.40035e-08
1793 1.3979e-08
1794 1.39914e-08
1795 1.3956e-08
1796 1.39278e-08
1797 1.39085e-08
1798 1.38599e-08
1799 1.39046e-08
1800 1.38709e-08
1801 1.38478e-08
1802 1.38461e-08
1803 1.38458e-08
1804 1.38027e-08
1805 1.37963e-08
1806 1.37683e-08
1807 1.3756e-08
1808 1.37867e-08
1809 1.37487e-08
1810 1.37277e-08
1811 1.36995e-08
1812 1.37211e-08
1813 1.36854e-08
1814 1.36671e-08
1815 1.36766e-08
1816 1.3688e-08
1817 1.36392e-08
1818 1.36299e-08
1819 1.36297e-08
1820 1.36215e-08
1821 1.35783e-08
1822 1.35653e-08
1823 1.35486e-08
1824 1.35554e-08
1825 1.35121e-08
1826 1.34974e-08
1827 1.34876e-08
1828 1.35105e-08
1829 1.34853e-08
1830 1.34801e-08
1831 1.34685e-08
1832 1.34459e-08
1833 1.34275e-08
1834 1.34318e-08
1835 1.33806e-08
1836 1.33859e-08
1837 1.33594e-08
1838 1.33505e-08
1839 1.33692e-08
1840 1.33429e-08
1841 1.33267e-08
1842 1.32762e-08
1843 1.3301e-08
1844 1.33104e-08
1845 1.32572e-08
1846 1.32367e-08
1847 1.32385e-08
1848 1.32547e-08
1849 1.32188e-08
1850 1.32198e-08
1851 1.31773e-08
1852 1.32052e-08
1853 1.31843e-08
1854 1.3155e-08
1855 1.31404e-08
1856 1.31063e-08
1857 1.31088e-08
1858 1.30991e-08
1859 1.30807e-08
1860 1.30759e-08
1861 1.30675e-08
1862 1.30602e-08
1863 1.30029e-08
1864 1.30376e-08
1865 1.30245e-08
1866 1.30075e-08
1867 1.30077e-08
1868 1.29662e-08
1869 1.29846e-08
1870 1.29759e-08
1871 1.29546e-08
1872 1.29412e-08
1873 1.29168e-08
1874 1.29126e-08
1875 1.29072e-08
1876 1.28987e-08
1877 1.29015e-08
1878 1.28542e-08
1879 1.28563e-08
1880 1.28564e-08
1881 1.2827e-08
1882 1.28047e-08
1883 1.28111e-08
1884 1.27971e-08
1885 1.27789e-08
1886 1.27593e-08
1887 1.27837e-08
1888 1.27269e-08
1889 1.27209e-08
1890 1.27422e-08
1891 1.27016e-08
1892 1.27038e-08
1893 1.26449e-08
1894 1.26663e-08
1895 1.26817e-08
1896 1.26183e-08
1897 1.26592e-08
1898 1.25954e-08
1899 1.26056e-08
1900 1.26095e-08
1901 1.25875e-08
1902 1.25977e-08
1903 1.25995e-08
1904 1.25714e-08
1905 1.25378e-08
1906 1.2506e-08
1907 1.25033e-08
1908 1.25086e-08
1909 1.25121e-08
1910 1.24613e-08
1911 1.24973e-08
1912 1.24429e-08
1913 1.24559e-08
1914 1.24423e-08
1915 1.24146e-08
1916 1.24242e-08
1917 1.23997e-08
1918 1.23824e-08
1919 1.23499e-08
1920 1.23274e-08
1921 1.23599e-08
1922 1.23226e-08
1923 1.23453e-08
1924 1.23531e-08
1925 1.23118e-08
1926 1.2281e-08
1927 1.22903e-08
1928 1.22884e-08
1929 1.22605e-08
1930 1.2236e-08
1931 1.22503e-08
1932 1.22192e-08
1933 1.2216e-08
1934 1.21984e-08
1935 1.21943e-08
1936 1.21499e-08
1937 1.2173e-08
1938 1.21433e-08
1939 1.21944e-08
1940 1.21076e-08
1941 1.21409e-08
1942 1.20911e-08
1943 1.21209e-08
1944 1.20974e-08
1945 1.20805e-08
1946 1.20917e-08
1947 1.20822e-08
1948 1.20784e-08
1949 1.2079e-08
1950 1.20223e-08
1951 1.20121e-08
1952 1.20107e-08
1953 1.20199e-08
1954 1.20138e-08
1955 1.20118e-08
1956 1.19919e-08
1957 1.19353e-08
1958 1.194e-08
1959 1.19389e-08
1960 1.19302e-08
1961 1.19265e-08
1962 1.19189e-08
1963 1.18915e-08
1964 1.19085e-08
1965 1.18822e-08
1966 1.18566e-08
1967 1.18343e-08
1968 1.18278e-08
1969 1.18163e-08
1970 1.18199e-08
1971 1.18398e-08
1972 1.17643e-08
1973 1.1787e-08
1974 1.17636e-08
1975 1.18055e-08
1976 1.17533e-08
1977 1.17465e-08
1978 1.17506e-08
1979 1.1713e-08
1980 1.17242e-08
1981 1.16921e-08
1982 1.16978e-08
1983 1.16625e-08
1984 1.16659e-08
1985 1.16401e-08
1986 1.1634e-08
1987 1.16289e-08
1988 1.16251e-08
1989 1.16162e-08
1990 1.16178e-08
1991 1.15835e-08
1992 1.15943e-08
1993 1.15897e-08
1994 1.15506e-08
1995 1.15605e-08
1996 1.15436e-08
1997 1.15305e-08
1998 1.15514e-08
1999 1.15093e-08
2000 1.14894e-08
2001 1.14862e-08
2002 1.15111e-08
2003 1.14841e-08
2004 1.14908e-08
2005 1.14602e-08
2006 1.14389e-08
2007 1.14133e-08
2008 1.14118e-08
2009 1.14129e-08
2010 1.13986e-08
2011 1.14248e-08
2012 1.13986e-08
2013 1.13582e-08
2014 1.13782e-08
2015 1.13813e-08
2016 1.13451e-08
2017 1.13246e-08
2018 1.12766e-08
2019 1.1323e-08
2020 1.13231e-08
2021 1.13109e-08
2022 1.12917e-08
2023 1.12974e-08
2024 1.12906e-08
2025 1.12578e-08
2026 1.12315e-08
2027 1.12466e-08
2028 1.12411e-08
2029 1.12431e-08
2030 1.12407e-08
2031 1.11993e-08
2032 1.11987e-08
2033 1.11876e-08
2034 1.11737e-08
2035 1.11394e-08
2036 1.11531e-08
2037 1.11501e-08
2038 1.11436e-08
2039 1.10951e-08
2040 1.11253e-08
2041 1.1094e-08
2042 1.1105e-08
2043 1.10762e-08
2044 1.10542e-08
2045 1.10473e-08
2046 1.1045e-08
2047 1.10583e-08
2048 1.10364e-08
2049 1.10353e-08
2050 1.10389e-08
2051 1.10132e-08
2052 1.09844e-08
2053 1.10071e-08
2054 1.09699e-08
2055 1.09804e-08
2056 1.09653e-08
2057 1.09374e-08
2058 1.09186e-08
2059 1.09533e-08
2060 1.09222e-08
2061 1.09015e-08
2062 1.08935e-08
2063 1.09228e-08
2064 1.08977e-08
2065 1.09132e-08
2066 1.08565e-08
2067 1.08923e-08
2068 1.08588e-08
2069 1.08475e-08
2070 1.08318e-08
2071 1.08361e-08
2072 1.08372e-08
2073 1.07943e-08
2074 1.08135e-08
2075 1.07704e-08
2076 1.07826e-08
2077 1.07764e-08
2078 1.07774e-08
2079 1.07836e-08
2080 1.07682e-08
2081 1.0755e-08
2082 1.07002e-08
2083 1.07026e-08
2084 1.07071e-08
2085 1.06935e-08
2086 1.06901e-08
2087 1.07049e-08
2088 1.06609e-08
2089 1.06887e-08
2090 1.06464e-08
2091 1.06482e-08
2092 1.06485e-08
2093 1.06395e-08
2094 1.06242e-08
2095 1.06215e-08
2096 1.06065e-08
2097 1.05621e-08
2098 1.06069e-08
2099 1.05571e-08
2100 1.05463e-08
2101 1.05942e-08
2102 1.05757e-08
2103 1.05632e-08
2104 1.05326e-08
2105 1.05371e-08
2106 1.0532e-08
2107 1.0525e-08
2108 1.05221e-08
2109 1.05148e-08
2110 1.05024e-08
2111 1.04635e-08
2112 1.0477e-08
2113 1.04922e-08
2114 1.04706e-08
2115 1.04479e-08
2116 1.04733e-08
2117 1.0435e-08
2118 1.04367e-08
2119 1.04475e-08
2120 1.03689e-08
2121 1.04134e-08
2122 1.03996e-08
2123 1.03851e-08
2124 1.0411e-08
2125 1.03619e-08
2126 1.03459e-08
2127 1.03423e-08
2128 1.03235e-08
2129 1.03153e-08
2130 1.03095e-08
2131 1.03152e-08
2132 1.03139e-08
2133 1.02909e-08
2134 1.03052e-08
2135 1.02997e-08
2136 1.03072e-08
2137 1.02572e-08
2138 1.02541e-08
2139 1.02625e-08
2140 1.02534e-08
2141 1.02246e-08
2142 1.02324e-08
2143 1.02179e-08
2144 1.02016e-08
2145 1.01766e-08
2146 1.019e-08
2147 1.01972e-08
2148 1.01732e-08
2149 1.01714e-08
2150 1.017e-08
2151 1.01464e-08
2152 1.01675e-08
2153 1.01379e-08
2154 1.01365e-08
2155 1.01382e-08
2156 1.0096e-08
2157 1.00964e-08
2158 1.00917e-08
2159 1.01112e-08
2160 1.00815e-08
2161 1.00936e-08
2162 1.00819e-08
2163 1.00788e-08
2164 1.00694e-08
2165 1.00545e-08
2166 1.00555e-08
2167 1.00194e-08
2168 1.00383e-08
2169 1.00328e-08
2170 1.0021e-08
2171 1.00064e-08
2172 9.97662e-09
2173 1.00197e-08
2174 9.98414e-09
2175 1.0003e-08
2176 9.96621e-09
2177 9.94379e-09
2178 9.96282e-09
2179 9.94788e-09
2180 9.9274e-09
2181 9.91774e-09
2182 9.90103e-09
2183 9.89796e-09
2184 9.89084e-09
2185 9.88415e-09
2186 9.86705e-09
2187 9.87554e-09
2188 9.85154e-09
2189 9.8331e-09
2190 9.86179e-09
2191 9.84217e-09
2192 9.83221e-09
2193 9.83276e-09
2194 9.79891e-09
2195 9.82549e-09
2196 9.80671e-09
2197 9.79366e-09
2198 9.81589e-09
2199 9.77736e-09
2200 9.76793e-09
2201 9.75496e-09
2202 9.7572e-09
2203 9.7542e-09
2204 9.73014e-09
2205 9.73794e-09
2206 9.73615e-09
2207 9.71375e-09
2208 9.73561e-09
2209 9.70542e-09
2210 9.71926e-09
2211 9.72148e-09
2212 9.69872e-09
2213 9.68017e-09
2214 9.65906e-09
2215 9.64058e-09
2216 9.66022e-09
2217 9.63547e-09
2218 9.61923e-09
2219 9.61954e-09
2220 9.64001e-09
2221 9.61426e-09
2222 9.60769e-09
2223 9.58154e-09
2224 9.61196e-09
2225 9.61267e-09
2226 9.56327e-09
2227 9.56952e-09
2228 9.56099e-09
2229 9.54332e-09
2230 9.57208e-09
2231 9.53332e-09
2232 9.55107e-09
2233 9.51191e-09
2234 9.54224e-09
2235 9.50633e-09
2236 9.51135e-09
2237 9.47168e-09
2238 9.49602e-09
2239 9.52391e-09
2240 9.46936e-09
2241 9.48917e-09
2242 9.46427e-09
2243 9.44537e-09
2244 9.44748e-09
2245 9.44688e-09
2246 9.44263e-09
2247 9.4407e-09
2248 9.42427e-09
2249 9.41582e-09
2250 9.41577e-09
2251 9.40705e-09
2252 9.40911e-09
2253 9.38442e-09
2254 9.38973e-09
2255 9.37114e-09
2256 9.38915e-09
2257 9.3517e-09
2258 9.34329e-09
2259 9.33679e-09
2260 9.32776e-09
2261 9.33112e-09
2262 9.29988e-09
2263 9.31962e-09
2264 9.32814e-09
2265 9.31008e-09
2266 9.30757e-09
2267 9.28983e-09
2268 9.26784e-09
2269 9.29893e-09
2270 9.25873e-09
2271 9.2746e-09
2272 9.2583e-09
2273 9.25901e-09
2274 9.26339e-09
2275 9.22096e-09
2276 9.23202e-09
2277 9.22637e-09
2278 9.19001e-09
2279 9.22299e-09
2280 9.21074e-09
2281 9.18909e-09
2282 9.18999e-09
2283 9.20466e-09
2284 9.19766e-09
2285 9.13373e-09
2286 9.15936e-09
2287 9.15671e-09
2288 9.14706e-09
2289 9.13749e-09
2290 9.12972e-09
2291 9.0996e-09
2292 9.10825e-09
2293 9.13321e-09
2294 9.08783e-09
2295 9.12963e-09
2296 9.12346e-09
2297 9.07802e-09
2298 9.06131e-09
2299 9.06062e-09
2300 9.0607e-09
2301 9.08904e-09
2302 9.09318e-09
2303 9.06444e-09
2304 9.06829e-09
2305 9.04432e-09
2306 9.04629e-09
2307 9.03465e-09
2308 9.01281e-09
2309 9.01453e-09
2310 8.98807e-09
2311 9.03093e-09
2312 9.01872e-09
2313 9.01704e-09
2314 8.99594e-09
2315 8.96908e-09
2316 8.96357e-09
2317 8.95708e-09
2318 8.9531e-09
2319 8.94789e-09
2320 8.96278e-09
2321 8.93079e-09
2322 8.93652e-09
2323 8.94771e-09
2324 8.9411e-09
2325 8.92051e-09
2326 8.93142e-09
2327 8.90637e-09
2328 8.86593e-09
2329 8.86287e-09
2330 8.87464e-09
2331 8.86015e-09
2332 8.87448e-09
2333 8.86303e-09
2334 8.89663e-09
2335 8.85953e-09
2336 8.8586e-09
2337 8.83508e-09
2338 8.84057e-09
2339 8.83463e-09
2340 8.83914e-09
2341 8.79088e-09
2342 8.78833e-09
2343 8.78125e-09
2344 8.79927e-09
2345 8.77427e-09
2346 8.80138e-09
2347 8.79109e-09
2348 8.7764e-09
2349 8.75533e-09
2350 8.74598e-09
2351 8.75448e-09
2352 8.75345e-09
2353 8.76484e-09
2354 8.72251e-09
2355 8.72428e-09
2356 8.69268e-09
2357 8.72178e-09
2358 8.72702e-09
2359 8.69433e-09
2360 8.69492e-09
2361 8.68752e-09
2362 8.70203e-09
2363 8.68061e-09
2364 8.68196e-09
2365 8.63554e-09
2366 8.66659e-09
2367 8.65715e-09
2368 8.63341e-09
2369 8.64261e-09
2370 8.61986e-09
2371 8.64019e-09
2372 8.63749e-09
2373 8.63293e-09
2374 8.59318e-09
2375 8.63109e-09
2376 8.60084e-09
2377 8.60245e-09
2378 8.60588e-09
2379 8.57488e-09
2380 8.58138e-09
2381 8.56764e-09
2382 8.58924e-09
2383 8.54723e-09
2384 8.56922e-09
2385 8.54379e-09
2386 8.54774e-09
2387 8.52123e-09
2388 8.53134e-09
2389 8.54399e-09
2390 8.50335e-09
2391 8.52153e-09
2392 8.53042e-09
2393 8.50618e-09
2394 8.51549e-09
2395 8.48755e-09
2396 8.50923e-09
2397 8.49415e-09
2398 8.47686e-09
2399 8.45252e-09
2400 8.45638e-09
2401 8.44417e-09
2402 8.44536e-09
2403 8.46579e-09
2404 8.43263e-09
2405 8.42344e-09
2406 8.42101e-09
2407 8.40317e-09
2408 8.41563e-09
2409 8.42003e-09
2410 8.43084e-09
2411 8.37018e-09
2412 8.38555e-09
2413 8.36641e-09
2414 8.3864e-09
2415 8.36068e-09
2416 8.39594e-09
2417 8.36692e-09
2418 8.38319e-09
2419 8.34892e-09
2420 8.34687e-09
2421 8.34768e-09
2422 8.32179e-09
2423 8.35447e-09
2424 8.31703e-09
2425 8.34455e-09
2426 8.33376e-09
2427 8.32226e-09
2428 8.30311e-09
2429 8.33766e-09
2430 8.30442e-09
2431 8.31576e-09
2432 8.2884e-09
2433 8.29855e-09
2434 8.26904e-09
2435 8.24501e-09
2436 8.26188e-09
2437 8.24098e-09
2438 8.22902e-09
2439 8.22401e-09
2440 8.24555e-09
2441 8.21466e-09
2442 8.22767e-09
2443 8.22007e-09
2444 8.1998e-09
2445 8.20731e-09
2446 8.22164e-09
2447 8.20275e-09
2448 8.20688e-09
2449 8.19496e-09
2450 8.18884e-09
2451 8.20294e-09
2452 8.20813e-09
2453 8.16605e-09
2454 8.16476e-09
2455 8.15304e-09
2456 8.1725e-09
2457 8.15387e-09
2458 8.15296e-09
2459 8.12564e-09
2460 8.13845e-09
2461 8.12144e-09
2462 8.12631e-09
2463 8.149e-09
2464 8.11426e-09
2465 8.10535e-09
2466 8.09598e-09
2467 8.11414e-09
2468 8.08008e-09
2469 8.06702e-09
2470 8.08235e-09
2471 8.0978e-09
2472 8.06793e-09
2473 8.06872e-09
2474 8.05623e-09
2475 8.04008e-09
2476 8.051e-09
2477 8.0348e-09
2478 8.02941e-09
2479 8.03347e-09
2480 8.05073e-09
2481 8.00962e-09
2482 7.99217e-09
2483 8.01321e-09
2484 8.01668e-09
2485 8.01055e-09
2486 8.01839e-09
2487 7.99362e-09
2488 7.99466e-09
2489 7.99819e-09
2490 7.95881e-09
2491 7.9931e-09
2492 7.98081e-09
2493 7.97731e-09
2494 7.96479e-09
2495 7.95828e-09
2496 7.96761e-09
2497 7.93643e-09
2498 7.93853e-09
2499 7.95274e-09
2500 7.96803e-09
2501 7.91462e-09
2502 7.90868e-09
2503 7.907e-09
2504 7.89512e-09
2505 7.89779e-09
2506 7.90884e-09
2507 7.89651e-09
2508 7.88628e-09
2509 7.90353e-09
2510 7.87021e-09
2511 7.87219e-09
2512 7.86647e-09
2513 7.86876e-09
2514 7.85128e-09
2515 7.85121e-09
2516 7.82474e-09
2517 7.83864e-09
2518 7.83155e-09
2519 7.81767e-09
2520 7.80656e-09
2521 7.83913e-09
2522 7.82536e-09
2523 7.80776e-09
2524 7.81953e-09
2525 7.82785e-09
2526 7.79015e-09
2527 7.80722e-09
2528 7.79598e-09
2529 7.77431e-09
2530 7.77847e-09
2531 7.76611e-09
2532 7.77516e-09
2533 7.75261e-09
2534 7.77572e-09
2535 7.7534e-09
2536 7.73687e-09
2537 7.72969e-09
2538 7.74295e-09
2539 7.71074e-09
2540 7.74234e-09
2541 7.70462e-09
2542 7.71782e-09
2543 7.74209e-09
2544 7.70349e-09
2545 7.70295e-09
2546 7.72464e-09
2547 7.68549e-09
2548 7.68631e-09
2549 7.69448e-09
2550 7.68241e-09
2551 7.69406e-09
2552 7.66069e-09
2553 7.67244e-09
2554 7.66521e-09
2555 7.65463e-09
2556 7.66694e-09
2557 7.65941e-09
2558 7.64784e-09
2559 7.65339e-09
2560 7.63942e-09
2561 7.61162e-09
2562 7.62742e-09
2563 7.6578e-09
2564 7.64407e-09
2565 7.6104e-09
2566 7.62504e-09
2567 7.60612e-09
2568 7.58996e-09
2569 7.58006e-09
2570 7.58252e-09
2571 7.57496e-09
2572 7.57503e-09
2573 7.57939e-09
2574 7.56437e-09
2575 7.57581e-09
2576 7.5658e-09
2577 7.58717e-09
2578 7.56063e-09
2579 7.57589e-09
2580 7.5494e-09
2581 7.53295e-09
2582 7.53843e-09
2583 7.5285e-09
2584 7.51394e-09
2585 7.54793e-09
2586 7.5113e-09
2587 7.51609e-09
2588 7.49082e-09
2589 7.50867e-09
2590 7.48151e-09
2591 7.48718e-09
2592 7.48481e-09
2593 7.49448e-09
2594 7.45598e-09
2595 7.49092e-09
2596 7.46947e-09
2597 7.47153e-09
2598 7.46442e-09
2599 7.45086e-09
2600 7.44755e-09
2601 7.47693e-09
2602 7.47231e-09
2603 7.45066e-09
2604 7.47221e-09
2605 7.42751e-09
2606 7.4413e-09
2607 7.42791e-09
2608 7.4165e-09
2609 7.42337e-09
2610 7.40365e-09
2611 7.41227e-09
2612 7.38621e-09
2613 7.42064e-09
2614 7.38296e-09
2615 7.37401e-09
2616 7.37643e-09
2617 7.3976e-09
2618 7.36131e-09
2619 7.37744e-09
2620 7.33841e-09
2621 7.34674e-09
2622 7.36396e-09
2623 7.37272e-09
2624 7.34841e-09
2625 7.34607e-09
2626 7.34507e-09
2627 7.34358e-09
2628 7.32239e-09
2629 7.34385e-09
2630 7.32547e-09
2631 7.33663e-09
2632 7.30882e-09
2633 7.32721e-09
2634 7.3164e-09
2635 7.33454e-09
2636 7.30471e-09
2637 7.28525e-09
2638 7.295e-09
2639 7.28246e-09
2640 7.29917e-09
2641 7.25419e-09
2642 7.26902e-09
2643 7.30844e-09
2644 7.29058e-09
2645 7.26366e-09
2646 7.29848e-09
2647 7.24295e-09
2648 7.24338e-09
2649 7.27116e-09
2650 7.22792e-09
2651 7.24286e-09
2652 7.24395e-09
2653 7.22366e-09
2654 7.23255e-09
2655 7.22567e-09
2656 7.2159e-09
2657 7.19975e-09
2658 7.2099e-09
2659 7.21216e-09
2660 7.21698e-09
2661 7.19166e-09
2662 7.19666e-09
2663 7.16459e-09
2664 7.17301e-09
2665 7.1775e-09
2666 7.16707e-09
2667 7.16374e-09
2668 7.17482e-09
2669 7.16418e-09
2670 7.18216e-09
2671 7.1575e-09
2672 7.17553e-09
2673 7.15209e-09
2674 7.13005e-09
2675 7.14585e-09
2676 7.12033e-09
2677 7.1439e-09
2678 7.12816e-09
2679 7.11547e-09
2680 7.09652e-09
2681 7.1211e-09
2682 7.12412e-09
2683 7.1304e-09
2684 7.10216e-09
2685 7.09048e-09
2686 7.11083e-09
2687 7.08034e-09
2688 7.05397e-09
2689 7.07631e-09
2690 7.08287e-09
2691 7.0771e-09
2692 7.09081e-09
2693 7.06727e-09
2694 7.06226e-09
2695 7.07576e-09
2696 7.06863e-09
2697 7.06111e-09
2698 7.05071e-09
2699 7.04919e-09
2700 7.02405e-09
2701 7.04411e-09
2702 7.03566e-09
2703 7.03187e-09
2704 7.01725e-09
2705 7.01479e-09
2706 6.99812e-09
2707 6.99562e-09
2708 7.02976e-09
2709 6.9948e-09
2710 6.98473e-09
2711 6.98895e-09
2712 6.95335e-09
2713 7.00633e-09
2714 6.98877e-09
2715 6.96027e-09
2716 6.98217e-09
2717 6.97482e-09
2718 6.94129e-09
2719 6.96241e-09
2720 6.9772e-09
2721 6.96567e-09
2722 6.98403e-09
2723 6.94254e-09
2724 6.94682e-09
2725 6.93141e-09
2726 6.91966e-09
2727 6.9365e-09
2728 6.93989e-09
2729 6.94594e-09
2730 6.95055e-09
2731 6.91597e-09
2732 6.91694e-09
2733 6.91996e-09
2734 6.90596e-09
2735 6.91195e-09
2736 6.91164e-09
2737 6.90251e-09
2738 6.87693e-09
2739 6.89677e-09
2740 6.87541e-09
2741 6.89313e-09
2742 6.9036e-09
2743 6.9169e-09
2744 6.85176e-09
2745 6.85626e-09
2746 6.86578e-09
2747 6.86117e-09
2748 6.86133e-09
2749 6.83637e-09
2750 6.85385e-09
2751 6.84713e-09
2752 6.87276e-09
2753 6.82852e-09
2754 6.85652e-09
2755 6.84406e-09
2756 6.82139e-09
2757 6.81868e-09
2758 6.82997e-09
2759 6.80301e-09
2760 6.80004e-09
2761 6.82143e-09
2762 6.83086e-09
2763 6.78701e-09
2764 6.80196e-09
2765 6.79953e-09
2766 6.80596e-09
2767 6.79942e-09
2768 6.75524e-09
2769 6.79298e-09
2770 6.77947e-09
2771 6.78178e-09
2772 6.79262e-09
2773 6.7597e-09
2774 6.76281e-09
2775 6.78088e-09
2776 6.77458e-09
2777 6.72609e-09
2778 6.73566e-09
2779 6.74366e-09
2780 6.74623e-09
2781 6.72789e-09
2782 6.74723e-09
2783 6.71973e-09
2784 6.73116e-09
2785 6.72655e-09
2786 6.7303e-09
2787 6.71219e-09
2788 6.70911e-09
2789 6.70424e-09
2790 6.70054e-09
2791 6.68687e-09
2792 6.68854e-09
2793 6.68161e-09
2794 6.68688e-09
2795 6.682e-09
2796 6.70481e-09
2797 6.68677e-09
2798 6.66141e-09
2799 6.67423e-09
2800 6.68183e-09
2801 6.67901e-09
2802 6.6599e-09
2803 6.66663e-09
2804 6.65193e-09
2805 6.65549e-09
2806 6.66712e-09
2807 6.65319e-09
2808 6.62606e-09
2809 6.651e-09
2810 6.65286e-09
2811 6.63989e-09
2812 6.63209e-09
2813 6.60419e-09
2814 6.63559e-09
2815 6.61847e-09
2816 6.62736e-09
2817 6.61289e-09
2818 6.60035e-09
2819 6.59907e-09
2820 6.59665e-09
2821 6.61526e-09
2822 6.57293e-09
2823 6.61089e-09
2824 6.59083e-09
2825 6.57343e-09
2826 6.61494e-09
2827 6.56643e-09
2828 6.58252e-09
2829 6.57338e-09
2830 6.58959e-09
2831 6.59364e-09
2832 6.56215e-09
2833 6.57323e-09
2834 6.54325e-09
2835 6.56501e-09
2836 6.55264e-09
2837 6.54261e-09
2838 6.55145e-09
2839 6.55362e-09
2840 6.54527e-09
2841 6.52559e-09
2842 6.53469e-09
2843 6.54336e-09
2844 6.50777e-09
2845 6.47908e-09
2846 6.53895e-09
2847 6.50577e-09
2848 6.51688e-09
2849 6.51134e-09
2850 6.50992e-09
2851 6.4787e-09
2852 6.48006e-09
2853 6.49551e-09
2854 6.49106e-09
2855 6.484e-09
2856 6.46738e-09
2857 6.48104e-09
2858 6.47e-09
2859 6.46637e-09
2860 6.44968e-09
2861 6.46157e-09
2862 6.48066e-09
2863 6.45973e-09
2864 6.47182e-09
2865 6.46571e-09
2866 6.44447e-09
2867 6.46415e-09
2868 6.43901e-09
2869 6.45601e-09
2870 6.44321e-09
2871 6.43113e-09
2872 6.44534e-09
2873 6.42032e-09
2874 6.40971e-09
2875 6.39537e-09
2876 6.40565e-09
2877 6.41416e-09
2878 6.41718e-09
2879 6.41885e-09
2880 6.41342e-09
2881 6.41531e-09
2882 6.38499e-09
2883 6.40738e-09
2884 6.37466e-09
2885 6.37531e-09
2886 6.39385e-09
2887 6.37872e-09
2888 6.38424e-09
2889 6.38549e-09
2890 6.36315e-09
2891 6.38466e-09
2892 6.35362e-09
2893 6.36575e-09
2894 6.37275e-09
2895 6.34142e-09
2896 6.36056e-09
2897 6.35706e-09
2898 6.37177e-09
2899 6.34139e-09
2900 6.35115e-09
2901 6.3439e-09
2902 6.34012e-09
2903 6.32252e-09
2904 6.32483e-09
2905 6.31676e-09
2906 6.31484e-09
2907 6.31905e-09
2908 6.31357e-09
2909 6.30845e-09
2910 6.28797e-09
2911 6.31512e-09
2912 6.2892e-09
2913 6.31658e-09
2914 6.30266e-09
2915 6.29127e-09
2916 6.31212e-09
2917 6.28787e-09
2918 6.28503e-09
2919 6.27505e-09
2920 6.28921e-09
2921 6.28537e-09
2922 6.27194e-09
2923 6.26273e-09
2924 6.26495e-09
2925 6.25976e-09
2926 6.22643e-09
2927 6.26386e-09
2928 6.23832e-09
2929 6.24662e-09
2930 6.25768e-09
2931 6.25775e-09
2932 6.24577e-09
2933 6.24905e-09
2934 6.24282e-09
2935 6.21443e-09
2936 6.22884e-09
2937 6.22831e-09
2938 6.22008e-09
2939 6.22055e-09
2940 6.22405e-09
2941 6.23297e-09
2942 6.19922e-09
2943 6.2121e-09
2944 6.20211e-09
2945 6.21926e-09
2946 6.22045e-09
2947 6.21442e-09
2948 6.18009e-09
2949 6.17891e-09
2950 6.18168e-09
2951 6.19299e-09
2952 6.18649e-09
2953 6.19434e-09
2954 6.16122e-09
2955 6.16047e-09
2956 6.17747e-09
2957 6.16215e-09
2958 6.18022e-09
2959 6.16985e-09
2960 6.16188e-09
2961 6.15208e-09
2962 6.1446e-09
2963 6.15622e-09
2964 6.14435e-09
2965 6.139e-09
2966 6.15441e-09
2967 6.13456e-09
2968 6.13293e-09
2969 6.13789e-09
2970 6.13025e-09
2971 6.13271e-09
2972 6.14139e-09
2973 6.12577e-09
2974 6.1153e-09
2975 6.10015e-09
2976 6.13531e-09
2977 6.10954e-09
2978 6.11148e-09
2979 6.13043e-09
2980 6.09425e-09
2981 6.12189e-09
2982 6.09296e-09
2983 6.10472e-09
2984 6.11102e-09
2985 6.10645e-09
2986 6.08941e-09
2987 6.08124e-09
2988 6.08956e-09
2989 6.0583e-09
2990 6.05772e-09
2991 6.05207e-09
2992 6.068e-09
2993 6.06407e-09
2994 6.06607e-09
2995 6.04837e-09
2996 6.06759e-09
2997 6.05219e-09
2998 6.07703e-09
2999 6.05557e-09
3000 6.05068e-09
3001 6.03818e-09
3002 6.04034e-09
3003 6.02446e-09
3004 6.03208e-09
3005 6.05037e-09
3006 6.02351e-09
3007 6.01662e-09
3008 6.02477e-09
3009 6.0406e-09
3010 6.03222e-09
3011 6.01453e-09
3012 6.03957e-09
3013 6.0297e-09
3014 6.00583e-09
3015 6.02995e-09
3016 6.00609e-09
3017 5.98923e-09
3018 5.99658e-09
3019 5.994e-09
3020 6.00669e-09
3021 6.00482e-09
3022 5.98003e-09
3023 6.00936e-09
3024 6.00908e-09
3025 5.97102e-09
3026 5.95989e-09
3027 5.9843e-09
3028 5.99581e-09
3029 5.95435e-09
3030 5.97096e-09
3031 5.95627e-09
3032 5.93952e-09
3033 5.95166e-09
3034 5.97625e-09
3035 5.94853e-09
3036 5.94489e-09
3037 5.97408e-09
3038 5.94491e-09
3039 5.94877e-09
3040 5.93215e-09
3041 5.93794e-09
3042 5.93678e-09
3043 5.95268e-09
3044 5.91056e-09
3045 5.93364e-09
3046 5.93342e-09
3047 5.90193e-09
3048 5.90339e-09
3049 5.92972e-09
3050 5.89696e-09
3051 5.93029e-09
3052 5.90643e-09
3053 5.91003e-09
3054 5.89456e-09
3055 5.89719e-09
3056 5.91153e-09
3057 5.90221e-09
3058 5.87455e-09
3059 5.88405e-09
3060 5.87634e-09
3061 5.89022e-09
3062 5.88551e-09
3063 5.89574e-09
3064 5.87127e-09
3065 5.87673e-09
3066 5.86454e-09
3067 5.87959e-09
3068 5.87125e-09
3069 5.85729e-09
3070 5.85198e-09
3071 5.86373e-09
3072 5.86997e-09
3073 5.8485e-09
3074 5.84848e-09
3075 5.85942e-09
3076 5.86988e-09
3077 5.86134e-09
3078 5.82699e-09
3079 5.83195e-09
3080 5.83482e-09
3081 5.85397e-09
3082 5.82572e-09
3083 5.83808e-09
3084 5.8189e-09
3085 5.82091e-09
3086 5.81683e-09
3087 5.81497e-09
3088 5.81081e-09
3089 5.83806e-09
3090 5.80718e-09
3091 5.80302e-09
3092 5.81859e-09
3093 5.81224e-09
3094 5.79914e-09
3095 5.79324e-09
3096 5.79391e-09
3097 5.80807e-09
3098 5.78022e-09
3099 5.79489e-09
3100 5.79259e-09
3101 5.77321e-09
3102 5.79571e-09
3103 5.76333e-09
3104 5.76158e-09
3105 5.77321e-09
3106 5.78186e-09
3107 5.76241e-09
3108 5.75319e-09
3109 5.76513e-09
3110 5.7896e-09
3111 5.75496e-09
3112 5.74096e-09
3113 5.76252e-09
3114 5.77942e-09
3115 5.73117e-09
3116 5.7437e-09
3117 5.75369e-09
3118 5.74379e-09
3119 5.73776e-09
3120 5.74052e-09
3121 5.719e-09
3122 5.73487e-09
3123 5.74677e-09
3124 5.71144e-09
3125 5.73669e-09
3126 5.68197e-09
3127 5.71101e-09
3128 5.73414e-09
3129 5.71258e-09
3130 5.70915e-09
3131 5.69786e-09
3132 5.69997e-09
3133 5.70746e-09
3134 5.70289e-09
3135 5.71596e-09
3136 5.71065e-09
3137 5.69546e-09
3138 5.69683e-09
3139 5.70256e-09
3140 5.6639e-09
3141 5.6825e-09
3142 5.69292e-09
3143 5.66573e-09
3144 5.66842e-09
3145 5.6653e-09
3146 5.66241e-09
3147 5.68151e-09
3148 5.66954e-09
3149 5.66388e-09
3150 5.68277e-09
3151 5.67392e-09
3152 5.6683e-09
3153 5.66696e-09
3154 5.6325e-09
3155 5.67147e-09
3156 5.64291e-09
3157 5.63145e-09
3158 5.64778e-09
3159 5.65732e-09
3160 5.66129e-09
3161 5.6529e-09
3162 5.63506e-09
3163 5.62559e-09
3164 5.61873e-09
3165 5.65159e-09
3166 5.62178e-09
3167 5.61943e-09
3168 5.62755e-09
3169 5.61406e-09
3170 5.6151e-09
3171 5.6271e-09
3172 5.61486e-09
3173 5.62642e-09
3174 5.61684e-09
3175 5.61847e-09
3176 5.60549e-09
3177 5.58755e-09
3178 5.61258e-09
3179 5.58988e-09
3180 5.62175e-09
3181 5.59753e-09
3182 5.5772e-09
3183 5.60068e-09
3184 5.57972e-09
3185 5.59071e-09
3186 5.58224e-09
3187 5.60372e-09
3188 5.58205e-09
3189 5.56335e-09
3190 5.58636e-09
3191 5.56981e-09
3192 5.57809e-09
3193 5.58747e-09
3194 5.56549e-09
3195 5.56055e-09
3196 5.55754e-09
3197 5.57279e-09
3198 5.53725e-09
3199 5.5581e-09
3200 5.53298e-09
3201 5.55483e-09
3202 5.54235e-09
3203 5.55479e-09
3204 5.52285e-09
3205 5.54365e-09
3206 5.52891e-09
3207 5.52173e-09
3208 5.51291e-09
3209 5.54809e-09
3210 5.53226e-09
3211 5.53251e-09
3212 5.53481e-09
3213 5.53149e-09
3214 5.51592e-09
3215 5.52495e-09
3216 5.52786e-09
3217 5.52234e-09
3218 5.5014e-09
3219 5.52456e-09
3220 5.50145e-09
3221 5.52668e-09
3222 5.49958e-09
3223 5.49341e-09
3224 5.49194e-09
3225 5.48957e-09
3226 5.51291e-09
3227 5.49967e-09
3228 5.49421e-09
3229 5.48711e-09
3230 5.4861e-09
3231 5.50475e-09
3232 5.4867e-09
3233 5.47626e-09
3234 5.48319e-09
3235 5.46562e-09
3236 5.47521e-09
3237 5.47267e-09
3238 5.47879e-09
3239 5.46305e-09
3240 5.46319e-09
3241 5.44967e-09
3242 5.46e-09
3243 5.46296e-09
3244 5.44853e-09
3245 5.45847e-09
3246 5.45655e-09
3247 5.44622e-09
3248 5.43648e-09
3249 5.45566e-09
3250 5.45513e-09
3251 5.4568e-09
3252 5.42391e-09
3253 5.44222e-09
3254 5.42943e-09
3255 5.44179e-09
3256 5.43064e-09
3257 5.43975e-09
3258 5.42717e-09
3259 5.40657e-09
3260 5.40314e-09
3261 5.40856e-09
3262 5.40896e-09
3263 5.41519e-09
3264 5.40739e-09
3265 5.45178e-09
3266 5.40465e-09
3267 5.41331e-09
3268 5.40515e-09
3269 5.42479e-09
3270 5.40209e-09
3271 5.41864e-09
3272 5.40253e-09
3273 5.40182e-09
3274 5.39376e-09
3275 5.37126e-09
3276 5.39165e-09
3277 5.4034e-09
3278 5.37113e-09
3279 5.37852e-09
3280 5.39116e-09
3281 5.40163e-09
3282 5.3755e-09
3283 5.37778e-09
3284 5.36196e-09
3285 5.37783e-09
3286 5.37959e-09
3287 5.3755e-09
3288 5.35996e-09
3289 5.36887e-09
3290 5.35253e-09
3291 5.3638e-09
3292 5.37989e-09
3293 5.3384e-09
3294 5.36678e-09
3295 5.34585e-09
3296 5.33682e-09
3297 5.33901e-09
3298 5.33691e-09
3299 5.32403e-09
3300 5.33051e-09
3301 5.35313e-09
3302 5.32651e-09
3303 5.33461e-09
3304 5.33147e-09
3305 5.34228e-09
3306 5.32061e-09
3307 5.32254e-09
3308 5.33534e-09
3309 5.30879e-09
3310 5.31234e-09
3311 5.31207e-09
3312 5.30954e-09
3313 5.32633e-09
3314 5.31738e-09
3315 5.31673e-09
3316 5.30151e-09
3317 5.30336e-09
3318 5.31601e-09
3319 5.31916e-09
3320 5.28772e-09
3321 5.29654e-09
3322 5.29673e-09
3323 5.28139e-09
3324 5.29327e-09
3325 5.30636e-09
3326 5.29136e-09
3327 5.30136e-09
3328 5.29879e-09
3329 5.29763e-09
3330 5.28126e-09
3331 5.29411e-09
3332 5.26961e-09
3333 5.26853e-09
3334 5.26252e-09
3335 5.24978e-09
3336 5.26439e-09
3337 5.28146e-09
3338 5.25923e-09
3339 5.2695e-09
3340 5.244e-09
3341 5.24852e-09
3342 5.2536e-09
3343 5.25277e-09
3344 5.23425e-09
3345 5.25809e-09
3346 5.25644e-09
3347 5.23358e-09
3348 5.24133e-09
3349 5.24526e-09
3350 5.22218e-09
3351 5.24521e-09
3352 5.23034e-09
3353 5.22226e-09
3354 5.24683e-09
3355 5.23447e-09
3356 5.23845e-09
3357 5.24043e-09
3358 5.22227e-09
3359 5.22589e-09
3360 5.24053e-09
3361 5.24746e-09
3362 5.22655e-09
3363 5.23403e-09
3364 5.21347e-09
3365 5.21064e-09
3366 5.21924e-09
3367 5.19759e-09
3368 5.19878e-09
3369 5.21322e-09
3370 5.20036e-09
3371 5.19411e-09
3372 5.20592e-09
3373 5.20514e-09
3374 5.18993e-09
3375 5.20091e-09
3376 5.18777e-09
3377 5.20479e-09
3378 5.15156e-09
3379 5.18628e-09
3380 5.18094e-09
3381 5.18321e-09
3382 5.19088e-09
3383 5.1856e-09
3384 5.15668e-09
3385 5.17336e-09
3386 5.17837e-09
3387 5.1955e-09
3388 5.18058e-09
3389 5.15122e-09
3390 5.16324e-09
3391 5.15645e-09
3392 5.15409e-09
3393 5.13743e-09
3394 5.15683e-09
3395 5.15375e-09
3396 5.13963e-09
3397 5.18231e-09
3398 5.1692e-09
3399 5.16882e-09
3400 5.13573e-09
3401 5.14516e-09
3402 5.13985e-09
3403 5.13484e-09
3404 5.13654e-09
3405 5.1417e-09
3406 5.13132e-09
3407 5.12862e-09
3408 5.12315e-09
3409 5.13344e-09
3410 5.14049e-09
3411 5.12868e-09
3412 5.12491e-09
3413 5.13811e-09
3414 5.12563e-09
3415 5.13003e-09
3416 5.11411e-09
3417 5.10925e-09
3418 5.13912e-09
3419 5.13616e-09
3420 5.09763e-09
3421 5.10467e-09
3422 5.13338e-09
3423 5.12194e-09
3424 5.12035e-09
3425 5.11872e-09
3426 5.10643e-09
3427 5.11422e-09
3428 5.08045e-09
3429 5.11255e-09
3430 5.08501e-09
3431 5.09883e-09
3432 5.08035e-09
3433 5.08914e-09
3434 5.09615e-09
3435 5.10902e-09
3436 5.09255e-09
3437 5.0861e-09
3438 5.06691e-09
3439 5.07465e-09
3440 5.07738e-09
3441 5.06322e-09
3442 5.08537e-09
3443 5.07593e-09
3444 5.06788e-09
3445 5.08307e-09
3446 5.07522e-09
3447 5.05889e-09
3448 5.06739e-09
3449 5.0719e-09
3450 5.0499e-09
3451 5.05772e-09
3452 5.06173e-09
3453 5.07082e-09
3454 5.04975e-09
3455 5.05113e-09
3456 5.05346e-09
3457 5.0555e-09
3458 5.05494e-09
3459 5.03825e-09
3460 5.06e-09
3461 5.04041e-09
3462 5.04418e-09
3463 5.04733e-09
3464 5.03241e-09
3465 5.03615e-09
3466 5.04052e-09
3467 5.0447e-09
3468 5.01197e-09
3469 5.02333e-09
3470 5.04086e-09
3471 5.01997e-09
3472 5.02029e-09
3473 5.0307e-09
3474 5.0216e-09
3475 5.0189e-09
3476 5.02352e-09
3477 5.0076e-09
3478 5.01998e-09
3479 5.0141e-09
3480 5.02026e-09
3481 5.01481e-09
3482 5.00891e-09
3483 5.00011e-09
3484 5.00696e-09
3485 5.00705e-09
3486 5.00267e-09
3487 5.01028e-09
3488 4.98678e-09
3489 4.99145e-09
3490 5.01929e-09
3491 5.01662e-09
3492 4.99931e-09
3493 4.99691e-09
3494 4.98526e-09
3495 4.99636e-09
3496 4.99498e-09
3497 4.98032e-09
3498 4.99283e-09
3499 4.98364e-09
3500 4.97218e-09
3501 5.00134e-09
3502 4.98395e-09
3503 4.97409e-09
3504 4.98337e-09
3505 4.96165e-09
3506 4.98419e-09
3507 4.9517e-09
3508 4.96401e-09
3509 4.96286e-09
3510 4.95489e-09
3511 4.97134e-09
3512 4.93416e-09
3513 4.96891e-09
3514 4.9564e-09
3515 4.96858e-09
3516 4.9414e-09
3517 4.95759e-09
3518 4.94653e-09
3519 4.96652e-09
3520 4.95728e-09
3521 4.94413e-09
3522 4.94998e-09
3523 4.93702e-09
3524 4.93226e-09
3525 4.9406e-09
3526 4.95182e-09
3527 4.94267e-09
3528 4.93747e-09
3529 4.93062e-09
3530 4.92358e-09
3531 4.91826e-09
3532 4.91932e-09
3533 4.92956e-09
3534 4.91946e-09
3535 4.93766e-09
3536 4.91611e-09
3537 4.92381e-09
3538 4.91842e-09
3539 4.91272e-09
3540 4.92604e-09
3541 4.91535e-09
3542 4.91393e-09
3543 4.92641e-09
3544 4.90811e-09
3545 4.94547e-09
3546 4.91098e-09
3547 4.9186e-09
3548 4.90303e-09
3549 4.9121e-09
3550 4.91043e-09
3551 4.90496e-09
3552 4.91077e-09
3553 4.89806e-09
3554 4.90823e-09
3555 4.88949e-09
3556 4.90903e-09
3557 4.89788e-09
3558 4.8869e-09
3559 4.86851e-09
3560 4.89554e-09
3561 4.89472e-09
3562 4.87271e-09
3563 4.88555e-09
3564 4.89398e-09
3565 4.87e-09
3566 4.86967e-09
3567 4.88402e-09
3568 4.89874e-09
3569 4.88023e-09
3570 4.88703e-09
3571 4.8739e-09
3572 4.85186e-09
3573 4.86509e-09
3574 4.87636e-09
3575 4.86713e-09
3576 4.86186e-09
3577 4.87589e-09
3578 4.882e-09
3579 4.8641e-09
3580 4.84606e-09
3581 4.84943e-09
3582 4.85491e-09
3583 4.83482e-09
3584 4.84981e-09
3585 4.84813e-09
3586 4.84163e-09
3587 4.85054e-09
3588 4.8617e-09
3589 4.85538e-09
3590 4.86733e-09
3591 4.82915e-09
3592 4.85258e-09
3593 4.83927e-09
3594 4.83053e-09
3595 4.83886e-09
3596 4.83561e-09
3597 4.82603e-09
3598 4.82186e-09
3599 4.83484e-09
3600 4.85135e-09
3601 4.81719e-09
3602 4.85076e-09
3603 4.82219e-09
3604 4.82222e-09
3605 4.83153e-09
3606 4.80599e-09
3607 4.81638e-09
3608 4.82355e-09
3609 4.81406e-09
3610 4.8279e-09
3611 4.83172e-09
3612 4.82857e-09
3613 4.81776e-09
3614 4.82586e-09
3615 4.8228e-09
3616 4.81171e-09
3617 4.78554e-09
3618 4.7998e-09
3619 4.81301e-09
3620 4.80917e-09
3621 4.80562e-09
3622 4.80651e-09
3623 4.79434e-09
3624 4.79509e-09
3625 4.79031e-09
3626 4.80391e-09
3627 4.77977e-09
3628 4.79142e-09
3629 4.78141e-09
3630 4.776e-09
3631 4.76938e-09
3632 4.79445e-09
3633 4.78979e-09
3634 4.78514e-09
3635 4.80624e-09
3636 4.7979e-09
3637 4.79507e-09
3638 4.75709e-09
3639 4.78315e-09
3640 4.78663e-09
3641 4.75922e-09
3642 4.77318e-09
3643 4.77157e-09
3644 4.77218e-09
3645 4.7585e-09
3646 4.78304e-09
3647 4.77092e-09
3648 4.7681e-09
3649 4.7675e-09
3650 4.74983e-09
3651 4.74027e-09
3652 4.72752e-09
3653 4.73433e-09
3654 4.7521e-09
3655 4.74764e-09
3656 4.7596e-09
3657 4.76869e-09
3658 4.7582e-09
3659 4.73802e-09
3660 4.74724e-09
3661 4.74983e-09
3662 4.75101e-09
3663 4.7442e-09
3664 4.73664e-09
3665 4.73234e-09
3666 4.74106e-09
3667 4.75032e-09
3668 4.74868e-09
3669 4.73695e-09
3670 4.7372e-09
3671 4.73478e-09
3672 4.70477e-09
3673 4.7254e-09
3674 4.71881e-09
3675 4.73127e-09
3676 4.71478e-09
3677 4.72193e-09
3678 4.71437e-09
3679 4.72781e-09
3680 4.70454e-09
3681 4.71493e-09
3682 4.71594e-09
3683 4.74297e-09
3684 4.71845e-09
3685 4.72594e-09
3686 4.72243e-09
3687 4.71005e-09
3688 4.71962e-09
3689 4.70444e-09
3690 4.71829e-09
3691 4.69594e-09
3692 4.70075e-09
3693 4.70263e-09
3694 4.70501e-09
3695 4.68404e-09
3696 4.70073e-09
3697 4.68746e-09
3698 4.7087e-09
3699 4.69175e-09
3700 4.6803e-09
3701 4.69042e-09
3702 4.67645e-09
3703 4.69777e-09
3704 4.66941e-09
3705 4.68105e-09
3706 4.69164e-09
3707 4.66736e-09
3708 4.69825e-09
3709 4.68122e-09
3710 4.69137e-09
3711 4.69079e-09
3712 4.67178e-09
3713 4.67993e-09
3714 4.67366e-09
3715 4.6625e-09
3716 4.68865e-09
3717 4.68204e-09
3718 4.66495e-09
3719 4.66425e-09
3720 4.68619e-09
3721 4.65928e-09
3722 4.66778e-09
3723 4.65311e-09
3724 4.68536e-09
3725 4.66422e-09
3726 4.6631e-09
3727 4.66578e-09
3728 4.63934e-09
3729 4.65842e-09
3730 4.6485e-09
3731 4.66271e-09
3732 4.6768e-09
3733 4.63678e-09
3734 4.67338e-09
3735 4.67071e-09
3736 4.64463e-09
3737 4.63277e-09
3738 4.64618e-09
3739 4.62944e-09
3740 4.64145e-09
3741 4.6516e-09
3742 4.64361e-09
3743 4.65278e-09
3744 4.64929e-09
3745 4.6195e-09
3746 4.64482e-09
3747 4.61751e-09
3748 4.62391e-09
3749 4.62834e-09
3750 4.63632e-09
3751 4.62755e-09
3752 4.63644e-09
3753 4.62491e-09
3754 4.62458e-09
3755 4.62416e-09
3756 4.6122e-09
3757 4.64211e-09
3758 4.6361e-09
3759 4.60375e-09
3760 4.61958e-09
3761 4.61922e-09
3762 4.62237e-09
3763 4.62178e-09
3764 4.6201e-09
3765 4.6037e-09
3766 4.59059e-09
3767 4.60295e-09
3768 4.60721e-09
3769 4.60238e-09
3770 4.62415e-09
3771 4.608e-09
3772 4.61936e-09
3773 4.60871e-09
3774 4.61581e-09
3775 4.62155e-09
3776 4.59583e-09
3777 4.60082e-09
3778 4.58986e-09
3779 4.60135e-09
3780 4.60122e-09
3781 4.6011e-09
3782 4.61295e-09
3783 4.59855e-09
3784 4.60446e-09
3785 4.59007e-09
3786 4.59615e-09
3787 4.57265e-09
3788 4.61467e-09
3789 4.58621e-09
3790 4.58398e-09
3791 4.58423e-09
3792 4.58912e-09
3793 4.57724e-09
3794 4.57781e-09
3795 4.5903e-09
3796 4.56385e-09
3797 4.56474e-09
3798 4.56778e-09
3799 4.57094e-09
3800 4.56471e-09
3801 4.56926e-09
3802 4.55178e-09
3803 4.57708e-09
3804 4.56403e-09
3805 4.56459e-09
3806 4.56877e-09
3807 4.56494e-09
3808 4.56619e-09
3809 4.5955e-09
3810 4.54852e-09
3811 4.56828e-09
3812 4.56528e-09
3813 4.54768e-09
3814 4.56915e-09
3815 4.53361e-09
3816 4.55979e-09
3817 4.56194e-09
3818 4.551e-09
3819 4.54393e-09
3820 4.54969e-09
3821 4.54224e-09
3822 4.54954e-09
3823 4.54642e-09
3824 4.53859e-09
3825 4.53095e-09
3826 4.56342e-09
3827 4.52596e-09
3828 4.55908e-09
3829 4.54938e-09
3830 4.54043e-09
3831 4.53421e-09
3832 4.54238e-09
3833 4.53992e-09
3834 4.53801e-09
3835 4.52908e-09
3836 4.53141e-09
3837 4.53218e-09
3838 4.50407e-09
3839 4.53551e-09
3840 4.51803e-09
3841 4.53685e-09
3842 4.5193e-09
3843 4.5382e-09
3844 4.53054e-09
3845 4.51117e-09
3846 4.49379e-09
3847 4.50617e-09
3848 4.49625e-09
3849 4.50782e-09
3850 4.51321e-09
3851 4.50936e-09
3852 4.52525e-09
3853 4.51111e-09
3854 4.52328e-09
3855 4.51267e-09
3856 4.51408e-09
3857 4.51968e-09
3858 4.52186e-09
3859 4.51092e-09
3860 4.51193e-09
3861 4.50397e-09
3862 4.50684e-09
3863 4.5226e-09
3864 4.51035e-09
3865 4.50501e-09
3866 4.50994e-09
3867 4.48156e-09
3868 4.49995e-09
3869 4.50687e-09
3870 4.49635e-09
3871 4.50128e-09
3872 4.48885e-09
3873 4.50607e-09
3874 4.497e-09
3875 4.52459e-09
3876 4.49977e-09
3877 4.49681e-09
3878 4.49535e-09
3879 4.4806e-09
3880 4.51302e-09
3881 4.49684e-09
3882 4.48975e-09
3883 4.45844e-09
3884 4.46911e-09
3885 4.48489e-09
3886 4.4728e-09
3887 4.47956e-09
3888 4.49451e-09
3889 4.47963e-09
3890 4.46869e-09
3891 4.48009e-09
3892 4.48512e-09
3893 4.46272e-09
3894 4.466e-09
3895 4.47846e-09
3896 4.46701e-09
3897 4.49394e-09
3898 4.45177e-09
3899 4.46417e-09
3900 4.45212e-09
3901 4.47219e-09
3902 4.46868e-09
3903 4.45312e-09
3904 4.45581e-09
3905 4.47895e-09
3906 4.44568e-09
3907 4.47026e-09
3908 4.44516e-09
3909 4.45419e-09
3910 4.47029e-09
3911 4.45584e-09
3912 4.45176e-09
3913 4.454e-09
3914 4.4515e-09
3915 4.44801e-09
3916 4.45084e-09
3917 4.44174e-09
3918 4.43707e-09
3919 4.45007e-09
3920 4.43801e-09
3921 4.44481e-09
3922 4.45188e-09
3923 4.45417e-09
3924 4.43698e-09
3925 4.46741e-09
3926 4.45523e-09
3927 4.4543e-09
3928 4.41057e-09
3929 4.44399e-09
3930 4.42233e-09
3931 4.41094e-09
3932 4.44229e-09
3933 4.44004e-09
3934 4.4327e-09
3935 4.44156e-09
3936 4.42515e-09
3937 4.43721e-09
3938 4.41765e-09
3939 4.43619e-09
3940 4.44352e-09
3941 4.42843e-09
3942 4.42729e-09
3943 4.44906e-09
3944 4.42368e-09
3945 4.42128e-09
3946 4.42029e-09
3947 4.42736e-09
3948 4.40711e-09
3949 4.39656e-09
3950 4.41138e-09
3951 4.42614e-09
3952 4.40604e-09
3953 4.42268e-09
3954 4.40651e-09
3955 4.41822e-09
3956 4.40857e-09
3957 4.42288e-09
3958 4.39897e-09
3959 4.4048e-09
3960 4.42141e-09
3961 4.40357e-09
3962 4.41807e-09
3963 4.40798e-09
3964 4.40514e-09
3965 4.40902e-09
3966 4.39688e-09
3967 4.41345e-09
3968 4.37855e-09
3969 4.39445e-09
3970 4.39663e-09
3971 4.39632e-09
3972 4.38741e-09
3973 4.39625e-09
3974 4.39367e-09
3975 4.38984e-09
3976 4.39912e-09
3977 4.39514e-09
3978 4.39549e-09
3979 4.39573e-09
3980 4.39587e-09
3981 4.38148e-09
3982 4.39142e-09
3983 4.39873e-09
3984 4.38398e-09
3985 4.38284e-09
3986 4.40015e-09
3987 4.38595e-09
3988 4.37167e-09
3989 4.36429e-09
3990 4.38761e-09
3991 4.37011e-09
3992 4.38888e-09
3993 4.37195e-09
3994 4.37716e-09
3995 4.39038e-09
3996 4.37123e-09
3997 4.36142e-09
3998 4.37371e-09
3999 4.34114e-09
4000 4.35555e-09
4001 4.36732e-09
4002 4.35554e-09
4003 4.37694e-09
4004 4.36644e-09
4005 4.35379e-09
4006 4.37137e-09
4007 4.36493e-09
4008 4.36453e-09
4009 4.36401e-09
4010 4.36475e-09
4011 4.36927e-09
4012 4.36098e-09
4013 4.36104e-09
4014 4.35445e-09
4015 4.37578e-09
4016 4.36052e-09
4017 4.35219e-09
4018 4.35478e-09
4019 4.36947e-09
4020 4.33086e-09
4021 4.34539e-09
4022 4.34354e-09
4023 4.3548e-09
4024 4.35455e-09
4025 4.35259e-09
4026 4.35264e-09
4027 4.33783e-09
4028 4.3415e-09
4029 4.33119e-09
4030 4.34698e-09
4031 4.34771e-09
4032 4.34528e-09
4033 4.34527e-09
4034 4.34919e-09
4035 4.34374e-09
4036 4.32111e-09
4037 4.32516e-09
4038 4.34733e-09
4039 4.31651e-09
4040 4.3394e-09
4041 4.34037e-09
4042 4.34343e-09
4043 4.35859e-09
4044 4.32174e-09
4045 4.32301e-09
4046 4.3104e-09
4047 4.3213e-09
4048 4.3154e-09
4049 4.31288e-09
4050 4.32761e-09
4051 4.33859e-09
4052 4.31571e-09
4053 4.32711e-09
4054 4.32446e-09
4055 4.31882e-09
4056 4.31461e-09
4057 4.32768e-09
4058 4.32922e-09
4059 4.30673e-09
4060 4.31908e-09
4061 4.31018e-09
4062 4.31591e-09
4063 4.3206e-09
4064 4.31531e-09
4065 4.31847e-09
4066 4.2987e-09
4067 4.31164e-09
4068 4.33361e-09
4069 4.32464e-09
4070 4.30945e-09
4071 4.30517e-09
4072 4.30154e-09
4073 4.2932e-09
4074 4.30695e-09
4075 4.32045e-09
4076 4.30551e-09
4077 4.30325e-09
4078 4.29747e-09
4079 4.30726e-09
4080 4.30036e-09
4081 4.286e-09
4082 4.29134e-09
4083 4.30299e-09
4084 4.28462e-09
4085 4.31426e-09
4086 4.2974e-09
4087 4.28969e-09
4088 4.29874e-09
4089 4.31196e-09
4090 4.29129e-09
4091 4.3087e-09
4092 4.28647e-09
4093 4.27943e-09
4094 4.28853e-09
4095 4.28213e-09
4096 4.27244e-09
4097 4.30012e-09
4098 4.30308e-09
4099 4.28433e-09
4100 4.29791e-09
4101 4.26475e-09
4102 4.28085e-09
4103 4.29281e-09
4104 4.27585e-09
4105 4.29205e-09
4106 4.29828e-09
4107 4.28092e-09
4108 4.29702e-09
4109 4.28641e-09
4110 4.27526e-09
4111 4.27318e-09
4112 4.27563e-09
4113 4.27242e-09
4114 4.28528e-09
4115 4.27556e-09
4116 4.27179e-09
4117 4.26581e-09
4118 4.27887e-09
4119 4.26091e-09
4120 4.26184e-09
4121 4.27034e-09
4122 4.27644e-09
4123 4.28507e-09
4124 4.2652e-09
4125 4.2788e-09
4126 4.27339e-09
4127 4.26909e-09
4128 4.25362e-09
4129 4.26004e-09
4130 4.23753e-09
4131 4.24912e-09
4132 4.25355e-09
4133 4.26451e-09
4134 4.26874e-09
4135 4.25331e-09
4136 4.25102e-09
4137 4.25096e-09
4138 4.25862e-09
4139 4.26279e-09
4140 4.24954e-09
4141 4.25168e-09
4142 4.24629e-09
4143 4.26285e-09
4144 4.26505e-09
4145 4.25321e-09
4146 4.22988e-09
4147 4.23799e-09
4148 4.2491e-09
4149 4.25178e-09
4150 4.24323e-09
4151 4.26349e-09
4152 4.23889e-09
4153 4.24358e-09
4154 4.26202e-09
4155 4.26741e-09
4156 4.24206e-09
4157 4.26932e-09
4158 4.25696e-09
4159 4.26134e-09
4160 4.24616e-09
4161 4.23684e-09
4162 4.22615e-09
4163 4.23148e-09
4164 4.22145e-09
4165 4.23189e-09
4166 4.23616e-09
4167 4.24286e-09
4168 4.24196e-09
4169 4.24255e-09
4170 4.24111e-09
4171 4.23407e-09
4172 4.22979e-09
4173 4.23608e-09
4174 4.24128e-09
4175 4.22953e-09
4176 4.22396e-09
4177 4.238e-09
4178 4.24415e-09
4179 4.23559e-09
4180 4.24654e-09
4181 4.21188e-09
4182 4.23008e-09
4183 4.23649e-09
4184 4.19883e-09
4185 4.2346e-09
4186 4.22427e-09
4187 4.21465e-09
4188 4.20504e-09
4189 4.22177e-09
4190 4.22046e-09
4191 4.21606e-09
4192 4.20799e-09
4193 4.21069e-09
4194 4.22528e-09
4195 4.20687e-09
4196 4.21397e-09
4197 4.20051e-09
4198 4.20667e-09
4199 4.22727e-09
4200 4.20708e-09
4201 4.21578e-09
4202 4.22888e-09
4203 4.20457e-09
4204 4.21028e-09
4205 4.21936e-09
4206 4.21236e-09
4207 4.21271e-09
4208 4.22344e-09
4209 4.19937e-09
4210 4.20085e-09
4211 4.20661e-09
4212 4.22001e-09
4213 4.19844e-09
4214 4.22457e-09
4215 4.19712e-09
4216 4.18918e-09
4217 4.20733e-09
4218 4.18226e-09
4219 4.19825e-09
4220 4.19219e-09
4221 4.19609e-09
4222 4.21173e-09
4223 4.21213e-09
4224 4.18582e-09
4225 4.19052e-09
4226 4.20538e-09
4227 4.20168e-09
4228 4.18673e-09
4229 4.19812e-09
4230 4.18287e-09
4231 4.20492e-09
4232 4.19102e-09
4233 4.18688e-09
4234 4.18421e-09
4235 4.21993e-09
4236 4.17454e-09
4237 4.18456e-09
4238 4.19503e-09
4239 4.18456e-09
4240 4.1839e-09
4241 4.17884e-09
4242 4.19971e-09
4243 4.17154e-09
4244 4.1875e-09
4245 4.18542e-09
4246 4.19736e-09
4247 4.19197e-09
4248 4.17322e-09
4249 4.19617e-09
4250 4.19423e-09
4251 4.17942e-09
4252 4.17184e-09
4253 4.17345e-09
4254 4.1858e-09
4255 4.17499e-09
4256 4.18663e-09
4257 4.17624e-09
4258 4.16286e-09
4259 4.17773e-09
4260 4.17248e-09
4261 4.176e-09
4262 4.18124e-09
4263 4.17684e-09
4264 4.16795e-09
4265 4.18631e-09
4266 4.16953e-09
4267 4.1723e-09
4268 4.16155e-09
4269 4.16318e-09
4270 4.16342e-09
4271 4.15789e-09
4272 4.18024e-09
4273 4.18072e-09
4274 4.16566e-09
4275 4.14918e-09
4276 4.16996e-09
4277 4.16944e-09
4278 4.1633e-09
4279 4.15889e-09
4280 4.16279e-09
4281 4.18251e-09
4282 4.1603e-09
4283 4.1614e-09
4284 4.15717e-09
4285 4.17371e-09
4286 4.16619e-09
4287 4.14536e-09
4288 4.17067e-09
4289 4.17171e-09
4290 4.15694e-09
4291 4.15011e-09
4292 4.16112e-09
4293 4.14962e-09
4294 4.16739e-09
4295 4.16095e-09
4296 4.14572e-09
4297 4.13681e-09
4298 4.136e-09
4299 4.14926e-09
4300 4.14926e-09
4301 4.15568e-09
4302 4.1415e-09
4303 4.15786e-09
4304 4.14059e-09
4305 4.15596e-09
4306 4.14743e-09
4307 4.1485e-09
4308 4.1541e-09
4309 4.1629e-09
4310 4.1427e-09
4311 4.15096e-09
4312 4.13839e-09
4313 4.1594e-09
4314 4.13659e-09
4315 4.15191e-09
4316 4.14417e-09
4317 4.13172e-09
4318 4.15075e-09
4319 4.13763e-09
4320 4.13624e-09
4321 4.1303e-09
4322 4.14153e-09
4323 4.15109e-09
4324 4.14014e-09
4325 4.14611e-09
4326 4.15706e-09
4327 4.14365e-09
4328 4.12917e-09
4329 4.12872e-09
4330 4.14981e-09
4331 4.14674e-09
4332 4.14795e-09
4333 4.12972e-09
4334 4.13509e-09
4335 4.13242e-09
4336 4.13946e-09
4337 4.11616e-09
4338 4.13716e-09
4339 4.14321e-09
4340 4.14597e-09
4341 4.1214e-09
4342 4.12955e-09
4343 4.1401e-09
4344 4.13709e-09
4345 4.13371e-09
4346 4.11149e-09
4347 4.1345e-09
4348 4.12812e-09
4349 4.1099e-09
4350 4.13547e-09
4351 4.1041e-09
4352 4.11893e-09
4353 4.13506e-09
4354 4.12605e-09
4355 4.12125e-09
4356 4.11126e-09
4357 4.10449e-09
4358 4.12219e-09
4359 4.11924e-09
4360 4.12963e-09
4361 4.12011e-09
4362 4.1049e-09
4363 4.10778e-09
4364 4.12439e-09
4365 4.12654e-09
4366 4.11148e-09
4367 4.11782e-09
4368 4.09674e-09
4369 4.10067e-09
4370 4.11815e-09
4371 4.10569e-09
4372 4.10343e-09
4373 4.10694e-09
4374 4.10965e-09
4375 4.12027e-09
4376 4.10334e-09
4377 4.1225e-09
4378 4.11374e-09
4379 4.11363e-09
4380 4.11705e-09
4381 4.10548e-09
4382 4.10779e-09
4383 4.09278e-09
4384 4.10411e-09
4385 4.09122e-09
4386 4.09184e-09
4387 4.09861e-09
4388 4.10728e-09
4389 4.1093e-09
4390 4.10914e-09
4391 4.10482e-09
4392 4.08507e-09
4393 4.10695e-09
4394 4.10245e-09
4395 4.10997e-09
4396 4.09109e-09
4397 4.08309e-09
4398 4.10405e-09
4399 4.1084e-09
4400 4.07365e-09
4401 4.08574e-09
4402 4.08123e-09
4403 4.09604e-09
4404 4.09816e-09
4405 4.09808e-09
4406 4.07373e-09
4407 4.09886e-09
4408 4.09287e-09
4409 4.08969e-09
4410 4.10031e-09
4411 4.10506e-09
4412 4.08392e-09
4413 4.0775e-09
4414 4.09259e-09
4415 4.07699e-09
4416 4.09599e-09
4417 4.07855e-09
4418 4.10175e-09
4419 4.06825e-09
4420 4.08215e-09
4421 4.08782e-09
4422 4.08667e-09
4423 4.08756e-09
4424 4.07912e-09
4425 4.08469e-09
4426 4.08895e-09
4427 4.07996e-09
4428 4.06697e-09
4429 4.08211e-09
4430 4.0932e-09
4431 4.09216e-09
4432 4.09397e-09
4433 4.06977e-09
4434 4.08384e-09
4435 4.09087e-09
4436 4.0794e-09
4437 4.08388e-09
4438 4.0712e-09
4439 4.08477e-09
4440 4.08608e-09
4441 4.0663e-09
4442 4.07067e-09
4443 4.08017e-09
4444 4.07269e-09
4445 4.06203e-09
4446 4.06147e-09
4447 4.09857e-09
4448 4.06014e-09
4449 4.07343e-09
4450 4.07516e-09
4451 4.08116e-09
4452 4.08472e-09
4453 4.08335e-09
4454 4.07359e-09
4455 4.0732e-09
4456 4.07855e-09
4457 4.07345e-09
4458 4.06011e-09
4459 4.07853e-09
4460 4.06073e-09
4461 4.0565e-09
4462 4.06914e-09
4463 4.06348e-09
4464 4.06035e-09
4465 4.06962e-09
4466 4.06831e-09
4467 4.05325e-09
4468 4.08199e-09
4469 4.05838e-09
4470 4.06215e-09
4471 4.06206e-09
4472 4.05527e-09
4473 4.07597e-09
4474 4.06296e-09
4475 4.05125e-09
4476 4.06302e-09
4477 4.06202e-09
4478 4.06125e-09
4479 4.05732e-09
4480 4.06208e-09
4481 4.06134e-09
4482 4.07141e-09
4483 4.04357e-09
4484 4.05754e-09
4485 4.06641e-09
4486 4.06237e-09
4487 4.05509e-09
4488 4.06359e-09
4489 4.05117e-09
4490 4.06992e-09
4491 4.05282e-09
4492 4.05414e-09
4493 4.05283e-09
4494 4.05086e-09
4495 4.04737e-09
4496 4.06115e-09
4497 4.03583e-09
4498 4.06544e-09
4499 4.06925e-09
4500 4.04975e-09
4501 4.0572e-09
4502 4.04538e-09
4503 4.04107e-09
4504 4.07377e-09
4505 4.0457e-09
4506 4.0514e-09
4507 4.03834e-09
4508 4.02804e-09
4509 4.05515e-09
4510 4.04983e-09
4511 4.03877e-09
4512 4.03895e-09
4513 4.0515e-09
4514 4.04965e-09
4515 4.06181e-09
4516 4.05147e-09
4517 4.05877e-09
4518 4.03223e-09
4519 4.03713e-09
4520 4.0489e-09
4521 4.04041e-09
4522 4.03441e-09
4523 4.05282e-09
4524 4.055e-09
4525 4.04861e-09
4526 4.03758e-09
4527 4.01398e-09
4528 4.03151e-09
4529 4.04639e-09
4530 4.03756e-09
4531 4.0453e-09
4532 4.0327e-09
4533 4.04007e-09
4534 4.03398e-09
4535 4.03255e-09
4536 4.03216e-09
4537 4.05951e-09
4538 4.04811e-09
4539 4.03617e-09
4540 4.02642e-09
4541 4.03229e-09
4542 4.04111e-09
4543 4.03192e-09
4544 4.02389e-09
4545 4.03764e-09
4546 4.02798e-09
4547 4.03256e-09
4548 4.02288e-09
4549 4.06621e-09
4550 4.04066e-09
4551 4.02922e-09
4552 4.03675e-09
4553 4.03669e-09
4554 4.01794e-09
4555 4.03099e-09
4556 4.00849e-09
4557 4.02909e-09
4558 4.03855e-09
4559 4.02123e-09
4560 4.0326e-09
4561 4.04259e-09
4562 4.02815e-09
4563 4.0181e-09
4564 4.01835e-09
4565 4.04282e-09
4566 4.02741e-09
4567 4.01529e-09
4568 4.01066e-09
4569 4.04093e-09
4570 4.01426e-09
4571 4.02751e-09
4572 4.00997e-09
4573 4.03623e-09
4574 4.03154e-09
4575 4.01218e-09
4576 4.02367e-09
4577 4.0225e-09
4578 4.02789e-09
4579 4.02018e-09
4580 4.01287e-09
4581 4.04397e-09
4582 4.0087e-09
4583 4.0232e-09
4584 4.02612e-09
4585 4.02253e-09
4586 4.01672e-09
4587 4.01362e-09
4588 4.02266e-09
4589 4.01348e-09
4590 4.03045e-09
4591 3.9972e-09
4592 4.00318e-09
4593 4.04163e-09
4594 4.01013e-09
4595 4.02917e-09
4596 4.00901e-09
4597 4.01203e-09
4598 3.999e-09
4599 4.03238e-09
4600 4.02066e-09
4601 4.00345e-09
4602 4.02596e-09
4603 4.03008e-09
4604 4.00823e-09
4605 4.01123e-09
4606 4.00401e-09
4607 3.99833e-09
4608 4.02045e-09
4609 4.01627e-09
4610 4.01322e-09
4611 4.01809e-09
4612 4.00701e-09
4613 4.0046e-09
4614 3.99152e-09
4615 4.01345e-09
4616 3.99849e-09
4617 4.01041e-09
4618 4.00224e-09
4619 4.01062e-09
4620 4.02315e-09
4621 4.00127e-09
4622 4.00704e-09
4623 4.01423e-09
4624 3.99924e-09
4625 4.01124e-09
4626 4.01056e-09
4627 4.00775e-09
4628 3.98324e-09
4629 4.00543e-09
4630 4.01018e-09
4631 4.01579e-09
4632 3.9933e-09
4633 4.00689e-09
4634 4.01514e-09
4635 3.99639e-09
4636 4.02046e-09
4637 3.99447e-09
4638 4.01865e-09
4639 3.99629e-09
4640 4.00115e-09
4641 4.00657e-09
4642 4.01133e-09
4643 4.01103e-09
4644 4.00248e-09
4645 4.01195e-09
4646 4.02327e-09
4647 3.99301e-09
4648 4.00749e-09
4649 4.00655e-09
4650 3.97766e-09
4651 3.99116e-09
4652 3.99259e-09
4653 4.0059e-09
4654 4.00588e-09
4655 4.00411e-09
4656 4.00829e-09
4657 3.98378e-09
4658 3.99717e-09
4659 3.98603e-09
4660 4.00387e-09
4661 3.99714e-09
4662 4.01098e-09
4663 4.00369e-09
4664 3.99051e-09
4665 3.9711e-09
4666 3.99886e-09
4667 3.99841e-09
4668 3.99331e-09
4669 4.0145e-09
4670 3.99523e-09
4671 4.00393e-09
4672 3.98781e-09
4673 3.99944e-09
4674 3.99606e-09
4675 3.97422e-09
4676 4.00475e-09
4677 3.98601e-09
4678 4.00041e-09
4679 3.99591e-09
4680 3.98721e-09
4681 3.978e-09
4682 3.99603e-09
4683 3.99842e-09
4684 4.00404e-09
4685 4.00998e-09
4686 3.9902e-09
4687 3.994e-09
4688 3.99691e-09
4689 3.99631e-09
4690 3.97293e-09
4691 3.98666e-09
4692 3.99145e-09
4693 3.99038e-09
4694 3.97436e-09
4695 3.98779e-09
4696 3.98379e-09
4697 3.97934e-09
4698 3.98755e-09
4699 3.98628e-09
4700 3.98057e-09
4701 3.98079e-09
4702 3.97733e-09
4703 3.98036e-09
4704 3.98033e-09
4705 3.99046e-09
4706 3.99121e-09
4707 4.00531e-09
4708 3.98812e-09
4709 3.98456e-09
4710 3.98916e-09
4711 4.01204e-09
4712 3.98538e-09
4713 3.99243e-09
4714 3.98773e-09
4715 3.97634e-09
4716 3.99329e-09
4717 3.98084e-09
4718 3.99352e-09
4719 3.97763e-09
4720 3.97796e-09
4721 3.99377e-09
4722 3.97579e-09
4723 3.97536e-09
4724 3.99236e-09
4725 3.99024e-09
4726 3.99663e-09
4727 3.98296e-09
4728 3.96646e-09
4729 3.99077e-09
4730 4.00728e-09
4731 3.97647e-09
4732 4.00582e-09
4733 3.97545e-09
4734 3.99013e-09
4735 3.98476e-09
4736 3.99231e-09
4737 3.98892e-09
4738 3.9655e-09
4739 3.98536e-09
4740 4.01368e-09
4741 3.97884e-09
4742 3.98812e-09
4743 3.97874e-09
4744 3.97488e-09
4745 3.97799e-09
4746 3.97197e-09
4747 3.97582e-09
4748 3.97629e-09
4749 3.97662e-09
4750 3.96437e-09
4751 3.97927e-09
4752 3.97295e-09
4753 3.97199e-09
4754 3.97191e-09
4755 3.96181e-09
4756 3.97729e-09
4757 3.96598e-09
4758 3.9691e-09
4759 3.95912e-09
4760 3.98666e-09
4761 3.95969e-09
4762 3.97764e-09
4763 3.98529e-09
4764 3.9788e-09
4765 3.97036e-09
4766 3.96468e-09
4767 3.98718e-09
4768 3.9672e-09
4769 3.99177e-09
4770 3.96499e-09
4771 3.98333e-09
4772 3.98329e-09
4773 3.97119e-09
4774 3.97495e-09
4775 3.96686e-09
4776 3.97968e-09
4777 3.98531e-09
4778 3.96609e-09
4779 3.97857e-09
4780 3.97891e-09
4781 3.95055e-09
4782 3.97454e-09
4783 3.98587e-09
4784 3.99263e-09
4785 3.97564e-09
4786 3.97871e-09
4787 3.97285e-09
4788 3.95836e-09
4789 3.95409e-09
4790 3.97352e-09
4791 3.97942e-09
4792 3.95839e-09
4793 3.97545e-09
4794 3.98077e-09
4795 3.97586e-09
4796 3.97471e-09
4797 3.95537e-09
4798 3.96978e-09
4799 3.96755e-09
4800 3.97577e-09
4801 3.96006e-09
4802 3.97079e-09
4803 3.96944e-09
4804 3.9678e-09
4805 3.96795e-09
4806 3.96873e-09
4807 3.93906e-09
4808 3.97362e-09
4809 3.97545e-09
4810 3.96148e-09
4811 3.98444e-09
4812 3.94995e-09
4813 3.96547e-09
4814 3.95689e-09
4815 3.97595e-09
4816 3.98218e-09
4817 3.96972e-09
4818 3.96203e-09
4819 3.97876e-09
4820 3.96659e-09
4821 3.96593e-09
4822 3.94214e-09
4823 3.9709e-09
4824 3.96005e-09
4825 3.9716e-09
4826 3.96779e-09
4827 3.95631e-09
4828 3.96242e-09
4829 3.96671e-09
4830 3.95212e-09
4831 3.97511e-09
4832 3.9634e-09
4833 3.98517e-09
4834 3.96855e-09
4835 3.95656e-09
4836 3.96506e-09
4837 3.96658e-09
4838 3.95588e-09
4839 3.97483e-09
4840 3.96646e-09
4841 3.96791e-09
4842 3.94658e-09
4843 3.96737e-09
4844 3.96111e-09
4845 3.95132e-09
4846 3.97303e-09
4847 3.94773e-09
4848 3.96767e-09
4849 3.97934e-09
4850 3.95388e-09
4851 3.99229e-09
4852 3.9577e-09
4853 3.95291e-09
4854 3.96687e-09
4855 3.96447e-09
4856 3.96116e-09
4857 3.94248e-09
4858 3.95605e-09
4859 3.97861e-09
4860 3.95089e-09
4861 3.94713e-09
4862 3.97727e-09
4863 3.95446e-09
4864 3.95714e-09
4865 3.94716e-09
4866 3.95262e-09
4867 3.95633e-09
4868 3.96081e-09
4869 3.96309e-09
4870 3.96217e-09
4871 3.95474e-09
4872 3.95195e-09
4873 3.94312e-09
4874 3.95827e-09
4875 3.94951e-09
4876 3.95617e-09
4877 3.96866e-09
4878 3.95067e-09
4879 3.95606e-09
4880 3.96123e-09
4881 3.95909e-09
4882 3.94362e-09
4883 3.95895e-09
4884 3.94996e-09
4885 3.9578e-09
4886 3.96657e-09
4887 3.96185e-09
4888 3.93525e-09
4889 3.97373e-09
4890 3.94814e-09
4891 3.97899e-09
4892 3.94231e-09
4893 3.95866e-09
4894 3.97159e-09
4895 3.96385e-09
4896 3.93447e-09
4897 3.95377e-09
4898 3.95981e-09
4899 3.97156e-09
4900 3.96343e-09
4901 3.95245e-09
4902 3.95656e-09
4903 3.94485e-09
4904 3.95588e-09
4905 3.94493e-09
4906 3.96555e-09
4907 3.95541e-09
4908 3.96264e-09
4909 3.97478e-09
4910 3.94007e-09
4911 3.94996e-09
4912 3.97172e-09
4913 3.95827e-09
4914 3.96262e-09
4915 3.93538e-09
4916 3.94623e-09
4917 3.96089e-09
4918 3.97634e-09
4919 3.95478e-09
4920 3.95274e-09
4921 3.94987e-09
4922 3.9442e-09
4923 3.94427e-09
4924 3.94544e-09
4925 3.94654e-09
4926 3.9457e-09
4927 3.96348e-09
4928 3.96057e-09
4929 3.95704e-09
4930 3.95395e-09
4931 3.95888e-09
4932 3.95552e-09
4933 3.96514e-09
4934 3.95745e-09
4935 3.95087e-09
4936 3.95013e-09
4937 3.94316e-09
4938 3.95669e-09
4939 3.93604e-09
4940 3.95253e-09
4941 3.94677e-09
4942 3.95482e-09
4943 3.95269e-09
4944 3.95402e-09
4945 3.96618e-09
4946 3.97002e-09
4947 3.94779e-09
4948 3.94085e-09
4949 3.96332e-09
4950 3.95338e-09
4951 3.9514e-09
4952 3.93889e-09
4953 3.94568e-09
4954 3.97399e-09
4955 3.94607e-09
4956 3.94185e-09
4957 3.96005e-09
4958 3.96116e-09
4959 3.96457e-09
4960 3.95977e-09
4961 3.94988e-09
4962 3.947e-09
4963 3.94507e-09
4964 3.95624e-09
4965 3.95169e-09
4966 3.97598e-09
4967 3.94131e-09
4968 3.93521e-09
4969 3.95805e-09
4970 3.94458e-09
4971 3.94682e-09
4972 3.95673e-09
4973 3.94922e-09
4974 3.95865e-09
4975 3.93666e-09
4976 3.95817e-09
4977 3.94408e-09
4978 3.95217e-09
4979 3.95519e-09
4980 3.95641e-09
4981 3.96399e-09
4982 3.95698e-09
4983 3.95404e-09
4984 3.95294e-09
4985 3.95687e-09
4986 3.97216e-09
4987 3.9686e-09
4988 3.96784e-09
4989 3.95326e-09
4990 3.95822e-09
4991 3.95091e-09
4992 3.93789e-09
4993 3.94737e-09
4994 3.94424e-09
4995 3.94644e-09
4996 3.94656e-09
4997 3.94841e-09
4998 3.94984e-09
4999 3.95714e-09
