0 -0.6048 -1.8176 -1.768
1 -0.8064 -1.6816 -1.6336
2 -0.8672 -1.528 -1.5568
3 -0.8976 -1.456 -1.5072
4 -0.9808 -1.4128 -1.5312
5 -0.9824 -1.3376 -1.4192
6 -0.9856 -1.2688 -1.3712
7 -1.0272 -1.288 -1.3136
8 -1.0832 -1.3056 -1.2864
9 -1.088 -1.2944 -1.2992
10 -1.0832 -1.2448 -1.3024
11 -1.0496 -1.2448 -1.2864
12 -1.1136 -1.2432 -1.184
13 -1.0896 -1.272 -1.1888
14 -1.0592 -1.1856 -1.224
15 -1.064 -1.2336 -1.2032
16 -1.0848 -1.264 -1.176
17 -1.0864 -1.2752 -1.2224
18 -1.0064 -1.2736 -1.2048
19 -1.072 -1.232 -1.1904
20 -1.072 -1.144 -1.1552
21 -1.08 -1.176 -1.1888
22 -1.0512 -1.1904 -1.1968
23 -1.0512 -1.2352 -1.1872
24 -1.0496 -1.1856 -1.128
25 -1.0304 -1.2272 -1.1008
26 -1.0224 -1.2352 -1.1328
27 -1.032 -1.2352 -1.1584
28 -1.0624 -1.2464 -1.128
29 -1.0832 -1.1904 -1.1424
30 -1.088 -1.232 -1.1328
31 -1.0576 -1.2432 -1.1696
32 -1.0544 -1.1872 -1.1232
33 -1.0192 -1.2096 -1.1344
34 -1.0384 -1.1456 -1.088
35 -1.0496 -1.1392 -1.088
36 -1.0656 -1.1344 -1.1008
37 -1.0528 -1.1584 -1.128
38 -1.0416 -1.1728 -1.1024
39 -1.0592 -1.1616 -1.1248
40 -1.0672 -1.1904 -1.0864
41 -1.0464 -1.2176 -1.1504
42 -1.056 -1.248 -1.1232
43 -1.08 -1.16 -1.2192
44 -1.072 -1.12 -1.1888
45 -1.0768 -1.1552 -1.1856
46 -1.0688 -1.1536 -1.1568
47 -1.0448 -1.1312 -1.1632
48 -1.088 -1.1808 -1.1088
49 -1.0912 -1.2096 -1.1824
50 -1.1168 -1.2048 -1.1408
51 -1.0576 -1.168 -1.1488
52 -1.0432 -1.1008 -1.1296
53 -1.0736 -1.1472 -1.192
54 -1.0912 -1.1424 -1.1504
55 -1.072 -1.16 -1.2128
56 -1.0688 -1.1328 -1.1696
57 -1.0944 -1.1248 -1.1712
58 -1.1232 -1.1344 -1.1552
59 -1.1424 -1.1824 -1.1312
60 -1.088 -1.2192 -1.1504
61 -1.0816 -1.1632 -1.1488
62 -1.0336 -1.1744 -1.192
63 -1.0752 -1.1536 -1.1808
64 -1.088 -1.16 -1.152
65 -1.0816 -1.1792 -1.144
66 -1.12 -1.1104 -1.1696
67 -1.0864 -1.104 -1.1216
68 -1.0576 -1.0928 -1.1232
69 -1.0832 -1.048 -1.1376
70 -1.0512 -1.0608 -1.0976
71 -1.0512 -1.0544 -1.1408
72 -1.0576 -1.0688 -1.0784
73 -1.0992 -1.0656 -1.1008
74 -1.0656 -1.08 -1.1168
75 -1.0688 -1.0864 -1.0512
76 -1.104 -1.1168 -1.1168
77 -1.0896 -1.128 -1.1088
78 -1.12 -1.1104 -1.0736
79 -1.1136 -1.1216 -1.0272
80 -1.1168 -1.128 -1.1008
81 -1.0608 -1.0848 -1.1328
82 -1.12 -1.104 -1.1024
83 -1.048 -1.1568 -1.064
84 -1.0832 -1.1568 -1.0864
85 -1.056 -1.1472 -1.088
86 -1.08 -1.1488 -1.1376
87 -1.0976 -1.1248 -1.1056
88 -1.1056 -1.144 -1.0672
89 -1.0848 -1.1712 -1.0784
90 -1.0896 -1.144 -1.0288
91 -1.1056 -1.0768 -1.1104
92 -0.984 -1.0624 -1.088
93 -1.0416 -1.0816 -1.1328
94 -1.0432 -1.136 -1.1568
95 -1.0368 -1.0992 -1.1536
96 -1.0512 -1.1232 -1.1152
97 -0.9936 -1.0528 -1.1216
98 -1.0016 -1.0928 -1.0864
99 -1.0144 -1.0576 -1.0816
100 -1.0352 -1.072 -1.1024
101 -1.0704 -1.1088 -1.1216
102 -1.0448 -1.0976 -1.0928
103 -0.976 -1.0928 -1.0736
104 -0.9824 -1.0928 -1.0512
105 -1.048 -1.1072 -0.9904
106 -1.0192 -1.1072 -1.0336
107 -0.992 -1.1376 -1.0688
108 -1.0016 -1.144 -1.104
109 -1.0464 -1.1248 -1.0944
110 -1.0832 -1.1072 -1.1008
111 -1.0752 -1.1152 -1.1344
112 -1.0384 -1.0864 -1.1584
113 -1.0912 -1.1568 -1.1744
114 -1.0784 -1.0832 -1.1968
115 -1.0944 -1.1232 -1.1312
116 -1.0864 -1.0448 -1.1312
117 -1.104 -1.0544 -1.1328
118 -1.1344 -1.0816 -1.1776
119 -1.1216 -1.0816 -1.1488
120 -1.1024 -1.0768 -1.1088
121 -1.1328 -1.088 -1.1184
122 -1.1648 -1.0608 -1.1456
123 -1.0896 -1.0976 -1.2224
124 -1.1392 -1.0304 -1.1744
125 -1.128 -1.0224 -1.1376
126 -1.1712 -1.0784 -1.0912
127 -1.1024 -1.0752 -1.1024
128 -1.1472 -1.088 -1.0944
129 -1.1824 -1.0832 -1.0624
130 -1.1584 -1.0464 -1.0704
131 -1.1712 -1.1136 -1.0768
132 -1.088 -1.152 -1.0768
133 -1.1504 -1.0944 -1.0864
134 -1.128 -1.1088 -1.0928
135 -1.1456 -1.0976 -1.1024
136 -1.1488 -1.1296 -1.1232
137 -1.1536 -1.0736 -1.168
138 -1.088 -1.1184 -1.096
139 -1.0928 -1.1152 -1.0576
140 -1.1008 -1.1104 -1.096
141 -1.1264 -1.1504 -1.056
142 -1.1728 -1.1056 -1.128
143 -1.1936 -1.1232 -1.112
144 -1.2 -1.0896 -1.1424
145 -1.16 -1.0736 -1.128
146 -1.1552 -1.0704 -1.1424
147 -1.1536 -1.0928 -1.0704
148 -1.1408 -1.08 -1.0928
149 -1.104 -1.112 -1.088
150 -1.1296 -1.0448 -1.1008
151 -1.0832 -1.072 -1.1056
152 -1.0768 -1.0752 -1.1568
153 -1.1536 -1.0784 -1.0976
154 -1.1216 -1.0752 -1.0688
155 -1.1184 -1.0608 -1.0432
156 -1.1488 -1.0688 -1.0256
157 -1.1744 -1.0416 -0.9744
158 -1.168 -1.0704 -1.0288
159 -1.152 -1.048 -1.032
160 -1.1776 -1.0704 -1.0288
161 -1.1408 -1.0864 -1.0288
162 -1.1568 -1.0816 -1.0464
163 -1.2224 -1.0848 -1.0544
164 -1.1392 -1.0832 -1.1088
165 -1.1136 -1.0464 -1.1408
166 -1.128 -1.1056 -1.112
167 -1.0496 -1.1072 -1.096
168 -1.1088 -1.0688 -1.0672
169 -1.1776 -1.0928 -1.0816
170 -1.2032 -1.096 -1.0656
171 -1.1856 -1.1008 -1.0352
172 -1.1696 -1.0992 -1.0512
173 -1.2064 -1.0592 -1.088
174 -1.2112 -1.1136 -1.1152
175 -1.16 -1.1504 -1.1424
176 -1.0784 -1.1568 -1.1248
177 -1.1392 -1.0768 -1.1152
178 -1.1648 -1.104 -1.1488
179 -1.1664 -1.0672 -1.128
180 -1.2128 -1.0208 -1.1488
181 -1.1744 -1.024 -1.1344
182 -1.1856 -1.0368 -1.1792
183 -1.1984 -1.0304 -1.1904
184 -1.2432 -1.0016 -1.1792
185 -1.184 -1.0768 -1.1856
186 -1.1536 -1.096 -1.0832
187 -1.1104 -1.0416 -1.064
188 -1.0864 -1.0416 -1.136
189 -1.0608 -1.056 -1.0848
190 -1.0848 -1.1408 -1.1392
191 -1.136 -1.1536 -1.1664
192 -1.136 -1.1344 -1.1456
193 -1.1184 -1.144 -1.12
194 -1.0464 -1.1328 -1.088
195 -1.0592 -1.0976 -1.088
196 -1.0848 -1.0752 -1.1072
197 -1.1232 -1.0224 -1.1616
198 -1.1568 -1.0192 -1.1168
199 -1.112 -1.0592 -1.1072
200 -1.128 -1.0528 -1.1088
201 -1.1712 -1.088 -1.1408
202 -1.1376 -1.0512 -1.1648
203 -1.0688 -1.0944 -1.1088
204 -1.096 -1.0688 -1.0784
205 -1.1024 -1.08 -1.1344
206 -1.0944 -1.032 -1.08
207 -1.0944 -1.0768 -1.1168
208 -1.0768 -1.104 -1.1344
209 -1.1424 -1.0432 -1.1328
210 -1.0768 -1.0544 -1.1072
211 -1.16 -0.9904 -1.184
212 -1.1376 -0.9952 -1.1712
213 -1.1648 -1.04 -1.12
214 -1.1536 -1.0448 -1.1424
215 -1.1648 -1.0448 -1.1616
216 -1.128 -1.032 -1.168
217 -1.1856 -1.008 -1.1488
218 -1.184 -1 -1.1968
219 -1.2576 -1.0768 -1.2304
220 -1.2128 -1.0176 -1.2112
221 -1.1248 -1.0336 -1.2384
222 -1.12 -1.0528 -1.216
223 -1.096 -1.0016 -1.1936
224 -1.08 -1.0432 -1.1664
225 -1.1104 -1.0656 -1.1632
226 -1.1344 -1.1088 -1.1776
227 -1.1088 -1.0992 -1.1424
228 -1.176 -1.0944 -1.1136
229 -1.1664 -1.0176 -1.1744
230 -1.192 -1.0704 -1.1776
231 -1.1664 -1.0912 -1.1392
232 -1.1584 -1.1008 -1.16
233 -1.1216 -1.0512 -1.1376
234 -1.176 -1.0528 -1.1152
235 -1.1216 -1.0976 -1.0464
236 -1.0944 -1.056 -1.0496
237 -1.112 -1.0608 -1.0672
238 -1.072 -1.0112 -0.9936
239 -1.1584 -1.0416 -1.032
240 -1.1248 -1.0736 -1.056
241 -1.0704 -1.1056 -1.096
242 -1.0336 -1.1184 -1.1568
243 -1.0976 -1.0784 -1.1952
244 -1.0848 -1.072 -1.1312
245 -1.1296 -1.0848 -1.1904
246 -1.0784 -1.0416 -1.1584
247 -1.1056 -1.0576 -1.1328
248 -1.1136 -1.0464 -1.1408
249 -1.1216 -1.0896 -1.1232
250 -1.1184 -1.1328 -1.1936
251 -1.1392 -1.1088 -1.1296
252 -1.0768 -1.0656 -1.1456
253 -1.1104 -1.1008 -1.136
254 -1.1488 -1.0704 -1.1616
255 -1.0576 -1.1184 -1.168
256 -1.0752 -1.1376 -1.136
257 -1.056 -1.1104 -1.0816
258 -1.0496 -1.08 -1.1232
259 -1.0688 -1.1344 -1.1776
260 -1.0912 -1.136 -1.0816
261 -1.0688 -1.1232 -1.0256
262 -1.1152 -1.1168 -1.0528
263 -1.1248 -1.1456 -1.0672
264 -1.0928 -1.1264 -1.064
265 -1.1312 -1.168 -1.1072
266 -1.096 -1.1344 -1.1184
267 -1.0896 -1.1056 -1.1248
268 -1.0784 -1.168 -1.1264
269 -1.088 -1.1552 -1.1056
270 -1.1248 -1.128 -1.0656
271 -1.1088 -1.1552 -1.1328
272 -1.1072 -1.144 -1.104
273 -1.1312 -1.1392 -1.1072
274 -1.128 -1.12 -1.0672
275 -1.0768 -1.1792 -1.0688
276 -1.0848 -1.1808 -1.0528
277 -1.0848 -1.1632 -1.1088
278 -1.1328 -1.104 -1.1296
279 -1.1376 -1.1136 -1.064
280 -1.1248 -1.0912 -1.1024
281 -1.128 -1.1008 -1.0672
282 -1.1328 -1.08 -1.0848
283 -1.1296 -1.1824 -1.1008
284 -1.1184 -1.1504 -1.08
285 -1.1088 -1.136 -1.0752
286 -1.112 -1.1264 -1.0928
287 -1.0864 -1.1328 -1.104
288 -1.0864 -1.1056 -1.1184
289 -1.1136 -1.1152 -1.0816
290 -1.1152 -1.1088 -1.112
291 -1.0496 -1.1744 -1.1104
292 -1.1008 -1.1152 -1.0672
293 -1.0608 -1.1472 -1.0576
294 -1.1472 -1.1408 -1.0336
295 -1.2 -1.1152 -1.024
296 -1.1808 -1.1072 -1.0864
297 -1.1856 -1.1152 -1.0416
298 -1.1696 -1.1392 -1.0688
299 -1.1936 -1.0976 -1.0784
300 -1.1536 -1.1152 -1.0672
301 -1.136 -1.1024 -1.0496
302 -1.1328 -1.1232 -1.0464
303 -1.1264 -1.1168 -1.072
304 -1.1168 -1.1424 -1.1552
305 -1.0976 -1.0848 -1.1216
306 -1.1344 -1.104 -1.1408
307 -1.0688 -1.0576 -1.1088
308 -1.0336 -1.064 -1.1008
309 -1.0256 -1.0576 -1.0768
310 -1.0272 -1.0768 -1.1008
311 -1.0192 -1.0864 -1.1248
312 -1.0288 -1.0272 -1.1296
313 -1.0576 -1.0944 -1.0672
314 -1.0544 -1.0784 -1.0992
315 -1.0912 -1.1392 -1.1168
316 -1.048 -1.0944 -1.0864
317 -1.0816 -1.1152 -1.1104
318 -1.096 -1.1312 -1.0976
319 -1.1136 -1.0896 -1.1104
320 -1.1392 -1.0944 -1.0848
321 -1.0992 -1.0832 -1.1104
322 -1.1088 -1.1008 -1.0768
323 -1.136 -1.144 -1.0944
324 -1.1296 -1.0512 -1.1456
325 -1.1664 -1.0784 -1.096
326 -1.1152 -1.0816 -1.1488
327 -1.1488 -1.0688 -1.1488
328 -1.152 -1.1248 -1.1216
329 -1.1472 -1.0832 -1.128
330 -1.1104 -1.0992 -1.1056
331 -1.1328 -1.12 -1.0912
332 -1.1104 -1.1264 -1.1104
333 -1.1424 -1.0928 -1.1264
334 -1.0544 -1.04 -1.1312
335 -1.0896 -1.0752 -1.1472
336 -1.0752 -1.0896 -1.1392
337 -1.1184 -1.1088 -1.1216
338 -1.1024 -1.1104 -1.112
339 -1.1152 -1.1136 -1.112
340 -1.0768 -1.104 -1.0736
341 -1.1216 -1.1344 -1.0624
342 -1.1328 -1.1776 -1.16
343 -1.0976 -1.1504 -1.2096
344 -1.04 -1.1328 -1.1552
345 -1.096 -1.1232 -1.1696
346 -1.1056 -1.1488 -1.1824
347 -1.1216 -1.1376 -1.2064
348 -1.088 -1.112 -1.1936
349 -1.0768 -1.1616 -1.1488
350 -1.0928 -1.1104 -1.1248
351 -1.0896 -1.1712 -1.1632
352 -1.08 -1.208 -1.2256
353 -1.0688 -1.208 -1.1296
354 -1.1104 -1.2064 -1.0688
355 -1.1216 -1.1344 -1.0608
356 -1.1072 -1.1392 -1.112
357 -1.136 -1.1904 -1.1168
358 -1.1536 -1.2272 -1.0896
359 -1.1888 -1.2 -1.12
360 -1.192 -1.2368 -1.1088
361 -1.168 -1.1968 -1.0384
362 -1.1456 -1.1824 -1.0784
363 -1.1552 -1.2736 -1.1504
364 -1.2064 -1.2432 -1.1136
365 -1.1648 -1.2016 -1.128
366 -1.1328 -1.2256 -1.1184
367 -1.1296 -1.1904 -1.144
368 -1.136 -1.2288 -1.1408
369 -1.1184 -1.1744 -1.1152
370 -1.0992 -1.1328 -1.1232
371 -1.1216 -1.1248 -1.12
372 -1.1104 -1.1296 -1.072
373 -1.1136 -1.128 -1.0832
374 -1.0928 -1.088 -1.128
375 -1.1552 -1.1264 -1.0944
376 -1.1184 -1.1088 -1.0656
377 -1.1024 -1.0688 -1.0768
378 -1.1472 -1.0592 -1.0832
379 -1.1072 -1.0608 -1.1216
380 -1.1296 -1.1232 -1.1072
381 -1.1232 -1.1088 -1.0688
382 -1.1264 -1.072 -1.1072
383 -1.1744 -1.0432 -1.0592
384 -1.2288 -1.0656 -1.048
385 -1.208 -1.096 -1.0752
386 -1.0864 -1.0592 -1.0928
387 -1.1264 -1.0528 -1.1296
388 -1.1008 -1.0768 -1.1392
389 -1.1168 -1.1136 -1.1296
390 -1.1296 -1.1248 -1.0992
391 -1.1536 -1.0832 -1.0624
392 -1.1424 -1.1024 -1.0896
393 -1.1248 -1.0256 -1.064
394 -1.096 -1.0912 -1.096
395 -1.024 -1.0528 -1.1728
396 -1.0448 -1.0368 -1.1136
397 -1.0688 -1.0992 -1.0496
398 -1.12 -1.1008 -1.0512
399 -1.1728 -1.1104 -1.0672
400 -1.1184 -1.1232 -1.1216
401 -1.1728 -1.2064 -1.0896
402 -1.1392 -1.2032 -1.1152
403 -1.0864 -1.1712 -1.1184
404 -1.1296 -1.192 -1.0912
405 -1.1936 -1.1712 -1.1616
406 -1.1344 -1.1488 -1.1072
407 -1.144 -1.1456 -1.12
408 -1.1184 -1.1424 -1.1728
409 -1.1312 -1.1536 -1.1424
410 -1.1344 -1.1808 -1.152
411 -1.1728 -1.1648 -1.136
412 -1.1504 -1.1232 -1.1312
413 -1.1312 -1.08 -1.152
414 -1.0784 -1.1152 -1.1872
415 -1.056 -1.1504 -1.1488
416 -1.0208 -1.16 -1.1552
417 -1.0464 -1.1792 -1.08
418 -1.0288 -1.1152 -1.1008
419 -1.0144 -1.104 -1.1152
420 -1.0368 -1.0992 -1.1232
421 -1.016 -1.1392 -1.176
422 -1.0496 -1.1216 -1.192
423 -1.0464 -1.1552 -1.1936
424 -1.1136 -1.0608 -1.1824
425 -1.0448 -1.0704 -1.1408
426 -1.0624 -1.1152 -1.1728
427 -1.1552 -1.112 -1.1312
428 -1.1456 -1.1584 -1.1376
429 -1.1632 -1.1008 -1.1728
430 -1.1728 -1.0992 -1.1536
431 -1.136 -1.104 -1.1536
432 -1.0864 -1.0912 -1.1312
433 -1.1184 -1.096 -1.1792
434 -1.104 -1.1456 -1.168
435 -1.1168 -1.0928 -1.1424
436 -1.0576 -1.1056 -1.1344
437 -1.1264 -1.072 -1.1456
438 -1.1424 -1.0736 -1.168
439 -1.1328 -1.0736 -1.152
440 -1.1584 -1.12 -1.1744
441 -1.1536 -1.0496 -1.1344
442 -1.1648 -1.0704 -1.1552
443 -1.184 -1.0368 -1.184
444 -1.1728 -1.0464 -1.152
445 -1.1584 -1.0624 -1.1152
446 -1.1376 -1.0384 -1.1216
447 -1.1504 -1.0352 -1.12
448 -1.1328 -1.0128 -1.1376
449 -1.1984 -1.0672 -1.1184
450 -1.1952 -1.1056 -1.1184
451 -1.1584 -1.08 -1.1168
452 -1.1472 -1.136 -1.1328
453 -1.1616 -1.0944 -1.1424
454 -1.12 -1.056 -1.136
455 -1.1168 -1.0384 -1.1696
456 -1.176 -1.0736 -1.1504
457 -1.136 -1.0464 -1.1664
458 -1.1296 -1.0656 -1.1392
459 -1.1024 -1.064 -1.1216
460 -1.096 -1.1152 -1.12
461 -1.0688 -1.1072 -1.1504
462 -1.0384 -1.0624 -1.1696
463 -1.0048 -1.0528 -1.112
464 -1.0272 -1.0864 -1.0752
465 -1.0352 -1.0496 -1.1168
466 -1.0464 -1.0672 -1.0832
467 -1.1072 -1.088 -1.1072
468 -1.1056 -1.1424 -1.1056
469 -1.1248 -1.1216 -1.0928
470 -1.128 -1.08 -1.0176
471 -1.144 -1.0304 -1.072
472 -1.1344 -1.0544 -1.1024
473 -1.1712 -1.0608 -1.088
474 -1.1808 -1.0336 -1.104
475 -1.1856 -1.0096 -1.1008
476 -1.1456 -1.0896 -1.0832
477 -1.1568 -1.0272 -1.1216
478 -1.088 -1.0448 -1.1616
479 -1.0576 -1.072 -1.1152
480 -1.0784 -1.0496 -1.1792
481 -1.0752 -1.0672 -1.1632
482 -1.0752 -1.064 -1.1504
483 -1.072 -1.0464 -1.168
484 -1.0576 -1.072 -1.1328
485 -1.08 -1.0528 -1.1568
486 -1.1248 -1.032 -1.168
487 -1.1424 -1.0016 -1.2432
488 -1.1744 -1.024 -1.192
489 -1.128 -1.0272 -1.1424
490 -1.1312 -1.0336 -1.1568
491 -1.1344 -1.0816 -1.1296
492 -1.1008 -1.0592 -1.1248
493 -1.104 -1.1232 -1.12
494 -1.0736 -1.1168 -1.1056
495 -1.0816 -1.0896 -1.0784
496 -1.1136 -1.1232 -1.0816
497 -1.12 -1.0976 -1.0656
498 -1.0928 -1.0912 -1.0832
499 -1.104 -1.1504 -1.1296
500 -1.0688 -1.168 -1.1168
501 -1.1056 -1.1648 -1.0912
502 -1.1232 -1.1648 -1.0688
503 -1.1056 -1.144 -1.0496
504 -1.0992 -1.1264 -1.0176
505 -1.1136 -1.1728 -1.0992
506 -1.136 -1.0816 -1.0544
507 -1.0896 -1.0528 -1.136
508 -1.0608 -1.0704 -1.0656
509 -1.0848 -1.0288 -1.1216
510 -1.0656 -1.072 -1.096
511 -1.0896 -1.1024 -1.1104
512 -1.1216 -1.0864 -1.136
513 -1.0928 -0.9968 -1.1408
514 -1.1024 -1.0208 -1.1024
515 -1.1152 -1.0128 -1.1024
516 -1.1056 -1.0736 -1.1264
517 -1.0816 -1.0608 -1.128
518 -1.08 -1.0128 -1.1344
519 -1.016 -1.0512 -1.0896
520 -1.0112 -1.1072 -1.1472
521 -1.0208 -1.12 -1.1488
522 -1.0784 -1.0768 -1.1328
523 -1.1232 -1.04 -1.1008
524 -1.1504 -1.0608 -1.1344
525 -1.08 -1.088 -1.1136
526 -1.0624 -1.0608 -1.0736
527 -1.0016 -1.08 -1.112
528 -1.0208 -1.0784 -1.1488
529 -1.0592 -1.08 -1.136
530 -1.032 -1.0672 -1.1264
531 -0.9824 -1.0768 -1.112
532 -1.0352 -1.104 -1.1152
533 -1.0688 -1.1072 -1.112
534 -1.0816 -1.0624 -1.1056
535 -1.0464 -1.0768 -1.0976
536 -1.04 -1.0608 -1.0592
537 -1.0304 -1.1008 -1.056
538 -1.048 -1.0896 -1.0688
539 -0.9968 -1.0736 -1.0848
540 -1.0416 -1.0928 -1.0928
541 -1.0896 -1.12 -1.0352
542 -1.1376 -1.0928 -1.0352
543 -1.08 -1.1104 -1.0944
544 -1.0864 -1.0944 -1.064
545 -1.1328 -1.104 -1.1392
546 -1.1744 -1.1088 -1.1136
547 -1.1552 -1.152 -1.0688
548 -1.1536 -1.1264 -1.0784
549 -1.0864 -1.1248 -1.0336
550 -1.0672 -1.1536 -1.0752
551 -1.08 -1.128 -1.096
552 -1.0816 -1.1072 -1.0464
553 -1.0864 -1.1184 -1.0816
554 -1.144 -1.1936 -1.0848
555 -1.1872 -1.1216 -1.1056
556 -1.1424 -1.1552 -1.0768
557 -1.1136 -1.1088 -1.1056
558 -1.1728 -1.0512 -1.1312
559 -1.16 -1.0592 -1.1312
560 -1.1184 -1.08 -1.0928
561 -1.1408 -1.064 -1.1216
562 -1.1056 -1.0272 -1.096
563 -1.1472 -1.0752 -1.0592
564 -1.1408 -1.0496 -1.0624
565 -1.1712 -1.0224 -1.0672
566 -1.168 -0.9696 -1.0576
567 -1.12 -1.0096 -1.0832
568 -1.1216 -1.0448 -1.1152
569 -1.128 -1.0592 -1.1568
570 -1.0992 -1.0272 -1.1456
571 -1.1616 -1.1088 -1.0832
572 -1.1616 -1.0992 -1.1184
573 -1.176 -1.1008 -1.0608
574 -1.1152 -1.1088 -1.024
575 -1.128 -1.0704 -1.0384
576 -1.0704 -1.0656 -1.0832
577 -1.0912 -1.104 -1.0544
578 -1.136 -1.0192 -1.0608
579 -1.152 -1.0752 -1.0672
580 -1.1328 -1.0448 -1.1136
581 -1.1168 -1.0448 -1.168
582 -1.1488 -1.0896 -1.1872
583 -1.1424 -1.0656 -1.1376
584 -1.16 -1.0816 -1.1328
585 -1.1648 -1.088 -1.1728
586 -1.136 -1.0576 -1.0848
587 -1.136 -1.0672 -1.112
588 -1.1184 -1.0832 -1.128
589 -1.1344 -1.0736 -1.1568
590 -1.168 -1.0608 -1.144
591 -1.1536 -1.0704 -1.144
592 -1.1568 -1.0656 -1.1776
593 -1.1712 -1.1024 -1.1616
594 -1.104 -1.0848 -1.1648
595 -1.1616 -1.1184 -1.1488
596 -1.1616 -1.1552 -1.16
597 -1.184 -1.1952 -1.0816
598 -1.1184 -1.1216 -1.1072
599 -1.1936 -1.0608 -1.1216
600 -1.1632 -1.1008 -1.2032
601 -1.184 -1.1168 -1.1728
602 -1.1952 -1.0912 -1.16
603 -1.208 -1.0432 -1.1376
604 -1.1632 -1.0704 -1.16
605 -1.1648 -1.032 -1.1632
606 -1.2032 -1.056 -1.1824
607 -1.1824 -1.0368 -1.1728
608 -1.1984 -1.0864 -1.1536
609 -1.1952 -1.0656 -1.1136
610 -1.232 -1.0368 -1.1008
611 -1.2288 -1.0304 -1.1136
612 -1.192 -1.032 -1.0992
613 -1.2 -1.0176 -1.0992
614 -1.1424 -1.088 -1.1136
615 -1.1296 -1.1088 -1.1392
616 -1.1168 -1.136 -1.088
617 -1.1424 -1.1472 -1.1424
618 -1.1616 -1.1312 -1.1248
619 -1.1888 -1.2 -1.1232
620 -1.1344 -1.232 -1.1344
621 -1.1584 -1.2272 -1.0848
622 -1.1568 -1.2288 -1.0512
623 -1.1424 -1.2112 -0.9856
624 -1.1056 -1.2048 -1.0368
625 -1.1088 -1.1552 -1.0416
626 -1.1216 -1.0816 -1.0624
627 -1.1664 -1.056 -1.0544
628 -1.1472 -1.0448 -1.032
629 -1.1328 -1.12 -1.088
630 -1.16 -1.08 -1.1184
631 -1.176 -1.0864 -1.1136
632 -1.1504 -1.104 -1.1008
633 -1.0976 -1.1248 -1.08
634 -1.1104 -1.0704 -1.088
635 -1.1264 -1.0992 -1.168
636 -1.1008 -1.1152 -1.1184
637 -1.0672 -1.1248 -1.1248
638 -1.0912 -1.1568 -1.1088
639 -1.0816 -1.1472 -1.0768
640 -1.0784 -1.1744 -1.1904
641 -1.1424 -1.1408 -1.16
642 -1.1392 -1.192 -1.1872
643 -1.1744 -1.1408 -1.1952
644 -1.216 -1.0736 -1.1824
645 -1.1936 -1.1312 -1.1792
646 -1.1648 -1.0768 -1.1984
647 -1.128 -1.1408 -1.2
648 -1.12 -1.0992 -1.2192
649 -1.12 -1.1744 -1.1936
650 -1.1536 -1.1792 -1.16
651 -1.144 -1.1344 -1.1984
652 -1.1328 -1.1184 -1.2336
653 -1.096 -1.1248 -1.2128
654 -1.1712 -1.1024 -1.1904
655 -1.1616 -1.1616 -1.1712
656 -1.2032 -1.1472 -1.1136
657 -1.1648 -1.184 -1.1216
658 -1.0816 -1.1296 -1.088
659 -1.1488 -1.1456 -1.112
660 -1.1552 -1.136 -1.0944
661 -1.1792 -1.1904 -1.1136
662 -1.1104 -1.1888 -1.1232
663 -1.1392 -1.1376 -1.16
664 -1.08 -1.1712 -1.1728
665 -1.072 -1.1792 -1.1536
666 -1.1472 -1.1664 -1.1104
667 -1.1488 -1.1472 -1.0992
668 -1.144 -1.128 -1.088
669 -1.1232 -1.0976 -1.0864
670 -1.1232 -1.1264 -1.0784
671 -1.088 -1.1376 -1.128
672 -1.1264 -1.1344 -1.1024
673 -1.12 -1.1456 -1.04
674 -1.1216 -1.128 -1.0592
675 -1.1008 -1.112 -1.08
676 -1.1136 -1.1152 -1.088
677 -1.1328 -1.0896 -1.1168
678 -1.1696 -1.104 -1.1184
679 -1.1648 -1.0944 -1.1696
680 -1.136 -1.0864 -1.152
681 -1.1264 -1.0768 -1.12
682 -1.0992 -1.0784 -1.1568
683 -1.1184 -1.0832 -1.168
684 -1.152 -1.1328 -1.1088
685 -1.1536 -1.1328 -1.0992
686 -1.128 -1.12 -1.1136
687 -1.152 -1.0304 -1.1312
688 -1.12 -1.072 -1.0912
689 -1.1488 -1.0928 -1.1168
690 -1.136 -1.064 -1.0528
691 -1.1312 -1.1024 -1.1232
692 -1.0848 -1.0912 -1.152
693 -1.096 -1.0832 -1.1456
694 -1.1392 -1.08 -1.1872
695 -1.1408 -1.0816 -1.1616
696 -1.128 -1.1344 -1.1504
697 -1.1376 -1.1456 -1.1904
698 -1.16 -1.1232 -1.168
699 -1.1696 -1.104 -1.1488
700 -1.1712 -1.1296 -1.1584
701 -1.184 -1.1152 -1.1744
702 -1.1632 -1.1136 -1.2128
703 -1.1456 -1.064 -1.2272
704 -1.1552 -1.0816 -1.2496
705 -1.1664 -1.0752 -1.1648
706 -1.112 -1.08 -1.16
707 -1.1808 -1.0736 -1.1344
708 -1.1568 -1.0544 -1.1056
709 -1.1552 -1.0736 -1.16
710 -1.1232 -1.0848 -1.1456
711 -1.1168 -1.0704 -1.1616
712 -1.1152 -1.0992 -1.1296
713 -1.1312 -1.04 -1.0976
714 -1.0912 -1.008 -1.0672
715 -1.1104 -1.056 -1.088
716 -1.112 -1.0656 -1.0848
717 -1.0384 -1.0464 -1.136
718 -1.0592 -1.0928 -1.1136
719 -1.0736 -1.0512 -1.1472
720 -1.0752 -1.0864 -1.1712
721 -1.0592 -1.1104 -1.1472
722 -1.0096 -1.1344 -1.1552
723 -1.0144 -1.1152 -1.0912
724 -1.0144 -1.072 -1.136
725 -1.016 -1.0624 -1.0976
726 -1.0192 -1.0448 -1.0608
727 -1.0448 -0.9968 -1.1056
728 -1.0096 -0.9984 -1.168
729 -1.0368 -1.0528 -1.1696
730 -0.9856 -1.024 -1.1376
731 -0.9568 -1.032 -1.144
732 -0.984 -1.032 -1.144
733 -0.9664 -1.072 -1.1776
734 -1.0032 -1.0272 -1.1136
735 -1.0208 -1.0032 -1.1184
736 -1.0064 -0.9856 -1.1616
737 -1.0592 -1 -1.1824
738 -1.0528 -1.016 -1.168
739 -1.064 -1.0288 -1.1904
740 -1.0144 -1.0544 -1.1568
741 -1.0192 -1.024 -1.1792
742 -1.0704 -1.0144 -1.184
743 -1.0448 -1.0272 -1.1504
744 -1.0432 -1.0496 -1.16
745 -1.0448 -1.0288 -1.176
746 -1.0544 -0.9776 -1.1808
747 -1.032 -1.0144 -1.1856
748 -1.064 -1.0368 -1.2064
749 -1.0368 -1.0368 -1.2368
750 -1.0928 -0.9744 -1.216
751 -1.1632 -1.0288 -1.184
752 -1.1328 -1.0528 -1.1744
753 -1.1008 -1.0448 -1.176
754 -1.128 -1.088 -1.16
755 -1.1392 -1.0592 -1.1824
756 -1.12 -1.1744 -1.1952
757 -1.1168 -1.1264 -1.1568
758 -1.1008 -1.1344 -1.1728
759 -1.128 -1.1136 -1.1712
760 -1.1232 -1.1024 -1.1824
761 -1.1376 -1.144 -1.2464
762 -1.1504 -1.1136 -1.2368
763 -1.1328 -1.1168 -1.1952
764 -1.1312 -1.1168 -1.1696
765 -1.0816 -1.0864 -1.1664
766 -1.1024 -1.0976 -1.1504
767 -1.1136 -1.0912 -1.1744
768 -1.0768 -1.096 -1.1648
769 -1.1232 -1.0848 -1.1184
770 -1.1056 -1.0912 -1.1136
771 -1.0544 -1.0816 -1.1408
772 -1.1088 -1.072 -1.128
773 -1.0736 -1.1056 -1.0768
774 -1.1008 -1.0832 -1.1104
775 -1.0912 -1.1184 -1.0832
776 -1.0768 -1.1408 -1.0864
777 -1.0416 -1.1184 -1.0864
778 -1.0544 -1.1024 -1.0576
779 -1.0144 -1.056 -1.0832
780 -1.0368 -1.088 -1.0768
781 -1.1184 -1.096 -1.0704
782 -1.12 -1.0992 -1.0928
783 -1.0576 -1.0464 -1.0272
784 -1.0528 -1.064 -1.0336
785 -1.072 -1.0208 -1.1104
786 -1.1296 -1.0272 -1.104
787 -1.1792 -1.0272 -1.1552
788 -1.16 -1.0368 -1.1024
789 -1.2368 -1.0768 -1.0928
790 -1.184 -1.1024 -1.0544
791 -1.224 -1.128 -1.0608
792 -1.208 -1.0848 -1.1248
793 -1.2064 -1.0864 -1.1328
794 -1.1664 -1.0896 -1.1152
795 -1.1952 -1.0928 -1.112
796 -1.1792 -1.0944 -1.1024
797 -1.1504 -1.1168 -1.1376
798 -1.096 -1.0544 -1.0736
799 -1.1568 -1.0864 -1.0784
800 -1.192 -1.0736 -1.056
801 -1.2208 -1.1296 -1.072
802 -1.1408 -1.032 -1.104
803 -1.1264 -1.0432 -1.1088
804 -1.1824 -1.0448 -1.0592
805 -1.1632 -1.072 -1.1248
806 -1.1584 -1.024 -1.1184
807 -1.1584 -1.024 -1.136
808 -1.1168 -1.0672 -1.1856
809 -1.1152 -1.064 -1.144
810 -1.1072 -1.0448 -1.072
811 -1.1344 -1.0448 -1.0608
812 -1.168 -1.0352 -1.0816
813 -1.1264 -1.08 -1.0672
814 -1.0736 -1.168 -1.056
815 -1.0656 -1.1088 -1.032
816 -1.0688 -1.1088 -1.0768
817 -1.0736 -1.08 -1.1088
818 -1.1408 -1.144 -1.1504
819 -1.1248 -1.112 -1.1232
820 -1.1568 -1.1328 -1.1008
821 -1.1664 -1.072 -1.1184
822 -1.176 -1.1088 -1.1472
823 -1.1312 -1.1472 -1.16
824 -1.1216 -1.1072 -1.184
825 -1.1376 -1.1344 -1.1872
826 -1.1056 -1.1216 -1.2336
827 -1.1008 -1.1696 -1.2176
828 -1.088 -1.1824 -1.176
829 -1.1264 -1.1488 -1.1536
830 -1.1008 -1.136 -1.1616
831 -1.1232 -1.1216 -1.1488
832 -1.1232 -1.0944 -1.1408
833 -1.1584 -1.1296 -1.1104
834 -1.1296 -1.128 -1.1488
835 -1.1632 -1.0816 -1.1712
836 -1.2208 -1.1488 -1.1344
837 -1.1408 -1.104 -1.0832
838 -1.1264 -1.1088 -1.1472
839 -1.0864 -1.0768 -1.1744
840 -1.0736 -1.072 -1.1984
841 -1.0496 -1.104 -1.1872
842 -1.0896 -1.0928 -1.176
843 -1.0784 -1.0976 -1.0864
844 -1.0928 -1.1424 -1.1088
845 -1.0976 -1.1104 -1.0576
846 -1.0832 -1.0544 -1.1024
847 -1.104 -1.0736 -1.0704
848 -1.1392 -1.0928 -1.1024
849 -1.1104 -1.0624 -1.152
850 -1.112 -1.0576 -1.1264
851 -1.0928 -1.0608 -1.0912
852 -1.136 -1.096 -1.1072
853 -1.1056 -1.0912 -1.12
854 -1.1184 -1.0672 -1.1024
855 -1.0992 -1.0736 -1.1168
856 -1.0928 -1.0976 -1.1232
857 -1.1216 -1.112 -1.168
858 -1.1008 -0.9952 -1.1552
859 -1.0992 -1.0416 -1.0976
860 -1.1632 -1.0256 -1.1744
861 -1.1824 -1.0544 -1.1552
862 -1.1648 -1.0608 -1.1456
863 -1.1536 -1.0736 -1.1568
864 -1.1488 -1.0416 -1.128
865 -1.184 -1.0368 -1.1264
866 -1.152 -1.0464 -1.1632
867 -1.1472 -1.0544 -1.1136
868 -1.1136 -1.104 -1.1632
869 -1.1376 -1.1264 -1.1392
870 -1.1104 -1.0672 -1.144
871 -1.1008 -1.0672 -1.1056
872 -1.144 -1.0736 -1.1056
873 -1.1264 -1.0448 -1.1056
874 -1.1488 -1.0448 -1.1296
875 -1.1184 -1.0192 -1.1184
876 -1.0848 -1.0304 -1.0992
877 -1.0896 -1.0544 -1.0928
878 -1.064 -1.0704 -1.0624
879 -1.112 -1.0992 -1.0976
880 -1.1024 -1.0448 -1.1008
881 -1.1168 -1.0432 -1.104
