0 0.0192 0.948 -0.936
1 0.0328 0.8968 -0.8728
2 0.0496 0.8448 -0.8376
3 0.0032 0.8016 -0.8064
4 0.044 0.7792 -0.8112
5 0.06 0.74 -0.7496
6 0.0304 0.6808 -0.7328
7 0.0416 0.6448 -0.7024
8 0.0816 0.6384 -0.684
9 0.1168 0.628 -0.6992
10 0.1304 0.5872 -0.6848
11 0.1304 0.6008 -0.6576
12 0.1624 0.5888 -0.5928
13 0.116 0.5976 -0.5744
14 0.1296 0.5688 -0.584
15 0.1616 0.5664 -0.5744
16 0.1776 0.5816 -0.5328
17 0.1816 0.6032 -0.532
18 0.1896 0.5896 -0.504
19 0.2 0.5688 -0.48
20 0.1992 0.536 -0.4736
21 0.2136 0.5336 -0.456
22 0.2192 0.5168 -0.4504
23 0.2 0.5432 -0.4448
24 0.204 0.5472 -0.424
25 0.2128 0.5528 -0.396
26 0.1856 0.5352 -0.3968
27 0.2 0.5608 -0.396
28 0.1872 0.5608 -0.3872
29 0.188 0.5408 -0.3912
30 0.1936 0.5328 -0.3896
31 0.172 0.5192 -0.3816
32 0.1384 0.4952 -0.3504
33 0.1536 0.484 -0.3664
34 0.1512 0.456 -0.3512
35 0.1512 0.4544 -0.3152
36 0.164 0.4752 -0.3368
37 0.14 0.4832 -0.3328
38 0.1736 0.4992 -0.3448
39 0.1856 0.484 -0.3512
40 0.1864 0.4616 -0.3096
41 0.1784 0.4808 -0.3128
42 0.1952 0.4744 -0.3256
43 0.2136 0.4424 -0.3328
44 0.2384 0.424 -0.3192
45 0.2408 0.4456 -0.3064
46 0.2384 0.4744 -0.308
47 0.2232 0.4664 -0.2832
48 0.2112 0.484 -0.2552
49 0.212 0.4912 -0.2896
50 0.2392 0.4576 -0.2384
51 0.252 0.4376 -0.244
52 0.2608 0.408 -0.272
53 0.224 0.4248 -0.2792
54 0.1904 0.4288 -0.2984
55 0.1856 0.4216 -0.3376
56 0.192 0.4568 -0.3224
57 0.1848 0.4304 -0.3224
58 0.1552 0.4392 -0.3264
59 0.1232 0.4792 -0.3336
60 0.1296 0.4568 -0.3168
61 0.0984 0.4168 -0.304
62 0.1376 0.4104 -0.2784
63 0.1632 0.404 -0.2928
64 0.1936 0.3984 -0.2952
65 0.1848 0.3976 -0.3
66 0.1584 0.3624 -0.3248
67 0.1688 0.3048 -0.3608
68 0.1848 0.2904 -0.3208
69 0.1792 0.2392 -0.2736
70 0.2048 0.264 -0.2416
71 0.1976 0.2848 -0.2592
72 0.1928 0.3048 -0.236
73 0.1912 0.3064 -0.252
74 0.196 0.2776 -0.28
75 0.1904 0.24 -0.292
76 0.1992 0.2424 -0.2912
77 0.212 0.2536 -0.296
78 0.2216 0.26 -0.288
79 0.2408 0.2608 -0.2592
80 0.2192 0.2752 -0.2592
81 0.1856 0.2776 -0.2592
82 0.1904 0.2792 -0.2552
83 0.1384 0.2576 -0.2944
84 0.1552 0.2664 -0.2688
85 0.184 0.2416 -0.2832
86 0.204 0.2424 -0.2832
87 0.2032 0.252 -0.32
88 0.18 0.2336 -0.3232
89 0.1648 0.2336 -0.2896
90 0.1848 0.2632 -0.2984
91 0.2104 0.2448 -0.3328
92 0.18 0.2176 -0.3376
93 0.156 0.2432 -0.3304
94 0.1808 0.2536 -0.3416
95 0.164 0.2488 -0.3216
96 0.1496 0.2024 -0.288
97 0.0936 0.1848 -0.3328
98 0.0696 0.1768 -0.2992
99 0.1056 0.1872 -0.2896
100 0.0872 0.2 -0.2992
101 0.1024 0.2088 -0.3104
102 0.1144 0.2456 -0.2968
103 0.1496 0.2576 -0.3088
104 0.1512 0.2792 -0.2968
105 0.1328 0.2384 -0.248
106 0.1528 0.2224 -0.2528
107 0.1 0.1984 -0.2056
108 0.0544 0.2328 -0.2336
109 0.0576 0.26 -0.2648
110 0.1072 0.2552 -0.272
111 0.1192 0.268 -0.2664
112 0.0712 0.2968 -0.2352
113 0.06 0.2968 -0.2224
114 0.0632 0.2904 -0.2256
115 0.0856 0.2776 -0.212
116 0.1176 0.2792 -0.1968
117 0.0672 0.2944 -0.1944
118 0.0616 0.2744 -0.2168
119 0.0656 0.2896 -0.228
120 0.0792 0.2616 -0.2248
121 0.0736 0.2952 -0.2136
122 0.0704 0.3048 -0.2432
123 0.072 0.296 -0.2104
124 0.0776 0.2944 -0.148
125 0.0936 0.2792 -0.1624
126 0.1112 0.2536 -0.1976
127 0.1096 0.2592 -0.2016
128 0.1112 0.2232 -0.2048
129 0.1464 0.2168 -0.1376
130 0.1592 0.2024 -0.1576
131 0.148 0.2048 -0.1912
132 0.1008 0.236 -0.144
133 0.104 0.2872 -0.1352
134 0.096 0.292 -0.1704
135 0.1424 0.2552 -0.1648
136 0.176 0.2536 -0.148
137 0.1736 0.2576 -0.1528
138 0.2176 0.2584 -0.1336
139 0.2544 0.2552 -0.1376
140 0.24 0.2552 -0.1248
141 0.232 0.2456 -0.1208
142 0.2328 0.2256 -0.148
143 0.232 0.2096 -0.1408
144 0.2104 0.2272 -0.144
145 0.2256 0.2296 -0.1208
146 0.2504 0.264 -0.0952
147 0.2344 0.2768 -0.0728
148 0.2384 0.268 -0.0848
149 0.224 0.2688 -0.0616
150 0.2088 0.2624 -0.096
151 0.2224 0.236 -0.1032
152 0.2392 0.2304 -0.1504
153 0.2912 0.2224 -0.1096
154 0.236 0.2432 -0.0952
155 0.2376 0.2272 -0.0936
156 0.216 0.2584 -0.1168
157 0.1984 0.2408 -0.1176
158 0.2216 0.2296 -0.1584
159 0.2024 0.1928 -0.1904
160 0.2304 0.1728 -0.1896
161 0.1928 0.1936 -0.1992
162 0.244 0.1736 -0.2312
163 0.2432 0.1608 -0.2384
164 0.1728 0.1688 -0.2472
165 0.172 0.2112 -0.2664
166 0.212 0.2656 -0.2616
167 0.1792 0.248 -0.24
168 0.2256 0.2664 -0.2408
169 0.2312 0.26 -0.2912
170 0.2064 0.236 -0.2744
171 0.2136 0.2096 -0.2536
172 0.2496 0.2208 -0.2576
173 0.256 0.2008 -0.292
174 0.2704 0.1808 -0.2928
175 0.2472 0.168 -0.3016
176 0.2048 0.1376 -0.2848
177 0.2288 0.1144 -0.2712
178 0.1848 0.0944 -0.2784
179 0.1616 0.1016 -0.2224
180 0.1664 0.0936 -0.228
181 0.1512 0.0992 -0.2504
182 0.1384 0.14 -0.2464
183 0.1496 0.088 -0.2464
184 0.1696 0.0504 -0.2528
185 0.14 0.068 -0.2248
186 0.1504 0.036 -0.2408
187 0.1552 0.0472 -0.2504
188 0.1224 0.0552 -0.2288
189 0.0992 0.0568 -0.2672
190 0.124 0.0336 -0.2608
191 0.12 0.0032 -0.2152
192 0.1192 -0.0136 -0.2184
193 0.1176 0.0248 -0.2048
194 0.0904 0.0144 -0.2056
195 0.0976 0.012 -0.2128
196 0.132 0.0336 -0.22
197 0.1384 0.0248 -0.2408
198 0.1504 0.0232 -0.2456
199 0.1608 -0.0048 -0.224
200 0.1568 0.0512 -0.2136
201 0.1768 0.0112 -0.2424
202 0.1952 0.0432 -0.2408
203 0.1912 0.0248 -0.2456
204 0.1888 0.0384 -0.276
205 0.1936 0.0112 -0.2592
206 0.2304 -0.0176 -0.2792
207 0.2592 0.0128 -0.276
208 0.252 -0.008 -0.296
209 0.2672 0.0072 -0.3016
210 0.2592 0.0136 -0.332
211 0.2992 -0.0056 -0.3576
212 0.3 -0.02 -0.3256
213 0.3256 -0.008 -0.3192
214 0.324 -0.0232 -0.3248
215 0.328 -0.0216 -0.3488
216 0.3448 -0.052 -0.3552
217 0.336 -0.0584 -0.3592
218 0.3472 -0.0464 -0.3568
219 0.3656 -0.0552 -0.3512
220 0.3264 -0.0272 -0.3552
221 0.2904 -0.0408 -0.3616
222 0.2936 -0.068 -0.348
223 0.304 -0.056 -0.328
224 0.2704 -0.072 -0.3432
225 0.28 -0.0608 -0.34
226 0.292 -0.0488 -0.2784
227 0.308 -0.0512 -0.2824
228 0.2928 -0.028 -0.2752
229 0.2992 -0.0712 -0.2896
230 0.2848 -0.0712 -0.2984
231 0.24 -0.0336 -0.3016
232 0.2448 -0.0072 -0.3136
233 0.2128 0.012 -0.3216
234 0.2448 0.0064 -0.2984
235 0.2264 -0.008 -0.2776
236 0.1976 -0.0232 -0.2616
237 0.1888 -0.0352 -0.276
238 0.2184 0 -0.2672
239 0.2272 0.0216 -0.2968
240 0.2144 0.0384 -0.2752
241 0.2368 0.0464 -0.3304
242 0.2296 0.0096 -0.3288
243 0.2392 0.0264 -0.3104
244 0.1576 0.048 -0.3032
245 0.2072 -0.004 -0.3336
246 0.1664 0.016 -0.3424
247 0.1576 -0.016 -0.3536
248 0.1288 -0.0144 -0.3656
249 0.1224 -0.0168 -0.3368
250 0.144 -0.0416 -0.3416
251 0.1272 -0.0112 -0.336
252 0.1032 -0.0104 -0.3264
253 0.152 -0.008 -0.328
254 0.1576 -0.0048 -0.3272
255 0.1136 0.0008 -0.3272
256 0.1336 -0.0288 -0.324
257 0.1664 -0.0408 -0.3128
258 0.1776 -0.0576 -0.2776
259 0.1672 -0.0536 -0.2512
260 0.1488 0.012 -0.2568
261 0.1512 0.0104 -0.2232
262 0.1704 -0.0344 -0.144
263 0.1664 -0.0256 -0.0976
264 0.1536 -0.012 -0.0856
265 0.152 -0.0288 -0.0912
266 0.1616 -0.008 -0.0616
267 0.1608 0.0344 -0.0792
268 0.116 0.0352 -0.0928
269 0.1328 0.0376 -0.0808
270 0.1272 0.0208 -0.0696
271 0.104 0.0328 -0.0608
272 0.0904 0.032 -0.068
273 0.0696 0.056 -0.0544
274 0.0416 0.0456 -0.0616
275 0.0432 0.0792 -0.052
276 0.068 0.0768 -0.044
277 0.0552 0.0616 -0.0824
278 0.024 0.0296 -0.0768
279 0.048 -0.0024 -0.1152
280 0.0624 -0.0008 -0.1312
281 0.0504 0.0168 -0.12
282 0.0432 0.004 -0.1256
283 0.0104 0.0168 -0.1152
284 -0.0112 0.0672 -0.1168
285 0.0248 0.0656 -0.1632
286 0.0312 0.0672 -0.1952
287 0.0648 0.0816 -0.2112
288 0.0544 0.0688 -0.2288
289 0.0488 0.0816 -0.1992
290 0.0744 0.0792 -0.1528
291 0.0584 0.0616 -0.1576
292 0.0416 0.036 -0.1248
293 0.0576 0.0064 -0.0896
294 0.0592 -0.0064 -0.0568
295 0.0392 -0.0232 -0.0576
296 0.024 -0.0384 -0.0416
297 0.0128 -0.0304 -0.0368
298 0.036 -0.0432 -0.0424
299 0.008 -0.024 -0.0672
300 -0.0208 -0.0056 -0.0624
301 -0.0064 0.0272 -0.0584
302 0.0104 0.0272 -0.0248
303 0.0344 0.024 -0.0096
304 0.0384 0.012 -0.004
305 0.0088 -0.0032 -0.0296
306 -0.0144 -0.0184 -0.06
307 -0.0256 -0.0592 -0.088
308 -0.0568 -0.0856 -0.1152
309 -0.032 -0.0744 -0.0808
310 -0.0088 -0.0512 -0.0824
311 -0.0048 -0.064 -0.0488
312 -0.0352 -0.0272 -0.0544
313 -0.0024 -0.0432 -0.06
314 0.0184 -0.048 -0.0376
315 0.0224 -0.0208 -0.004
316 0.0176 0.0152 -0.0392
317 0.0184 -0.0192 -0.0608
318 0.0416 -0.024 -0.0832
319 0.0424 -0.0304 -0.08
320 0.0488 -0.0544 -0.0648
321 0.0704 -0.024 -0.052
322 0.0544 -0.0416 -0.0336
323 0.0592 -0.0176 -0.028
324 0.06 0.0112 -0.02
325 0.056 -0.0256 -0.0144
326 0.06 -0.0248 -0.0744
327 0.0872 -0.024 -0.0664
328 0.0936 -0.0376 -0.0816
329 0.0928 -0.0488 -0.1152
330 0.08 -0.0208 -0.1272
331 0.0768 -0.0288 -0.1104
332 0.084 -0.0248 -0.0968
333 0.0752 -0.008 -0.1336
334 0.0624 -0.0032 -0.1504
335 0.1024 -0.024 -0.1592
336 0.104 0.036 -0.1576
337 0.0648 0.0368 -0.1592
338 0.0728 0.0216 -0.176
339 0.0888 0.0312 -0.1304
340 0.1048 0.0312 -0.152
341 0.12 0.0192 -0.1856
342 0.1288 0.0296 -0.1984
343 0.1392 0.016 -0.2128
344 0.1408 0.044 -0.2256
345 0.1424 0.0048 -0.2408
346 0.1744 -0.0048 -0.2528
347 0.176 0.0136 -0.2144
348 0.1776 0.0048 -0.2008
349 0.1776 0.0168 -0.2024
350 0.1952 0.0496 -0.1944
351 0.2008 0.0648 -0.2288
352 0.1832 0.0864 -0.264
353 0.1864 0.0728 -0.2752
354 0.2056 0.0904 -0.2416
355 0.1608 0.0824 -0.2392
356 0.1744 0.0952 -0.2264
357 0.1944 0.0984 -0.1704
358 0.1896 0.1064 -0.1424
359 0.168 0.1328 -0.1376
360 0.1864 0.1432 -0.1208
361 0.1664 0.1496 -0.0984
362 0.1728 0.1832 -0.0824
363 0.2112 0.2064 -0.0576
364 0.2344 0.2184 -0.0768
365 0.2176 0.2248 -0.06
366 0.2408 0.1864 -0.0616
367 0.2496 0.1864 -0.0568
368 0.264 0.1784 -0.044
369 0.2568 0.1648 0
370 0.22 0.1416 -0.0128
371 0.2288 0.148 0.0056
372 0.232 0.1408 -0.0008
373 0.2248 0.128 0.0272
374 0.1976 0.1064 -0.0024
375 0.1776 0.116 0.0016
376 0.1712 0.112 -0.0472
377 0.164 0.0928 -0.0592
378 0.156 0.12 -0.0616
379 0.144 0.1232 -0.068
380 0.1392 0.1184 -0.0352
381 0.1112 0.1464 -0.0488
382 0.1184 0.1536 -0.0384
383 0.124 0.0952 0.0152
384 0.124 0.0896 0.0336
385 0.1384 0.0824 0.0384
386 0.1512 0.0784 0.0248
387 0.1448 0.0792 0.0168
388 0.12 0.0504 -0.0064
389 0.1496 0.0464 -0.0584
390 0.1608 0.0648 -0.0408
391 0.1808 0.076 -0.0408
392 0.1816 0.1088 -0.0464
393 0.1856 0.16 -0.0712
394 0.1704 0.1336 -0.064
395 0.1192 0.1 -0.0648
396 0.1544 0.1296 -0.0672
397 0.1528 0.112 -0.104
398 0.1592 0.108 -0.12
399 0.1616 0.0688 -0.112
400 0.1304 0.0976 -0.1184
401 0.1416 0.1056 -0.1392
402 0.1456 0.1024 -0.1416
403 0.1208 0.1232 -0.1456
404 0.1296 0.1456 -0.1768
405 0.16 0.1688 -0.216
406 0.1608 0.1896 -0.2216
407 0.188 0.1952 -0.2456
408 0.1872 0.1992 -0.2848
409 0.1912 0.2344 -0.2808
410 0.1616 0.2208 -0.3008
411 0.1232 0.204 -0.2848
412 0.14 0.156 -0.324
413 0.1456 0.1424 -0.3488
414 0.1512 0.1536 -0.3216
415 0.1808 0.1736 -0.3112
416 0.1688 0.1384 -0.2768
417 0.1928 0.1728 -0.2688
418 0.2344 0.164 -0.2672
419 0.236 0.1456 -0.2592
420 0.208 0.1224 -0.2696
421 0.2128 0.1192 -0.284
422 0.1872 0.1224 -0.2416
423 0.1896 0.1192 -0.2472
424 0.1744 0.1256 -0.2576
425 0.1464 0.1432 -0.2584
426 0.1784 0.116 -0.2504
427 0.2032 0.1504 -0.2256
428 0.176 0.1488 -0.2816
429 0.176 0.1304 -0.2512
430 0.1752 0.1544 -0.256
431 0.1352 0.1256 -0.2744
432 0.0832 0.0928 -0.2824
433 0.0664 0.1192 -0.3072
434 0.0552 0.1288 -0.3104
435 0.0568 0.1328 -0.3072
436 0.0496 0.1856 -0.2792
437 0.06 0.1744 -0.2728
438 0.0424 0.172 -0.2824
439 0.0232 0.1432 -0.2784
440 0.0416 0.1632 -0.2784
441 0.0392 0.1776 -0.2824
442 0.0512 0.18 -0.2776
443 0.0144 0.1448 -0.2944
444 0.0152 0.1488 -0.2912
445 0.0112 0.136 -0.264
446 -0.0128 0.1424 -0.2424
447 -0.0096 0.1248 -0.2792
448 -0.0264 0.0848 -0.2744
449 -0.032 0.0848 -0.2712
450 -0.0376 0.0856 -0.2696
451 -0.0352 0.0688 -0.2936
452 -0.0512 0.0704 -0.3048
453 -0.048 0.104 -0.2848
454 -0.0368 0.12 -0.2968
455 -0.0288 0.0872 -0.3272
456 -0.0448 0.092 -0.3048
457 -0.0304 0.0648 -0.304
458 -0.0272 0.0584 -0.312
459 -0.0336 0.0592 -0.2936
460 -0.02 0.0576 -0.2744
461 -0.0584 0.0536 -0.256
462 -0.0768 0.0424 -0.236
463 -0.0512 0.056 -0.2072
464 -0.0752 0.0528 -0.1656
465 -0.0704 0.016 -0.156
466 -0.104 0.0416 -0.1776
467 -0.1088 0.0464 -0.1568
468 -0.1448 0.068 -0.1352
469 -0.1408 0.0576 -0.1472
470 -0.1864 0.0392 -0.0976
471 -0.1888 -0.004 -0.1184
472 -0.2336 -0.0048 -0.1528
473 -0.2192 -0.0464 -0.1536
474 -0.2016 -0.0176 -0.152
475 -0.2136 0.0104 -0.1304
476 -0.2016 -0.0064 -0.1328
477 -0.1624 0.0296 -0.1656
478 -0.14 -0.0088 -0.1696
479 -0.1056 0.0184 -0.1672
480 -0.1312 0.0224 -0.172
481 -0.1144 0.0216 -0.1608
482 -0.1432 0.012 -0.1776
483 -0.1352 0.0176 -0.172
484 -0.1336 0.0456 -0.152
485 -0.1424 0.0008 -0.1688
486 -0.1648 -0.0136 -0.1368
487 -0.1784 0.02 -0.16
488 -0.1824 -0.0056 -0.1264
489 -0.1792 -0.0152 -0.1352
490 -0.1656 -0.0328 -0.1552
491 -0.1592 -0.0432 -0.136
492 -0.1616 -0.0536 -0.1064
493 -0.156 -0.0728 -0.1096
494 -0.1432 -0.0696 -0.1072
495 -0.1144 -0.0888 -0.108
496 -0.1432 -0.0968 -0.1024
497 -0.1392 -0.0928 -0.088
498 -0.1584 -0.048 -0.0944
499 -0.16 -0.0392 -0.0952
500 -0.1192 -0.0392 -0.14
501 -0.1008 -0.0064 -0.1984
502 -0.0888 0.0112 -0.2016
503 -0.0968 -0.0048 -0.196
504 -0.1216 0.0384 -0.1696
505 -0.0864 0.0728 -0.2384
506 -0.0912 0.0936 -0.2128
507 -0.112 0.108 -0.22
508 -0.0856 0.0968 -0.1768
509 -0.1136 0.0912 -0.1768
510 -0.128 0.092 -0.1624
511 -0.1312 0.0968 -0.1976
512 -0.108 0.0576 -0.2328
513 -0.148 0.0408 -0.2936
514 -0.16 0.0632 -0.2936
515 -0.164 0.0112 -0.3272
516 -0.1224 0.0456 -0.3312
517 -0.1104 0.0192 -0.3344
518 -0.1176 -0.008 -0.296
519 -0.1152 -0.024 -0.2776
520 -0.1016 -0.0192 -0.2736
521 -0.0928 -0.0168 -0.2696
522 -0.0768 -0.0192 -0.2688
523 -0.1024 -0.0128 -0.2336
524 -0.108 -0.0384 -0.216
525 -0.1104 -0.0536 -0.2232
526 -0.0784 -0.0568 -0.2312
527 -0.0936 -0.048 -0.224
528 -0.0912 -0.0584 -0.2056
529 -0.1248 -0.0944 -0.2224
530 -0.1384 -0.1232 -0.2376
531 -0.168 -0.1256 -0.2688
532 -0.1336 -0.1224 -0.268
533 -0.1232 -0.0872 -0.2352
534 -0.1624 -0.0976 -0.264
535 -0.1456 -0.1112 -0.2496
536 -0.0728 -0.1264 -0.2336
537 -0.0232 -0.0872 -0.1928
538 -0.0056 -0.0656 -0.1536
539 0.0344 -0.068 -0.1488
540 0.044 -0.0816 -0.1736
541 0.044 -0.0768 -0.1544
542 0.076 -0.0688 -0.1632
543 0.132 -0.0848 -0.1712
544 0.1152 -0.0624 -0.16
545 0.1296 -0.0648 -0.1728
546 0.1544 -0.0752 -0.1536
547 0.144 -0.0728 -0.136
548 0.1448 -0.1112 -0.1008
549 0.1144 -0.0656 -0.0664
550 0.132 -0.0872 -0.0776
551 0.1312 -0.0744 -0.084
552 0.0888 -0.0792 -0.0592
553 0.1 -0.088 -0.0456
554 0.1 -0.1152 -0.0472
555 0.0808 -0.1296 -0.0512
556 0.1104 -0.1336 -0.0192
557 0.1136 -0.1112 -0.0248
558 0.1224 -0.0656 -0.0064
559 0.1128 -0.068 0.016
560 0.1024 -0.0704 -0.0104
561 0.088 -0.0656 0.004
562 0.0616 -0.0528 -0.0352
563 0.0992 -0.072 -0.0304
564 0.0712 -0.0696 -0.0264
565 0.0632 -0.0992 0.012
566 0.0392 -0.1008 -0.0064
567 0.0536 -0.0968 -0.024
568 0.0416 -0.0736 -0.0464
569 0.0712 -0.0528 -0.0664
570 0.116 -0.0024 -0.0632
571 0.0968 0.0192 -0.0904
572 0.1072 0.0392 -0.0928
573 0.1072 0.048 -0.048
574 0.1568 0.0704 -0.0376
575 0.168 0.056 -0.044
576 0.1904 0.0624 -0.0544
577 0.2096 0.0696 -0.0424
578 0.2272 0.024 -0.0008
579 0.2368 0.0408 0.0192
580 0.2544 0.0912 -0.016
581 0.256 0.0776 -0.0576
582 0.2752 0.0976 -0.0544
583 0.2848 0.0784 -0.0608
584 0.2568 0.1152 -0.0584
585 0.2912 0.1152 -0.048
586 0.2808 0.116 -0.0744
587 0.2736 0.12 -0.0968
588 0.2672 0.1408 -0.1008
589 0.2832 0.1344 -0.112
590 0.3344 0.1104 -0.1152
591 0.3096 0.0728 -0.0864
592 0.3272 0.0848 -0.096
593 0.3312 0.0848 -0.0776
594 0.3432 0.076 -0.0712
595 0.3312 0.0728 -0.0904
596 0.3328 0.0808 -0.0864
597 0.2872 0.0728 -0.0464
598 0.2608 0.0704 -0.0344
599 0.248 0.0712 -0.0624
600 0.2464 0.0152 -0.1192
601 0.2592 0.0176 -0.1272
602 0.3288 0.0464 -0.1016
603 0.332 0.04 -0.1112
604 0.368 0.0624 -0.0832
605 0.3504 0.0872 -0.0648
606 0.3752 0.1136 -0.0696
607 0.3688 0.1048 -0.0744
608 0.3592 0.0808 -0.076
609 0.3648 0.0632 -0.0576
610 0.3584 0.0664 -0.0736
611 0.3344 0.1112 -0.0896
612 0.3392 0.1168 -0.0768
613 0.3576 0.0952 -0.0632
614 0.3024 0.1416 -0.1224
615 0.3296 0.1608 -0.1168
616 0.3032 0.1376 -0.1192
617 0.2976 0.1272 -0.1024
618 0.3376 0.1304 -0.124
619 0.3024 0.1344 -0.1176
620 0.2832 0.1328 -0.1512
621 0.2848 0.1376 -0.1128
622 0.28 0.1824 -0.0736
623 0.3032 0.2072 -0.0752
624 0.2568 0.24 -0.0616
625 0.2192 0.2624 -0.0312
626 0.2288 0.2568 -0.0168
627 0.2176 0.2328 0.0048
628 0.2048 0.2256 -0.016
629 0.2008 0.2184 -0.044
630 0.2384 0.2152 -0.0696
631 0.228 0.212 -0.0968
632 0.248 0.2088 -0.1128
633 0.228 0.2112 -0.1168
634 0.2088 0.2248 -0.0968
635 0.1928 0.2368 -0.1128
636 0.2288 0.2744 -0.1016
637 0.2256 0.2896 -0.108
638 0.2088 0.2648 -0.1248
639 0.204 0.272 -0.0888
640 0.2184 0.2264 -0.0784
641 0.2336 0.2576 -0.096
642 0.2464 0.2864 -0.0712
643 0.22 0.2552 -0.0888
644 0.2384 0.2 -0.0528
645 0.2512 0.18 -0.1032
646 0.26 0.212 -0.1144
647 0.244 0.2 -0.1064
648 0.2064 0.1808 -0.0832
649 0.204 0.168 -0.0704
650 0.2192 0.1864 -0.0552
651 0.236 0.1992 -0.0544
652 0.2336 0.1608 -0.0616
653 0.2584 0.132 -0.0208
654 0.2792 0.1272 -0.044
655 0.3152 0.1248 -0.04
656 0.3184 0.0912 -0.0448
657 0.3048 0.1024 -0.0536
658 0.2784 0.1056 -0.0456
659 0.2992 0.1072 -0.0488
660 0.2848 0.1168 -0.076
661 0.2672 0.1296 -0.0672
662 0.2544 0.1192 -0.0664
663 0.2744 0.136 -0.044
664 0.2888 0.1488 -0.0392
665 0.2712 0.1632 -0.0136
666 0.2824 0.1496 0.0104
667 0.272 0.1504 -0.0152
668 0.2616 0.176 0.0048
669 0.284 0.2096 -0.0032
670 0.2504 0.22 0.0304
671 0.1984 0.1928 0.052
672 0.2496 0.1648 0.0328
673 0.2832 0.1504 0.0448
674 0.2592 0.1784 0.0368
675 0.284 0.1424 0.0568
676 0.284 0.1528 0.0608
677 0.2824 0.1696 0.044
678 0.2712 0.1448 0.036
679 0.26 0.144 0.0464
680 0.2792 0.144 0.0784
681 0.2928 0.116 0.1
682 0.3104 0.1352 0.0952
683 0.2992 0.1504 0.0896
684 0.3152 0.1776 0.1112
685 0.3456 0.1744 0.1448
686 0.3456 0.1744 0.1424
687 0.3536 0.1992 0.1648
688 0.3352 0.176 0.1792
689 0.3312 0.188 0.1424
690 0.3472 0.1792 0.1496
691 0.3176 0.1856 0.16
692 0.2896 0.1832 0.156
693 0.2824 0.2056 0.1896
694 0.2872 0.184 0.2328
695 0.272 0.1776 0.2728
696 0.2632 0.1744 0.272
697 0.2328 0.2016 0.2696
698 0.2312 0.2456 0.292
699 0.2104 0.2568 0.2768
700 0.1936 0.2544 0.2624
701 0.18 0.2776 0.2736
702 0.1208 0.2712 0.2856
703 0.1032 0.2424 0.3088
704 0.116 0.2728 0.3048
705 0.0888 0.2728 0.2872
706 0.0968 0.232 0.2432
707 0.0992 0.2376 0.2616
708 0.1064 0.2552 0.232
709 0.0776 0.2432 0.2488
710 0.0864 0.2104 0.2512
711 0.0672 0.2432 0.2616
712 0.0592 0.2592 0.2008
713 0.0344 0.2856 0.2056
714 0 0.2672 0.2296
715 0.0064 0.2584 0.2136
716 -0.0168 0.2456 0.208
717 -0.004 0.24 0.1856
718 -0.0344 0.2416 0.1936
719 -0.0208 0.204 0.1912
720 0.0104 0.1896 0.1984
721 0.016 0.148 0.2024
722 0.044 0.1312 0.1776
723 0.0416 0.128 0.108
724 0.0728 0.0888 0.1112
725 0.0504 0.0888 0.1456
726 0.0824 0.0976 0.1496
727 0.0504 0.052 0.1368
728 0.0288 0.068 0.1144
729 0.0464 0.0632 0.108
730 0.036 0.0848 0.1472
731 0.0304 0.116 0.1872
732 0.0136 0.0832 0.2048
733 -0.0032 0.0848 0.2168
734 0.0136 0.0408 0.2032
735 0.0648 0.0408 0.1448
736 0.0432 0.0344 0.1232
737 0.0392 0.0208 0.1336
738 0.048 0.0296 0.108
739 0.044 0.0304 0.1208
740 0.0544 0.0352 0.1504
741 0.0968 0.0408 0.1424
742 0.0976 0.028 0.1232
743 0.0984 0.0368 0.1248
744 0.1176 0.0288 0.0896
745 0.1304 0.032 0.1136
746 0.1392 0.0672 0.1384
747 0.1448 0.0472 0.1776
748 0.1592 0.0712 0.1616
749 0.1784 0.0688 0.1544
750 0.1808 0.0848 0.1552
751 0.2024 -0.0024 0.1312
752 0.2128 0.0048 0.0992
753 0.164 -0.0368 0.0688
754 0.1656 -0.0128 0.06
755 0.14 -0.0088 0.0872
756 0.1616 -0.0152 0.1072
757 0.18 -0.008 0.092
758 0.152 0.0544 0.1016
759 0.144 0.064 0.0928
760 0.1256 0.0848 0.0664
761 0.1168 0.1032 0.0672
762 0.1272 0.0424 0.0424
763 0.1472 0.0528 0.0752
764 0.1232 0.092 0.0672
765 0.1312 0.1032 0.0464
766 0.1136 0.1144 0.0568
767 0.1192 0.1264 0.0584
768 0.1176 0.1384 0.0672
769 0.1576 0.124 0.0696
770 0.164 0.1248 0.0536
771 0.1712 0.124 0.032
772 0.1656 0.1624 0.044
773 0.1384 0.1496 0.0448
774 0.1952 0.1616 0.024
775 0.1616 0.1432 0.0352
776 0.1624 0.144 0.0288
777 0.1864 0.108 0.064
778 0.1912 0.0904 0.0192
779 0.1992 0.08 0.0296
780 0.2048 0.0704 -0.0096
781 0.2112 0.1192 -0.0712
782 0.2568 0.1504 -0.0864
783 0.2736 0.172 -0.088
784 0.2728 0.1584 -0.0704
785 0.2712 0.156 -0.0736
786 0.3056 0.1576 -0.0552
787 0.3008 0.1584 -0.0592
788 0.272 0.1632 -0.0592
789 0.3176 0.1864 -0.0656
790 0.3144 0.1808 -0.0592
791 0.3072 0.1528 -0.0936
792 0.3128 0.1344 -0.08
793 0.3432 0.16 -0.0648
794 0.3152 0.172 -0.06
795 0.328 0.1696 -0.08
796 0.3744 0.1376 -0.1368
797 0.3696 0.1208 -0.1704
798 0.3768 0.1208 -0.1912
799 0.364 0.1448 -0.1632
800 0.3344 0.1248 -0.1504
801 0.3304 0.1608 -0.1376
802 0.3 0.148 -0.1432
803 0.2864 0.156 -0.0976
804 0.2992 0.152 -0.0936
805 0.2752 0.1304 -0.0728
806 0.3176 0.1208 -0.0832
807 0.3072 0.0952 -0.0584
808 0.2984 0.0624 -0.044
809 0.3184 0.0392 -0.0592
810 0.3096 0.012 -0.0952
811 0.3384 0.0272 -0.052
812 0.3312 0.0544 -0.0616
813 0.3208 0.0736 -0.0808
814 0.3328 0.0568 -0.1024
815 0.3136 0.0456 -0.112
816 0.3328 0.0568 -0.1016
817 0.3136 0.032 -0.0912
818 0.3176 0.0208 -0.0976
819 0.3208 0.0464 -0.1192
820 0.3112 0.1024 -0.1536
821 0.2984 0.0592 -0.1744
822 0.3272 0.0504 -0.176
823 0.3304 0.0336 -0.1736
824 0.2944 0.0608 -0.1576
825 0.304 0.0768 -0.1792
826 0.2656 0.0816 -0.1864
827 0.2528 0.036 -0.1736
828 0.26 0.0336 -0.148
829 0.2576 0.008 -0.1672
830 0.2664 -0.0016 -0.1544
831 0.2688 -0.012 -0.1664
832 0.3216 -0.0376 -0.176
833 0.3296 -0.0248 -0.1696
834 0.2856 0 -0.1592
835 0.2872 -0.0008 -0.132
836 0.2808 -0.02 -0.1184
837 0.284 -0.0064 -0.1008
838 0.2688 -0.0032 -0.144
839 0.224 0.032 -0.0976
840 0.2288 0.052 -0.092
841 0.2 0.0128 -0.128
842 0.2304 -0.0144 -0.1096
843 0.2128 -0.0448 -0.1112
844 0.2736 -0.0512 -0.092
845 0.3008 -0.06 -0.1192
846 0.288 -0.0768 -0.0992
847 0.2912 -0.0912 -0.0712
848 0.2544 -0.0928 -0.108
849 0.3 -0.0904 -0.1048
850 0.2808 -0.0672 -0.0976
851 0.2784 -0.0272 -0.076
852 0.3112 -0.0304 -0.0904
853 0.296 -0.06 -0.1088
854 0.3112 -0.0456 -0.096
855 0.2888 -0.0608 -0.0904
856 0.264 -0.0528 -0.08
857 0.2552 -0.0592 -0.0504
858 0.26 -0.0496 -0.0392
859 0.2656 -0.0608 -0.0608
860 0.2584 -0.1144 -0.0448
861 0.2712 -0.144 -0.0392
862 0.252 -0.1656 -0.0288
863 0.244 -0.1504 -0.0224
864 0.268 -0.1744 -0.0592
865 0.2688 -0.1896 -0.0408
866 0.2896 -0.1936 -0.0232
867 0.2864 -0.1688 -0.0536
868 0.2672 -0.1984 -0.068
869 0.252 -0.1984 -0.0616
870 0.2032 -0.1664 -0.0528
871 0.2152 -0.1952 -0.0568
872 0.2104 -0.1648 -0.056
873 0.1728 -0.1416 -0.0824
874 0.1448 -0.1184 -0.0752
875 0.16 -0.1248 -0.0512
876 0.1344 -0.1336 -0.0552
877 0.156 -0.1504 -0.0432
878 0.1528 -0.1576 -0.0384
879 0.1416 -0.1184 -0.0184
880 0.1944 -0.1072 -0.0056
881 0.1728 -0.112 0.0296
