

*******************************************************************************
Thu Mar  5 15:59:28 2009


FIT:    data read from 'prova'
	x range restricted to [0.00000 : 20.0000]
        #datapoints = 3
        residuals are weighted equally (unit weight)

function used for fitting: f(x)
fitted parameters initialized with current variable values



 Iteration 0
 WSSR        : 2.47475e+06       delta(WSSR)/WSSR   : 0
 delta(WSSR) : 0                 limit for stopping : 1e-05
 lambda	  : 7.70281

initial set of free parameter values

a               = 1
b               = 1

After 5 iterations the fit converged.
final sum of squares of residuals : 17.633
rel. change during last iteration : -4.50277e-09

degrees of freedom    (FIT_NDF)                        : 1
rms of residuals      (FIT_STDFIT) = sqrt(WSSR/ndf)    : 4.19917
variance of residuals (reduced chisquare) = WSSR/ndf   : 17.633

Final set of parameters            Asymptotic Standard Error
=======================            ==========================

a               = 11.8807          +/- 0.4926       (4.146%)
b               = 802.486          +/- 5.343        (0.6659%)


correlation matrix of the fit parameters:

               a      b      
a               1.000 
b              -0.891  1.000 
