

*******************************************************************************
Tue Apr 29 15:50:36 2008


FIT:    data read from "discesa"
        #datapoints = 18
        residuals are weighted equally (unit weight)

function used for fitting: f(x)
fitted parameters initialized with current variable values



 Iteration 0
 WSSR        : 2.14891e+06       delta(WSSR)/WSSR   : 0
 delta(WSSR) : 0                 limit for stopping : 1e-05
 lambda	  : 260.049

initial set of free parameter values

a               = 1
b               = 1

After 6 iterations the fit converged.
final sum of squares of residuals : 0.00360676
rel. change during last iteration : -7.8717e-06

degrees of freedom    (FIT_NDF)                        : 16
rms of residuals      (FIT_STDFIT) = sqrt(WSSR/ndf)    : 0.0150141
variance of residuals (reduced chisquare) = WSSR/ndf   : 0.000225423

Final set of parameters            Asymptotic Standard Error
=======================            ==========================

a               = -0.000598182     +/- 2.455e-05    (4.104%)
b               = 25.5641          +/- 0.009028     (0.03532%)


correlation matrix of the fit parameters:

               a      b      
a               1.000 
b              -0.920  1.000 


*******************************************************************************
Tue Apr 29 16:26:05 2008


FIT:    data read from "discesa"
        #datapoints = 18
        residuals are weighted equally (unit weight)

function used for fitting: f(x)
fitted parameters initialized with current variable values



 Iteration 0
 WSSR        : 2.14891e+06       delta(WSSR)/WSSR   : 0
 delta(WSSR) : 0                 limit for stopping : 1e-05
 lambda	  : 260.049

initial set of free parameter values

a               = 1
b               = 1

After 6 iterations the fit converged.
final sum of squares of residuals : 0.00360676
rel. change during last iteration : -7.8717e-06

degrees of freedom    (FIT_NDF)                        : 16
rms of residuals      (FIT_STDFIT) = sqrt(WSSR/ndf)    : 0.0150141
variance of residuals (reduced chisquare) = WSSR/ndf   : 0.000225423

Final set of parameters            Asymptotic Standard Error
=======================            ==========================

a               = -0.000598182     +/- 2.455e-05    (4.104%)
b               = 25.5641          +/- 0.009028     (0.03532%)


correlation matrix of the fit parameters:

               a      b      
a               1.000 
b              -0.920  1.000 
