This is pdfTeXk, Version 3.141592-1.40.3 (Web2C 7.5.6) (format=latex 2009.4.24)  20 MAY 2009 19:04
entering extended mode
 %&-line parsing enabled.
**relaz.diodo.tex.tex
(/usr/share/texmf-texlive/tex/latex/tools/x.tex
LaTeX2e <2005/12/01>
Babel <v3.8h> and hyphenation patterns for english, usenglishmax, dumylang, noh
yphenation, basque, french, german, ngerman, ibycus, greek, monogreek, ancientg
reek, italian, latin, swedish, ukenglish, loaded.

! .
l.33   \batchmode \errmessage{}
                               \csname @@end\endcsname \end
This error message was generated by an \errmessage
command, so I can't give any explicit help.
Pretend that you're Hercule Poirot: Examine all clues,
and deduce the truth by order and method.

 ) 
Here is how much of TeX's memory you used:
 7 strings out of 94950
 251 string characters out of 1179996
 45344 words of memory out of 1500000
 3300 multiletter control sequences out of 10000+50000
 3640 words of font info for 14 fonts, out of 1200000 for 2000
 81 hyphenation exceptions out of 8191
 5i,0n,1p,104b,8s stack positions out of 5000i,500n,6000p,200000b,5000s

No pages of output.
