495.2 22.3529411765 0 1.34117647059
399.9 21.9230769231 0 1.31538461538
608.8 22.1568627451 0 1.32941176471
548.6 21.7475728155 0 1.30485436893
336.4 22.3300970874 0 1.33980582524
21.73 13.9622641509 0 0.837735849057
23.64 14.5283018868 0 0.871698113208
25.36 15.2830188679 0 0.916981132075
26.71 15.1886792453 0 0.911320754717
27.38 15.7009345794 0 0.942056074766
28.81 16.0 0 0.96
26.23 15.1886792453 0 0.911320754717
27.56 15.7692307692 0 0.946153846154
24.57 14.7619047619 0 0.885714285714
23.55 14.5714285714 0 0.874285714286
2416.0 17.1428571429 0 1.02857142857
2600.0 16.5656565657 0 0.993939393939
2750.0 16.4 0 0.984
2870.0 15.7575757576 0 0.945454545455
3060.0 15.4081632653 0 0.924489795918
3190.0 15.1020408163 0 0.90612244898
2940.0 15.7142857143 0 0.942857142857
2850.0 15.8585858586 0 0.951515151515
2886.0 15.9595959596 0 0.957575757576
2739.0 16.2244897959 0 0.973469387755
