0 1 0.005 0 0
0.1 0.99 0.01005 0 0
0.2 0.97 0.0151505 0 0
0.3 0.9401 0.020302 0 0
0.4 0.9005 0.025505 0 0
0.5 0.851499 0.0307601 0 0
0.6 0.793493 0.0360677 0 0
0.7 0.726972 0.0414284 0 0
0.8 0.652516 0.0468426 0 0
0.9 0.57079 0.0523111 0 0
1 0.48254 0.0578342 0 0
1.1 0.388581 0.0634125 0 0
1.2 0.289797 0.0690466 0 0
1.3 0.187127 0.0747371 0 0
1.4 0.0815591 0.0804845 0 0
1.5 -0.0258801 0.0862893 0 0
1.6 -0.134135 0.0921522 0 0
1.7 -0.242131 0.0980737 0 0
1.8 -0.348785 0.104054 0 0
1.9 -0.453019 0.110095 0 0
2 -0.553764 0.116196 0 0
2.1 -0.649979 0.122358 0 0
2.2 -0.740657 0.128582 0 0
2.3 -0.824835 0.134867 0 0
2.4 -0.901606 0.141216 0 0
2.5 -0.970129 0.147628 0 0
2.6 -1.02964 0.154104 0 0
2.7 -1.07944 0.160645 0 0
2.8 -1.11895 0.167252 0 0
2.9 -1.14767 0.173924 0 0
3 -1.16519 0.180664 0 0
3.1 -1.17124 0.18747 0 0
3.2 -1.16564 0.194345 0 0
3.3 -1.14832 0.201288 0 0
3.4 -1.11935 0.208301 0 0
3.5 -1.07889 0.215384 0 0
3.6 -1.02724 0.222538 0 0
3.7 -0.964806 0.229764 0 0
3.8 -0.892096 0.237061 0 0
3.9 -0.809738 0.244432 0 0
4 -0.718459 0.251876 0 0
4.1 -0.619083 0.259395 0 0
4.2 -0.512522 0.266989 0 0
4.3 -0.39977 0.274659 0 0
4.4 -0.281892 0.282405 0 0
4.5 -0.160018 0.290229 0 0
4.6 -0.0353239 0.298132 0 0
4.7 0.09097 0.306113 0 0
4.8 0.217617 0.314174 0 0
4.9 0.343355 0.322316 0 0
5 0.466916 0.330539 0 0
5.1 0.587044 0.338844 0 0
5.2 0.702502 0.347233 0 0
5.3 0.81209 0.355705 0 0
5.4 0.914654 0.364262 0 0
5.5 1.0091 0.372905 0 0
5.6 1.09439 0.381634 0 0
5.7 1.1696 0.39045 0 0
5.8 1.23386 0.399355 0 0
5.9 1.28642 0.408348 0 0
6 1.32665 0.417432 0 0
6.1 1.35401 0.426606 0 0
6.2 1.36811 0.435872 0 0
6.3 1.36866 0.445231 0 0
6.4 1.35554 0.454683 0 0
6.5 1.32872 0.46423 0 0
6.6 1.28836 0.473872 0 0
6.7 1.2347 0.483611 0 0
6.8 1.16816 0.493447 0 0
6.9 1.08928 0.503382 0 0
7 0.998711 0.513416 0 0
7.1 0.897251 0.52355 0 0
7.2 0.785804 0.533785 0 0
7.3 0.665385 0.544123 0 0
7.4 0.537107 0.554564 0 0
7.5 0.402176 0.56511 0 0
7.6 0.261874 0.575761 0 0
7.7 0.117549 0.586519 0 0
7.8 -0.0293934 0.597384 0 0
7.9 -0.177512 0.608358 0 0
8 -0.325336 0.619441 0 0
8.1 -0.471385 0.630636 0 0
8.2 -0.614181 0.641942 0 0
8.3 -0.752263 0.653361 0 0
8.4 -0.884204 0.664895 0 0
8.5 -1.00862 0.676544 0 0
8.6 -1.1242 0.688309 0 0
8.7 -1.22969 0.700192 0 0
8.8 -1.32393 0.712194 0 0
8.9 -1.40588 0.724316 0 0
9 -1.4746 0.73656 0 0
9.1 -1.52925 0.748925 0 0
9.2 -1.56915 0.761414 0 0
9.3 -1.59377 0.774028 0 0
9.4 -1.60269 0.786769 0 0
9.5 -1.59567 0.799636 0 0
9.6 -1.57263 0.812633 0 0
9.7 -1.53363 0.825759 0 0
9.8 -1.47891 0.839017 0 0
9.9 -1.40885 0.852407 0 0
10 -1.324 0.865931 0 0
10.1 -1.22506 0.87959 0 0
10.2 -1.11288 0.893386 0 0
10.3 -0.988448 0.90732 0 0
10.4 -0.85289 0.921393 0 0
10.5 -0.707447 0.935607 0 0
10.6 -0.553475 0.949963 0 0
10.7 -0.392429 0.964463 0 0
10.8 -0.225848 0.979108 0 0
10.9 -0.0553422 0.993899 0 0
11 0.117422 1.00884 0 0
11.1 0.290739 1.02393 0 0
11.2 0.462882 1.03917 0 0
11.3 0.632118 1.05456 0 0
11.4 0.796724 1.0701 0 0
11.5 0.95501 1.0858 0 0
11.6 1.10533 1.10166 0 0
11.7 1.2461 1.11768 0 0
11.8 1.37581 1.13385 0 0
11.9 1.49307 1.15019 0 0
12 1.59656 1.1667 0 0
12.1 1.68513 1.18336 0 0
12.2 1.75773 1.2002 0 0
12.3 1.81348 1.2172 0 0
12.4 1.85165 1.23437 0 0
12.5 1.87168 1.25171 0 0
12.6 1.8732 1.26923 0 0
12.7 1.85601 1.28692 0 0
12.8 1.82008 1.30479 0 0
12.9 1.76559 1.32284 0 0
13 1.6929 1.34107 0 0
13.1 1.60255 1.35948 0 0
13.2 1.49528 1.37807 0 0
13.3 1.37198 1.39685 0 0
13.4 1.23372 1.41582 0 0
13.5 1.08175 1.43498 0 0
13.6 0.917442 1.45433 0 0
13.7 0.742315 1.47387 0 0
13.8 0.558013 1.49361 0 0
13.9 0.366288 1.51355 0 0
14 0.168982 1.53369 0 0
14.1 -0.0319855 1.55402 0 0
14.2 -0.234643 1.57456 0 0
14.3 -0.436981 1.59531 0 0
14.4 -0.636973 1.61626 0 0
14.5 -0.832595 1.63742 0 0
14.6 -1.02185 1.6588 0 0
14.7 -1.20277 1.68039 0 0
14.8 -1.37348 1.70219 0 0
14.9 -1.53216 1.72421 0 0
15 -1.67711 1.74645 0 0
15.1 -1.80673 1.76892 0 0
15.2 -1.91958 1.79161 0 0
15.3 -2.01437 1.81452 0 0
15.4 -2.08996 1.83767 0 0
15.5 -2.1454 1.86105 0 0
15.6 -2.17995 1.88466 0 0
15.7 -2.19304 1.9085 0 0
15.8 -2.18433 1.93259 0 0
15.9 -2.15369 1.95691 0 0
16 -2.10121 1.98148 0 0
16.1 -2.0272 2.0063 0 0
16.2 -1.93217 2.03136 0 0
16.3 -1.81686 2.05667 0 0
16.4 -1.68224 2.08224 0 0
16.5 -1.52945 2.10806 0 0
16.6 -1.35983 2.13414 0 0
16.7 -1.17492 2.16048 0 0
16.8 -0.976415 2.18709 0 0
16.9 -0.766158 2.21396 0 0
17 -0.546137 2.2411 0 0
17.1 -0.318455 2.26851 0 0
17.2 -0.0853108 2.2962 0 0
17.3 0.151018 2.32416 0 0
17.4 0.388199 2.3524 0 0
17.5 0.623871 2.38092 0 0
17.6 0.85566 2.40973 0 0
17.7 1.08121 2.43883 0 0
17.8 1.2982 2.46822 0 0
17.9 1.50439 2.4979 0 0
18 1.69759 2.52788 0 0
18.1 1.87574 2.55816 0 0
18.2 2.03692 2.58874 0 0
18.3 2.17935 2.61963 0 0
18.4 2.3014 2.65082 0 0
18.5 2.40166 2.68233 0 0
18.6 2.47891 2.71416 0 0
18.7 2.53214 2.7463 0 0
18.8 2.56058 2.77876 0 0
18.9 2.56369 2.81155 0 0
19 2.54121 2.84466 0 0
19.1 2.49308 2.87811 0 0
19.2 2.41955 2.91189 0 0
19.3 2.32108 2.94601 0 0
19.4 2.19842 2.98047 0 0
19.5 2.05255 3.01527 0 0
19.6 1.88469 3.05043 0 0
19.7 1.69631 3.08593 0 0
19.8 1.48908 3.12179 0 0
19.9 1.26489 3.15801 0 0
20 1.0258 3.19459 0 0
20.1 0.77407 3.23153 0 0
20.2 0.51208 3.26885 0 0
20.3 0.242349 3.30654 0 0
20.4 -0.0325023 3.3446 0 0
20.5 -0.309777 3.38305 0 0
20.6 -0.586728 3.42188 0 0
20.7 -0.86058 3.4611 0 0
20.8 -1.12857 3.50071 0 0
20.9 -1.38794 3.54072 0 0
21 -1.63604 3.58112 0 0
21.1 -1.87025 3.62194 0 0
21.2 -2.08811 3.66316 0 0
21.3 -2.28726 3.70479 0 0
21.4 -2.46553 3.74683 0 0
21.5 -2.62093 3.7893 0 0
21.6 -2.75167 3.8322 0 0
21.7 -2.8562 3.87552 0 0
21.8 -2.93322 3.91927 0 0
21.9 -2.98167 3.96347 0 0
22 -3.00079 4.0081 0 0
22.1 -2.9901 4.05318 0 0
22.2 -2.9494 4.09871 0 0
22.3 -2.87879 4.1447 0 0
22.4 -2.7787 4.19115 0 0
22.5 -2.64981 4.23806 0 0
22.6 -2.49314 4.28544 0 0
22.7 -2.30997 4.33329 0 0
22.8 -2.10187 4.38163 0 0
22.9 -1.87067 4.43044 0 0
23 -1.61845 4.47975 0 0
23.1 -1.34752 4.52955 0 0
23.2 -1.06041 4.57984 0 0
23.3 -0.759821 4.63064 0 0
23.4 -0.44863 4.68195 0 0
23.5 -0.129842 4.73376 0 0
23.6 0.193433 4.7861 0 0
23.7 0.518007 4.83896 0 0
23.8 0.840646 4.89235 0 0
23.9 1.1581 4.94628 0 0
24 1.46716 5.00074 0 0
24.1 1.76463 5.05575 0 0
24.2 2.04743 5.1113 0 0
24.3 2.31258 5.16742 0 0
24.4 2.55726 5.22409 0 0
24.5 2.77882 5.28133 0 0
24.6 2.9748 5.33915 0 0
24.7 3.14299 5.39754 0 0
24.8 3.28143 5.45651 0 0
24.9 3.38845 5.51608 0 0
25 3.46265 5.57624 0 0
25.1 3.50297 5.637 0 0
25.2 3.50865 5.69837 0 0
25.3 3.47931 5.76035 0 0
25.4 3.41489 5.82296 0 0
25.5 3.31567 5.88619 0 0
25.6 3.1823 5.95005 0 0
25.7 3.01577 6.01455 0 0
25.8 2.81743 6.0797 0 0
25.9 2.58892 6.14549 0 0
26 2.33224 6.21195 0 0
26.1 2.04967 6.27907 0 0
26.2 1.74378 6.34686 0 0
26.3 1.41739 6.41533 0 0
26.4 1.07356 6.48448 0 0
26.5 0.715563 6.55432 0 0
26.6 0.346827 6.62487 0 0
26.7 -0.0290645 6.69612 0 0
26.8 -0.408424 6.76808 0 0
26.9 -0.787494 6.84076 0 0
27 -1.16248 6.91417 0 0
27.1 -1.52959 6.98831 0 0
27.2 -1.88507 7.06319 0 0
27.3 -2.22526 7.13882 0 0
27.4 -2.5466 7.21521 0 0
27.5 -2.84569 7.29236 0 0
27.6 -3.11931 7.37029 0 0
27.7 -3.36447 7.44899 0 0
27.8 -3.57844 7.52848 0 0
27.9 -3.75877 7.60876 0 0
28 -3.90331 7.68985 0 0
28.1 -4.01026 7.77175 0 0
28.2 -4.07818 7.85447 0 0
28.3 -4.106 7.93801 0 0
28.4 -4.09303 8.02239 0 0
28.5 -4.03901 8.10762 0 0
28.6 -3.94405 8.19369 0 0
28.7 -3.80871 8.28063 0 0
28.8 -3.63392 8.36844 0 0
28.9 -3.42105 8.45712 0 0
29 -3.17184 8.54669 0 0
29.1 -2.88842 8.63716 0 0
29.2 -2.57328 8.72853 0 0
29.3 -2.22925 8.82082 0 0
29.4 -1.8595 8.91402 0 0
29.5 -1.46745 9.00816 0 0
29.6 -1.0568 9.10325 0 0
29.7 -0.631482 9.19928 0 0
29.8 -0.195595 9.29627 0 0
29.9 0.246608 9.39423 0 0
30 0.690766 9.49318 0 0
30.1 1.13246 9.59311 0 0
30.2 1.56724 9.69404 0 0
30.3 1.9907 9.79598 0 0
30.4 2.39849 9.89894 0 0
30.5 2.78637 10.0029 0 0
30.6 3.15027 10.108 0 0
30.7 3.4863 10.214 0 0
30.8 3.79083 10.3212 0 0
30.9 4.06049 10.4294 0 0
31 4.29225 10.5387 0 0
31.1 4.4834 10.6491 0 0
31.2 4.63163 10.7606 0 0
31.3 4.73503 10.8732 0 0
31.4 4.79211 10.9869 0 0
31.5 4.80184 11.1018 0 0
31.6 4.76365 11.2178 0 0
31.7 4.67744 11.335 0 0
31.8 4.54359 11.4533 0 0
31.9 4.36297 11.5728 0 0
32 4.13692 11.6936 0 0
32.1 3.86723 11.8155 0 0
32.2 3.55617 11.9387 0 0
32.3 3.20645 12.0631 0 0
32.4 2.82116 12.1887 0 0
32.5 2.4038 12.3156 0 0
32.6 1.95824 12.4437 0 0
32.7 1.48863 12.5732 0 0
32.8 0.999448 12.7039 0 0
32.9 0.495376 12.8359 0 0
33 -0.0186906 12.9693 0 0
33.1 -0.537711 13.104 0 0
33.2 -1.05654 13.24 0 0
33.3 -1.57 13.3774 0 0
33.4 -2.07289 13.5162 0 0
33.5 -2.56008 13.6564 0 0
33.6 -3.02655 13.7979 0 0
33.7 -3.46741 13.9409 0 0
33.8 -3.878 14.0853 0 0
33.9 -4.25392 14.2312 0 0
34 -4.59107 14.3785 0 0
34.1 -4.88567 14.5273 0 0
34.2 -5.13436 14.6775 0 0
34.3 -5.3342 14.8293 0 0
34.4 -5.48269 14.9826 0 0
34.5 -5.57784 15.1374 0 0
34.6 -5.61816 15.2938 0 0
34.7 -5.6027 15.4517 0 0
34.8 -5.53107 15.6113 0 0
34.9 -5.4034 15.7724 0 0
35 -5.22043 15.9351 0 0
35.1 -4.98342 16.0994 0 0
35.2 -4.69421 16.2654 0 0
35.3 -4.35516 16.4331 0 0
35.4 -3.96917 16.6024 0 0
35.5 -3.53963 16.7734 0 0
35.6 -3.07039 16.9462 0 0
35.7 -2.56577 17.1206 0 0
35.8 -2.03043 17.2969 0 0
35.9 -1.46944 17.4748 0 0
36 -0.888147 17.6546 0 0
36.1 -0.292158 17.8361 0 0
36.2 0.312713 18.0195 0 0
36.3 0.920506 18.2047 0 0
36.4 1.52517 18.3917 0 0
36.5 2.12063 18.5806 0 0
36.6 2.70084 18.7714 0 0
36.7 3.25984 18.9642 0 0
36.8 3.79184 19.1588 0 0
36.9 4.29123 19.3554 0 0
37 4.75271 19.5539 0 0
37.1 5.17127 19.7545 0 0
37.2 5.54231 19.957 0 0
37.3 5.86164 20.1616 0 0
37.4 6.12554 20.3682 0 0
37.5 6.33082 20.5769 0 0
37.6 6.47485 20.7877 0 0
37.7 6.55557 21.0005 0 0
37.8 6.57155 21.2155 0 0
37.9 6.52197 21.4327 0 0
38 6.40667 21.652 0 0
38.1 6.22615 21.8735 0 0
38.2 5.98157 22.0973 0 0
38.3 5.67472 22.3233 0 0
38.4 5.30806 22.5515 0 0
38.5 4.88465 22.782 0 0
38.6 4.40816 23.0148 0 0
38.7 3.88283 23.25 0 0
38.8 3.31341 23.4875 0 0
38.9 2.70516 23.7273 0 0
39 2.06378 23.9696 0 0
39.1 1.39535 24.2143 0 0
39.2 0.706283 24.4615 0 0
39.3 0.00325992 24.7111 0 0
39.4 -0.706825 24.9632 0 0
39.5 -1.41694 25.2178 0 0
39.6 -2.11999 25.475 0 0
39.7 -2.80887 25.7347 0 0
39.8 -3.47655 25.9971 0 0
39.9 -4.11615 26.2621 0 0
40 -4.72097 26.5297 0 0
40.1 -5.28464 26.8 0 0
40.2 -5.80109 27.073 0 0
40.3 -6.2647 27.3487 0 0
40.4 -6.6703 27.6272 0 0
40.5 -7.01325 27.9085 0 0
40.6 -7.2895 28.1925 0 0
40.7 -7.49561 28.4795 0 0
40.8 -7.62883 28.7693 0 0
40.9 -7.6871 29.062 0 0
41 -7.66907 29.3576 0 0
41.1 -7.57418 29.6562 0 0
41.2 -7.40259 29.9577 0 0
41.3 -7.15526 30.2623 0 0
41.4 -6.83391 30.5699 0 0
41.5 -6.441 30.8806 0 0
41.6 -5.97976 31.1944 0 0
41.7 -5.4541 31.5114 0 0
41.8 -4.86865 31.8315 0 0
41.9 -4.22866 32.1548 0 0
42 -3.53998 32.4813 0 0
42.1 -2.80901 32.8112 0 0
42.2 -2.04264 33.1443 0 0
42.3 -1.24819 33.4807 0 0
42.4 -0.433302 33.8205 0 0
42.5 0.394063 34.1637 0 0
42.6 1.22576 34.5104 0 0
42.7 2.05352 34.8605 0 0
42.8 2.86902 35.2141 0 0
42.9 3.66398 35.5712 0 0
43 4.43026 35.9319 0 0
43.1 5.15989 36.2962 0 0
43.2 5.84522 36.6642 0 0
43.3 6.47896 37.0358 0 0
43.4 7.05424 37.4112 0 0
43.5 7.56473 37.7903 0 0
43.6 8.00468 38.1732 0 0
43.7 8.36898 38.56 0 0
43.8 8.65323 38.9506 0 0
43.9 8.8538 39.3451 0 0
44 8.96783 39.7435 0 0
44.1 8.99333 40.1459 0 0
44.2 8.92914 40.5524 0 0
44.3 8.77503 40.9629 0 0
44.4 8.53162 41.3776 0 0
44.5 8.20046 41.7963 0 0
44.6 7.78398 42.2193 0 0
44.7 7.28551 42.6465 0 0
44.8 6.70919 43.078 0 0
44.9 6.06001 43.5137 0 0
45 5.34375 43.9539 0 0
45.1 4.56688 44.3984 0 0
45.2 3.73658 44.8474 0 0
45.3 2.8606 45.3009 0 0
45.4 1.94727 45.7589 0 0
45.5 1.00532 46.2215 0 0
45.6 0.0439038 46.6887 0 0
45.7 -0.927566 47.1606 0 0
45.8 -1.89948 47.6372 0 0
45.9 -2.86211 48.1185 0 0
46 -3.80575 48.6047 0 0
46.1 -4.72077 49.0958 0 0
46.2 -5.59773 49.5917 0 0
46.3 -6.42748 50.0927 0 0
46.4 -7.20125 50.5986 0 0
46.5 -7.91075 51.1096 0 0
46.6 -8.54824 51.6257 0 0
46.7 -9.10662 52.1469 0 0
46.8 -9.57952 52.6734 0 0
46.9 -9.96135 53.2051 0 0
47 -10.2474 53.7422 0 0
47.1 -10.4338 54.2846 0 0
47.2 -10.5178 54.8324 0 0
47.3 -10.4974 55.3858 0 0
47.4 -10.3718 55.9446 0 0
47.5 -10.1413 56.5091 0 0
47.6 -9.80701 57.0792 0 0
47.7 -9.37134 57.6549 0 0
47.8 -8.8376 58.2365 0 0
47.9 -8.21014 58.8239 0 0
48 -7.49431 59.4171 0 0
48.1 -6.69638 60.0163 0 0
48.2 -5.8235 60.6214 0 0
48.3 -4.88366 61.2326 0 0
48.4 -3.88559 61.85 0 0
48.5 -2.83868 62.4735 0 0
48.6 -1.75291 63.1032 0 0
48.7 -0.638762 63.7392 0 0
48.8 0.492921 64.3816 0 0
48.9 1.63099 65.0305 0 0
49 2.76413 65.6858 0 0
49.1 3.88096 66.3476 0 0
49.2 4.97015 67.0161 0 0
49.3 6.02053 67.6913 0 0
49.4 7.02121 68.3732 0 0
49.5 7.96168 69.0619 0 0
49.6 8.83194 69.7575 0 0
49.7 9.62259 70.4601 0 0
49.8 10.3249 71.1697 0 0
49.9 10.931 71.8864 0 0
50 11.4339 72.6103 0 0
50.1 11.8274 73.3414 0 0
50.2 12.1066 74.0798 0 0
50.3 12.2675 74.8256 0 0
50.4 12.3074 75.5788 0 0
50.5 12.2246 76.3396 0 0
50.6 12.0187 77.108 0 0
50.7 11.6906 77.8841 0 0
50.8 11.2422 78.6679 0 0
50.9 10.677 79.4596 0 0
51 9.99936 80.2592 0 0
51.1 9.21494 81.0668 0 0
51.2 8.33053 81.8825 0 0
51.3 7.35396 82.7063 0 0
51.4 6.2941 83.5383 0 0
51.5 5.16069 84.3787 0 0
51.6 3.96434 85.2275 0 0
51.7 2.71639 86.0848 0 0
51.8 1.42879 86.9506 0 0
51.9 0.114028 87.8251 0 0
52 -1.21502 88.7084 0 0
52.1 -2.54521 89.6005 0 0
52.2 -3.86325 90.5015 0 0
52.3 -5.15584 91.4115 0 0
52.4 -6.40979 92.3306 0 0
52.5 -7.61219 93.2589 0 0
52.6 -8.75049 94.1965 0 0
52.7 -9.81267 95.1435 0 0
52.8 -10.7873 96.0999 0 0
52.9 -11.6639 97.0659 0 0
53 -12.4326 98.0416 0 0
53.1 -13.0846 99.027 0 0
53.2 -13.6123 100.022 0 0
53.3 -14.0092 101.027 0 0
53.4 -14.2699 102.043 0 0
53.5 -14.3905 103.068 0 0
53.6 -14.3685 104.104 0 0
53.7 -14.2025 105.15 0 0
53.8 -13.8929 106.206 0 0
53.9 -13.4412 107.273 0 0
54 -12.8506 108.351 0 0
54.1 -12.1256 109.44 0 0
54.2 -11.2721 110.539 0 0
54.3 -10.2973 111.65 0 0
54.4 -9.20984 112.771 0 0
54.5 -8.01938 113.904 0 0
54.6 -6.73681 115.048 0 0
54.7 -5.37405 116.203 0 0
54.8 -3.94393 117.37 0 0
54.9 -2.46006 118.549 0 0
55 -0.936756 119.739 0 0
55.1 0.61115 120.942 0 0
55.2 2.16842 122.156 0 0
55.3 3.71959 123.383 0 0
55.4 5.24906 124.622 0 0
55.5 6.74135 125.873 0 0
55.6 8.18114 127.137 0 0
55.7 9.55352 128.413 0 0
55.8 10.8441 129.702 0 0
55.9 12.0391 131.004 0 0
56 13.1257 132.319 0 0
56.1 14.0919 133.647 0 0
56.2 14.9268 134.989 0 0
56.3 15.6209 136.344 0 0
56.4 16.1656 137.712 0 0
56.5 16.5542 139.094 0 0
56.6 16.7811 140.49 0 0
56.7 16.8424 141.9 0 0
56.8 16.7359 143.324 0 0
56.9 16.4611 144.762 0 0
57 16.0188 146.215 0 0
57.1 15.412 147.682 0 0
57.2 14.6449 149.164 0 0
57.3 13.7238 150.661 0 0
57.4 12.6561 152.172 0 0
57.5 11.4513 153.699 0 0
57.6 10.1199 155.241 0 0
57.7 8.67395 156.798 0 0
57.8 7.12682 158.371 0 0
57.9 5.49296 159.96 0 0
58 3.78783 161.565 0 0
58.1 2.02777 163.185 0 0
58.2 0.229829 164.822 0 0
58.3 -1.58839 166.475 0 0
58.4 -3.4089 168.145 0 0
58.5 -5.21354 169.832 0 0
58.6 -6.98408 171.535 0 0
58.7 -8.70248 173.255 0 0
58.8 -10.3511 174.993 0 0
58.9 -11.9126 176.748 0 0
59 -13.3706 178.52 0 0
59.1 -14.7095 180.31 0 0
59.2 -15.9147 182.118 0 0
59.3 -16.9728 183.945 0 0
59.4 -17.8718 185.789 0 0
59.5 -18.601 187.652 0 0
59.6 -19.1515 189.533 0 0
59.7 -19.516 191.434 0 0
59.8 -19.689 193.353 0 0
59.9 -19.6668 195.292 0 0
60 -19.4478 197.25 0 0
60.1 -19.032 199.227 0 0
60.2 -18.4218 201.224 0 0
60.3 -17.6213 203.242 0 0
60.4 -16.6365 205.279 0 0
60.5 -15.4756 207.337 0 0
60.6 -14.1482 209.415 0 0
60.7 -12.6662 211.514 0 0
60.8 -11.0426 213.634 0 0
60.9 -9.29237 215.776 0 0
61 -7.43172 217.939 0 0
61.1 -5.47814 220.123 0 0
61.2 -3.45024 222.329 0 0
61.3 -1.36756 224.558 0 0
61.4 0.749614 226.808 0 0
61.5 2.88047 229.081 0 0
61.6 5.00383 231.377 0 0
61.7 7.09838 233.696 0 0
61.8 9.1429 236.038 0 0
61.9 11.1164 238.403 0 0
62 12.9985 240.792 0 0
62.1 14.7695 243.205 0 0
62.2 16.4104 245.642 0 0
62.3 17.9037 248.104 0 0
62.4 19.2328 250.59 0 0
62.5 20.383 253.1 0 0
62.6 21.3407 255.636 0 0
62.7 22.0947 258.198 0 0
62.8 22.6353 260.785 0 0
62.9 22.9549 263.398 0 0
63 23.0481 266.037 0 0
63.1 22.9118 268.702 0 0
63.2 22.545 271.394 0 0
63.3 21.9491 274.113 0 0
63.4 21.1278 276.859 0 0
63.5 20.087 279.633 0 0
63.6 18.8348 282.434 0 0
63.7 17.3819 285.263 0 0
63.8 15.7405 288.121 0 0
63.9 13.9254 291.007 0 0
64 11.9528 293.922 0 0
64.1 9.84101 296.866 0 0
64.2 7.60967 299.84 0 0
64.3 5.27992 302.844 0 0
64.4 2.87407 305.877 0 0
64.5 0.415429 308.941 0 0
64.6 -2.07196 312.035 0 0
64.7 -4.5635 315.16 0 0
64.8 -7.03432 318.317 0 0
64.9 -9.4595 321.505 0 0
65 -11.8143 324.725 0 0
65.1 -14.0746 327.978 0 0
65.2 -16.2167 331.262 0 0
65.3 -18.2181 334.58 0 0
65.4 -20.0572 337.931 0 0
65.5 -21.7143 341.315 0 0
65.6 -23.1707 344.733 0 0
65.7 -24.41 348.186 0 0
65.8 -25.4176 351.672 0 0
65.9 -26.1811 355.194 0 0
66 -26.6904 358.751 0 0
66.1 -26.9379 362.344 0 0
66.2 -26.9185 365.972 0 0
66.3 -26.6297 369.637 0 0
66.4 -26.0717 373.338 0 0
66.5 -25.2475 377.076 0 0
66.6 -24.1625 380.852 0 0
66.7 -22.825 384.666 0 0
66.8 -21.246 388.517 0 0
66.9 -19.4386 392.408 0 0
67 -17.4188 396.337 0 0
67.1 -15.2047 400.305 0 0
67.2 -12.8163 404.313 0 0
67.3 -10.2759 408.361 0 0
67.4 -7.60732 412.45 0 0
67.5 -4.83598 416.579 0 0
67.6 -1.98858 420.75 0 0
67.7 0.907187 424.963 0 0
67.8 3.82284 429.217 0 0
67.9 6.72942 433.514 0 0
68 9.59777 437.855 0 0
68.1 12.3988 442.238 0 0
68.2 15.1039 446.666 0 0
68.3 17.685 451.137 0 0
68.4 20.115 455.654 0 0
68.5 22.3682 460.215 0 0
68.6 24.4203 464.822 0 0
68.7 26.2487 469.475 0 0
68.8 27.8328 474.175 0 0
68.9 29.1545 478.922 0 0
69 30.1979 483.716 0 0
69.1 30.9497 488.558 0 0
69.2 31.3995 493.449 0 0
69.3 31.5398 498.388 0 0
69.4 31.3662 503.377 0 0
69.5 30.8771 508.416 0 0
69.6 30.0744 513.505 0 0
69.7 28.9629 518.645 0 0
69.8 27.5506 523.837 0 0
69.9 25.8488 529.08 0 0
70 23.8714 534.376 0 0
70.1 21.6355 539.725 0 0
70.2 19.161 545.127 0 0
70.3 16.47 550.583 0 0
70.4 13.5875 556.094 0 0
70.5 10.5402 561.66 0 0
70.6 7.35713 567.282 0 0
70.7 4.06861 572.959 0 0
70.8 0.706521 578.694 0 0
70.9 -2.69626 584.486 0 0
71 -6.1061 590.336 0 0
71.1 -9.48898 596.244 0 0
71.2 -12.8108 602.212 0 0
71.3 -16.0377 608.239 0 0
71.4 -19.1365 614.326 0 0
71.5 -22.075 620.474 0 0
71.6 -24.8221 626.684 0 0
71.7 -27.3484 632.956 0 0
71.8 -29.6265 639.29 0 0
71.9 -31.6311 645.688 0 0
72 -33.3395 652.15 0 0
72.1 -34.7315 658.677 0 0
72.2 -35.7902 665.269 0 0
72.3 -36.5015 671.926 0 0
72.4 -36.855 678.65 0 0
72.5 -36.8434 685.442 0 0
72.6 -36.4632 692.301 0 0
72.7 -35.7147 699.229 0 0
72.8 -34.6015 706.227 0 0
72.9 -33.1311 713.294 0 0
73 -31.3148 720.432 0 0
73.1 -29.1671 727.641 0 0
73.2 -26.7063 734.923 0 0
73.3 -23.9538 742.277 0 0
73.4 -20.9343 749.705 0 0
73.5 -17.6752 757.207 0 0
73.6 -14.2067 764.784 0 0
73.7 -10.5616 772.437 0 0
73.8 -6.77431 780.166 0 0
73.9 -2.88144 787.973 0 0
74 1.07917 795.857 0 0
74.1 5.06859 803.821 0 0
74.2 9.04722 811.864 0 0
74.3 12.9752 819.988 0 0
74.4 16.8126 828.193 0 0
74.5 20.5204 836.48 0 0
74.6 24.06 844.849 0 0
74.7 27.3944 853.303 0 0
74.8 30.4881 861.841 0 0
74.9 33.308 870.464 0 0
75 35.823 879.174 0 0
75.1 38.0048 887.971 0 0
75.2 39.8285 896.855 0 0
75.3 41.2721 905.829 0 0
75.4 42.3174 914.892 0 0
75.5 42.95 924.046 0 0
75.6 43.1595 933.292 0 0
75.7 42.9394 942.63 0 0
75.8 42.2877 952.061 0 0
75.9 41.2067 961.586 0 0
76 39.7027 971.207 0 0
76.1 37.7867 980.924 0 0
76.2 35.4737 990.739 0 0
76.3 32.7828 1000.65 0 0
76.4 29.7372 1010.66 0 0
76.5 26.3637 1020.77 0 0
76.6 22.6929 1030.99 0 0
76.7 18.7584 1041.3 0 0
76.8 14.597 1051.72 0 0
76.9 10.248 1062.24 0 0
77 5.75305 1072.87 0 0
77.1 1.15561 1083.6 0 0
77.2 -3.49935 1094.44 0 0
77.3 -8.16587 1105.39 0 0
77.4 -12.7974 1116.45 0 0
77.5 -17.3473 1127.62 0 0
77.6 -21.7692 1138.9 0 0
77.7 -26.0176 1150.3 0 0
77.8 -30.0483 1161.81 0 0
77.9 -33.8189 1173.43 0 0
78 -37.2889 1185.17 0 0
78.1 -40.4208 1197.02 0 0
78.2 -43.1798 1209 0 0
78.3 -45.5346 1221.09 0 0
78.4 -47.4576 1233.31 0 0
78.5 -48.9252 1245.65 0 0
78.6 -49.9183 1258.11 0 0
78.7 -50.4221 1270.7 0 0
78.8 -50.4267 1283.41 0 0
78.9 -49.9272 1296.25 0 0
79 -48.9233 1309.21 0 0
79.1 -47.4202 1322.31 0 0
79.2 -45.4278 1335.54 0 0
79.3 -42.9612 1348.9 0 0
79.4 -40.0404 1362.39 0 0
79.5 -36.6899 1376.02 0 0
79.6 -32.9391 1389.79 0 0
79.7 -28.8213 1403.69 0 0
79.8 -24.3742 1417.73 0 0
79.9 -19.6388 1431.92 0 0
80 -14.6597 1446.24 0 0
80.1 -9.48421 1460.71 0 0
80.2 -4.16212 1475.32 0 0
80.3 1.25481 1490.08 0 0
80.4 6.71336 1504.98 0 0
80.5 12.1594 1520.04 0 0
80.6 17.5382 1535.24 0 0
80.7 22.7955 1550.6 0 0
80.8 27.8774 1566.11 0 0
80.9 32.7314 1581.78 0 0
81 37.3065 1597.6 0 0
81.1 41.5544 1613.58 0 0
81.2 45.4292 1629.72 0 0
81.3 48.8884 1646.02 0 0
81.4 51.8934 1662.49 0 0
81.5 54.4094 1679.12 0 0
81.6 56.4066 1695.92 0 0
81.7 57.8596 1712.88 0 0
81.8 58.7486 1730.01 0 0
81.9 59.0589 1747.32 0 0
82 58.7818 1764.8 0 0
82.1 57.9141 1782.45 0 0
82.2 56.4586 1800.28 0 0
82.3 54.424 1818.29 0 0
82.4 51.8247 1836.48 0 0
82.5 48.6812 1854.85 0 0
82.6 45.0195 1873.4 0 0
82.7 40.871 1892.14 0 0
82.8 36.2722 1911.06 0 0
82.9 31.2648 1930.18 0 0
83 25.8946 1949.49 0 0
83.1 20.2118 1968.99 0 0
83.2 14.27 1988.68 0 0
83.3 8.12616 2008.57 0 0
83.4 1.83958 2028.66 0 0
83.5 -4.52827 2048.96 0 0
83.6 -10.9145 2069.45 0 0
83.7 -17.2555 2090.15 0 0
83.8 -23.4873 2111.06 0 0
83.9 -29.5465 2132.17 0 0
84 -35.3709 2153.5 0 0
84.1 -40.8998 2175.04 0 0
84.2 -46.075 2196.79 0 0
84.3 -50.8413 2218.77 0 0
84.4 -55.1467 2240.96 0 0
84.5 -58.9438 2263.37 0 0
84.6 -62.1894 2286.01 0 0
84.7 -64.8455 2308.88 0 0
84.8 -66.8797 2331.97 0 0
84.9 -68.2655 2355.3 0 0
85 -68.9825 2378.85 0 0
85.1 -69.0169 2402.65 0 0
85.2 -68.3614 2426.68 0 0
85.3 -67.0157 2450.95 0 0
85.4 -64.9865 2475.47 0 0
85.5 -62.2871 2500.23 0 0
85.6 -58.9378 2525.23 0 0
85.7 -54.9656 2550.49 0 0
85.8 -50.4041 2576 0 0
85.9 -45.2929 2601.76 0 0
86 -39.6776 2627.79 0 0
86.1 -33.6095 2654.07 0 0
86.2 -27.1445 2680.62 0 0
86.3 -20.3435 2707.43 0 0
86.4 -13.271 2734.51 0 0
86.5 -5.99512 2761.86 0 0
86.6 1.4135 2789.48 0 0
86.7 8.88208 2817.38 0 0
86.8 16.3365 2845.56 0 0
86.9 23.7021 2874.02 0 0
87 30.9044 2902.76 0 0
87.1 37.8696 2931.8 0 0
87.2 44.5258 2961.12 0 0
87.3 50.8033 2990.74 0 0
87.4 56.6355 3020.65 0 0
87.5 61.9597 3050.86 0 0
87.6 66.7176 3081.37 0 0
87.7 70.8558 3112.19 0 0
87.8 74.3269 3143.32 0 0
87.9 77.0894 3174.76 0 0
88 79.1087 3206.51 0 0
88.1 80.357 3238.58 0 0
88.2 80.8143 3270.97 0 0
88.3 80.468 3303.69 0 0
88.4 79.3135 3336.73 0 0
88.5 77.3544 3370.1 0 0
88.6 74.6021 3403.81 0 0
88.7 71.0763 3437.85 0 0
88.8 66.8045 3472.23 0 0
88.9 61.8219 3506.96 0 0
89 56.1713 3542.03 0 0
89.1 49.9024 3577.46 0 0
89.2 43.0718 3613.24 0 0
89.3 35.7423 3649.38 0 0
89.4 27.9819 3685.88 0 0
89.5 19.8642 3722.74 0 0
89.6 11.4667 3759.97 0 0
89.7 2.87046 3797.58 0 0
89.8 -5.84041 3835.56 0 0
89.9 -14.58 3873.92 0 0
90 -23.2611 3912.66 0 0
90.1 -31.7965 3951.79 0 0
90.2 -40.0993 3991.32 0 0
90.3 -48.084 4031.23 0 0
90.4 -55.6678 4071.55 0 0
90.5 -62.7708 4112.27 0 0
90.6 -69.3171 4153.4 0 0
90.7 -75.2356 4194.94 0 0
90.8 -80.461 4236.89 0 0
90.9 -84.9341 4279.27 0 0
91 -88.6025 4322.06 0 0
91.1 -91.4216 4365.29 0 0
91.2 -93.3547 4408.95 0 0
91.3 -94.3735 4453.04 0 0
91.4 -94.4588 4497.58 0 0
91.5 -93.6004 4542.56 0 0
91.6 -91.7974 4587.99 0 0
91.7 -89.0583 4633.87 0 0
91.8 -85.4013 4680.22 0 0
91.9 -80.8537 4727.03 0 0
92 -75.4522 4774.3 0 0
92.1 -69.242 4822.05 0 0
92.2 -62.2774 4870.27 0 0
92.3 -54.6203 4918.98 0 0
92.4 -46.3404 4968.18 0 0
92.5 -37.5144 5017.86 0 0
92.6 -28.2249 5068.05 0 0
92.7 -18.5603 5118.73 0 0
92.8 -8.6135 5169.93 0 0
92.9 1.51896 5221.63 0 0
93 11.7375 5273.85 0 0
93.1 21.9409 5326.59 0 0
93.2 32.027 5379.87 0 0
93.3 41.8936 5433.67 0 0
93.4 51.4399 5488.01 0 0
93.5 60.5673 5542.9 0 0
93.6 69.1803 5598.33 0 0
93.7 77.1877 5654.32 0 0
93.8 84.5032 5710.87 0 0
93.9 91.0469 5767.98 0 0
94 96.7455 5825.66 0 0
94.1 101.534 5883.93 0 0
94.2 105.354 5942.77 0 0
94.3 108.16 6002.2 0 0
94.4 109.912 6062.23 0 0
94.5 110.582 6122.86 0 0
94.6 110.153 6184.09 0 0
94.7 108.618 6245.94 0 0
94.8 105.982 6308.4 0 0
94.9 102.259 6371.49 0 0
95 97.4772 6435.21 0 0
95.1 91.6724 6499.57 0 0
95.2 84.8928 6564.57 0 0
95.3 77.1965 6630.22 0 0
95.4 68.6512 6696.53 0 0
95.5 59.334 6763.5 0 0
95.6 49.3303 6831.14 0 0
95.7 38.7332 6899.45 0 0
95.8 27.6428 6968.45 0 0
95.9 16.1651 7038.14 0 0
96 4.41096 7108.53 0 0
96.1 -7.50483 7179.62 0 0
96.2 -19.4647 7251.42 0 0
96.3 -31.3496 7323.94 0 0
96.4 -43.0398 7397.18 0 0
96.5 -54.4165 7471.16 0 0
96.6 -65.3628 7545.88 0 0
96.7 -75.7649 7621.34 0 0
96.8 -85.5134 7697.56 0 0
96.9 -94.5043 7774.54 0 0
97 -102.64 7852.29 0 0
97.1 -109.831 7930.82 0 0
97.2 -115.995 8010.13 0 0
97.3 -121.061 8090.24 0 0
97.4 -124.967 8171.14 0 0
97.5 -127.662 8252.86 0 0
97.6 -129.108 8335.39 0 0
97.7 -129.277 8418.75 0 0
97.8 -128.155 8502.95 0 0
97.9 -125.741 8587.98 0 0
98 -122.044 8673.86 0 0
98.1 -117.091 8760.61 0 0
98.2 -110.917 8848.22 0 0
98.3 -103.571 8936.71 0 0
98.4 -95.1173 9026.08 0 0
98.5 -85.6274 9116.34 0 0
98.6 -75.1863 9207.51 0 0
98.7 -63.8889 9299.59 0 0
98.8 -51.8397 9392.59 0 0
98.9 -39.1516 9486.53 0 0
99 -25.945 9581.4 0 0
99.1 -12.347 9677.21 0 0
99.2 1.51047 9773.99 0 0
99.3 15.4914 9871.74 0 0
99.4 29.4573 9970.46 0 0
99.5 43.2682 10070.2 0 0
99.6 56.7846 10170.9 0 0
99.7 69.8682 10272.6 0 0
99.8 82.3841 10375.3 0 0
99.9 94.2012 10479.1 0 0
100 105.195 10583.9 0 0
